[2018-01-21 10:08:03:244] [videoyiAutoTest.VideoyiTestNGMain] [INFO] [44] [# # # # # # # # # # # # # # # # # # # # # # # # # # # ]
[2018-01-21 10:08:03:248] [videoyiAutoTest.VideoyiTestNGMain] [INFO] [45] [# # # # # # # # # #TEST Has Started# # # # # # # # # #]
[2018-01-21 10:08:03:293] [common.DriverManager] [INFO] [43] [# # # # # # # # #Executing on CHROME# # # # # # # # #]
[2018-01-21 10:08:14:537] [videoyiAutoTest.VideoyiTestNGMain] [INFO] [57] [# # # # # # # # #Open Test Application# # # # # # # #]
[2018-01-21 10:08:17:673] [videoyiTestCase.VideoyiLoginTest] [INFO] [42] [-----testVideoyiLogin Start.-----]
[2018-01-21 10:08:19:232] [videoyiTestCase.VideoyiLoginTest] [INFO] [50] [-----testVideoyiLogin 输入用户名 OK.-----]
[2018-01-21 10:08:20:373] [videoyiTestCase.VideoyiLoginTest] [INFO] [55] [-----testVideoyiLogin 输入密码 OK.-----]
[2018-01-21 10:08:22:030] [videoyiTestCase.VideoyiLoginTest] [INFO] [60] [-----testVideoyiLogin 点击登录 OK.-----]
[2018-01-21 10:08:22:058] [videoyiTestCase.VideoyiLoginTest] [INFO] [65] [-----testVideoyiLogin verify url：http://test.videoyi.cn/workorder/index-----]
[2018-01-21 10:08:23:059] [videoyiTestCase.VideoyiLoginTest] [INFO] [69] [-----testVideoyiLogin Success.-----]
[2018-01-21 10:08:26:077] [videoyiTestCase.WorkorderManagerTest] [INFO] [48] [-----testWorkorderManager Start.-----]
[2018-01-21 10:08:26:441] [videoyiTestCase.WorkorderManagerTest] [INFO] [52] [-----testWorkorderManager 导航：投放管理 OK.-----]
[2018-01-21 10:08:26:450] [videoyiTestCase.WorkorderManagerTest] [INFO] [58] [-----testWorkorderManager verify url：http://test.videoyi.cn/workorder/index-----]
[2018-01-21 10:08:27:450] [videoyiTestCase.WorkorderManagerTest] [INFO] [62] [-----testWorkorderManager Success.-----]
[2018-01-21 10:08:30:456] [videoyiTestCase.WorkorderManagerTest] [INFO] [615] [-----testWorkorderDramaList Start.-----]
[2018-01-21 10:08:35:268] [videoyiTestCase.WorkorderManagerTest] [INFO] [620] [-----testWorkorderDramaList 投放计划名称 OK.-----]
[2018-01-21 10:08:35:289] [videoyiTestCase.WorkorderManagerTest] [INFO] [625] [-----testWorkorderDramaList verify url：http://test.videoyi.cn/workorder/drama-list?work_id=727-----]
[2018-01-21 10:08:36:290] [videoyiTestCase.WorkorderManagerTest] [INFO] [629] [-----testWorkorderDramaList Success.-----]
[2018-01-21 10:08:39:299] [videoyiTestCase.WorkorderManagerTest] [INFO] [719] [-----testCreatePoint Start.-----]
[2018-01-21 10:09:09:366] [videoyiTestCase.WorkorderManagerTest] [ERROR] [801] [-----testCreatePoint failed.-----]
[2018-01-21 10:09:09:367] [videoyiTestCase.WorkorderManagerTest] [ERROR] [802] [org.openqa.selenium.NoSuchElementException: no such element: Unable to locate element: {"method":"xpath","selector":"//*[@id='app']/div[8]/div[3]/table/tbody/tr/td[10]/div/button[1]"}
  (Session info: chrome=63.0.3239.132)
  (Driver info: chromedriver=2.34.522940 (1a76f96f66e3ca7b8e57d503b4dd3bccfba87af1),platform=Windows NT 6.1.7601 SP1 x86_64) (WARNING: The server did not provide any stacktrace information)
Command duration or timeout: 30.05 seconds
For documentation on this error, please visit: http://seleniumhq.org/exceptions/no_such_element.html
Build info: version: '2.52.0', revision: '4c2593c', time: '2016-02-11 19:03:33'
System info: host: 'WIN-UBMLJ97RGF8', ip: '172.16.0.95', os.name: 'Windows 7', os.arch: 'amd64', os.version: '6.1', java.version: '1.8.0_65'
Driver info: org.openqa.selenium.chrome.ChromeDriver
Capabilities [{applicationCacheEnabled=false, rotatable=false, mobileEmulationEnabled=false, networkConnectionEnabled=false, chrome={chromedriverVersion=2.34.522940 (1a76f96f66e3ca7b8e57d503b4dd3bccfba87af1), userDataDir=C:\Users\ADMINI~1\AppData\Local\Temp\scoped_dir14316_3888}, takesHeapSnapshot=true, pageLoadStrategy=normal, databaseEnabled=false, handlesAlerts=true, hasTouchScreen=false, version=63.0.3239.132, platform=XP, browserConnectionEnabled=false, nativeEvents=true, acceptSslCerts=true, locationContextEnabled=true, webStorageEnabled=true, browserName=chrome, takesScreenshot=true, javascriptEnabled=true, cssSelectorsEnabled=true, setWindowRect=true, unexpectedAlertBehaviour=}]
Session ID: 554e250444a339f45c6e4218de654175
*** Element info: {Using=xpath, value=//*[@id='app']/div[8]/div[3]/table/tbody/tr/td[10]/div/button[1]}]
[2018-01-21 10:09:10:462] [videoyiAutoTest.VideoyiTestNGMain] [INFO] [73] [# # # # # # # #Close Test Application# # # # # # # #]
[2018-01-21 10:09:10:463] [videoyiAutoTest.VideoyiTestNGMain] [INFO] [74] [# # # # # # # # # #TEST Has Ended# # # # # # # # # #]
[2018-01-21 10:09:10:463] [videoyiAutoTest.VideoyiTestNGMain] [INFO] [75] [# # # # # # # # # # # # # # # # # # # # # # # # # # # ]
[2018-01-21 11:41:44:030] [videoyiAutoTest.VideoyiTestNGMain] [INFO] [44] [# # # # # # # # # # # # # # # # # # # # # # # # # # # ]
[2018-01-21 11:41:44:033] [videoyiAutoTest.VideoyiTestNGMain] [INFO] [45] [# # # # # # # # # #TEST Has Started# # # # # # # # # #]
[2018-01-21 11:41:44:035] [common.DriverManager] [INFO] [43] [# # # # # # # # #Executing on CHROME# # # # # # # # #]
[2018-01-21 11:41:51:450] [videoyiAutoTest.VideoyiTestNGMain] [INFO] [57] [# # # # # # # # #Open Test Application# # # # # # # #]
[2018-01-21 11:41:54:469] [videoyiTestCase.VideoyiLoginTest] [INFO] [42] [-----testVideoyiLogin Start.-----]
[2018-01-21 11:41:55:853] [videoyiTestCase.VideoyiLoginTest] [INFO] [50] [-----testVideoyiLogin 输入用户名 OK.-----]
[2018-01-21 11:41:56:975] [videoyiTestCase.VideoyiLoginTest] [INFO] [55] [-----testVideoyiLogin 输入密码 OK.-----]
[2018-01-21 11:41:58:652] [videoyiTestCase.VideoyiLoginTest] [INFO] [60] [-----testVideoyiLogin 点击登录 OK.-----]
[2018-01-21 11:41:58:680] [videoyiTestCase.VideoyiLoginTest] [INFO] [65] [-----testVideoyiLogin verify url：http://test.videoyi.cn/workorder/index-----]
[2018-01-21 11:41:59:681] [videoyiTestCase.VideoyiLoginTest] [INFO] [69] [-----testVideoyiLogin Success.-----]
[2018-01-21 11:42:02:687] [videoyiTestCase.WorkorderManagerTest] [INFO] [48] [-----testWorkorderManager Start.-----]
[2018-01-21 11:42:03:100] [videoyiTestCase.WorkorderManagerTest] [INFO] [52] [-----testWorkorderManager 导航：投放管理 OK.-----]
[2018-01-21 11:42:03:113] [videoyiTestCase.WorkorderManagerTest] [INFO] [58] [-----testWorkorderManager verify url：http://test.videoyi.cn/workorder/index-----]
[2018-01-21 11:42:04:114] [videoyiTestCase.WorkorderManagerTest] [INFO] [62] [-----testWorkorderManager Success.-----]
[2018-01-21 11:42:07:126] [videoyiTestCase.WorkorderManagerTest] [INFO] [615] [-----testWorkorderDramaList Start.-----]
[2018-01-21 11:42:11:810] [videoyiTestCase.WorkorderManagerTest] [INFO] [620] [-----testWorkorderDramaList 投放计划名称 OK.-----]
[2018-01-21 11:42:11:840] [videoyiTestCase.WorkorderManagerTest] [INFO] [625] [-----testWorkorderDramaList verify url：http://test.videoyi.cn/workorder/drama-list?work_id=727-----]
[2018-01-21 11:42:12:841] [videoyiTestCase.WorkorderManagerTest] [INFO] [629] [-----testWorkorderDramaList Success.-----]
[2018-01-21 11:42:15:847] [videoyiTestCase.WorkorderManagerTest] [INFO] [719] [-----testCreatePoint Start.-----]
[2018-01-21 11:42:19:426] [videoyiTestCase.WorkorderManagerTest] [INFO] [725] [-----testCreatePoint 点击添加智点 OK.-----]
[2018-01-21 11:42:19:480] [videoyiTestCase.WorkorderManagerTest] [ERROR] [801] [-----testCreatePoint failed.-----]
[2018-01-21 11:42:19:480] [videoyiTestCase.WorkorderManagerTest] [ERROR] [802] [org.openqa.selenium.support.ui.UnexpectedTagNameException: Element should have been "select" but was "input"
Build info: version: '2.52.0', revision: '4c2593c', time: '2016-02-11 19:03:33'
System info: host: 'WIN-UBMLJ97RGF8', ip: '172.16.0.95', os.name: 'Windows 7', os.arch: 'amd64', os.version: '6.1', java.version: '1.8.0_65'
Driver info: driver.version: unknown]
[2018-01-21 11:42:20:755] [videoyiAutoTest.VideoyiTestNGMain] [INFO] [73] [# # # # # # # #Close Test Application# # # # # # # #]
[2018-01-21 11:42:20:756] [videoyiAutoTest.VideoyiTestNGMain] [INFO] [74] [# # # # # # # # # #TEST Has Ended# # # # # # # # # #]
[2018-01-21 11:42:20:756] [videoyiAutoTest.VideoyiTestNGMain] [INFO] [75] [# # # # # # # # # # # # # # # # # # # # # # # # # # # ]
[2018-01-21 11:43:28:485] [videoyiAutoTest.VideoyiTestNGMain] [INFO] [44] [# # # # # # # # # # # # # # # # # # # # # # # # # # # ]
[2018-01-21 11:43:28:488] [videoyiAutoTest.VideoyiTestNGMain] [INFO] [45] [# # # # # # # # # #TEST Has Started# # # # # # # # # #]
[2018-01-21 11:43:28:490] [common.DriverManager] [INFO] [43] [# # # # # # # # #Executing on CHROME# # # # # # # # #]
[2018-01-21 11:43:35:409] [videoyiAutoTest.VideoyiTestNGMain] [INFO] [57] [# # # # # # # # #Open Test Application# # # # # # # #]
[2018-01-21 11:43:38:430] [videoyiTestCase.VideoyiLoginTest] [INFO] [42] [-----testVideoyiLogin Start.-----]
[2018-01-21 11:43:39:855] [videoyiTestCase.VideoyiLoginTest] [INFO] [50] [-----testVideoyiLogin 输入用户名 OK.-----]
[2018-01-21 11:43:40:977] [videoyiTestCase.VideoyiLoginTest] [INFO] [55] [-----testVideoyiLogin 输入密码 OK.-----]
[2018-01-21 11:43:42:494] [videoyiTestCase.VideoyiLoginTest] [INFO] [60] [-----testVideoyiLogin 点击登录 OK.-----]
[2018-01-21 11:43:42:519] [videoyiTestCase.VideoyiLoginTest] [INFO] [65] [-----testVideoyiLogin verify url：http://test.videoyi.cn/workorder/index-----]
[2018-01-21 11:43:43:519] [videoyiTestCase.VideoyiLoginTest] [INFO] [69] [-----testVideoyiLogin Success.-----]
[2018-01-21 11:43:46:545] [videoyiTestCase.WorkorderManagerTest] [INFO] [48] [-----testWorkorderManager Start.-----]
[2018-01-21 11:43:47:013] [videoyiTestCase.WorkorderManagerTest] [INFO] [52] [-----testWorkorderManager 导航：投放管理 OK.-----]
[2018-01-21 11:43:47:023] [videoyiTestCase.WorkorderManagerTest] [INFO] [58] [-----testWorkorderManager verify url：http://test.videoyi.cn/workorder/index-----]
[2018-01-21 11:43:48:025] [videoyiTestCase.WorkorderManagerTest] [INFO] [62] [-----testWorkorderManager Success.-----]
[2018-01-21 11:43:51:035] [videoyiTestCase.WorkorderManagerTest] [INFO] [615] [-----testWorkorderDramaList Start.-----]
[2018-01-21 11:43:55:667] [videoyiTestCase.WorkorderManagerTest] [INFO] [620] [-----testWorkorderDramaList 投放计划名称 OK.-----]
[2018-01-21 11:43:55:674] [videoyiTestCase.WorkorderManagerTest] [INFO] [625] [-----testWorkorderDramaList verify url：http://test.videoyi.cn/workorder/drama-list?work_id=727-----]
[2018-01-21 11:43:56:674] [videoyiTestCase.WorkorderManagerTest] [INFO] [629] [-----testWorkorderDramaList Success.-----]
[2018-01-21 11:43:59:687] [videoyiTestCase.WorkorderManagerTest] [INFO] [719] [-----testCreatePoint Start.-----]
[2018-01-21 11:44:03:127] [videoyiTestCase.WorkorderManagerTest] [INFO] [725] [-----testCreatePoint 点击添加智点 OK.-----]
[2018-01-21 11:44:04:380] [videoyiTestCase.WorkorderManagerTest] [INFO] [731] [-----testCreatePoint 选择类型：易植贴OK.-----]
[2018-01-21 11:44:04:454] [videoyiTestCase.WorkorderManagerTest] [ERROR] [800] [-----testCreatePoint failed.-----]
[2018-01-21 11:44:04:454] [videoyiTestCase.WorkorderManagerTest] [ERROR] [801] [org.openqa.selenium.WebDriverException: unknown error: Element <span class="el-radio__input is-checked">...</span> is not clickable at point (368, 152). Other element would receive the click: <li class="el-select-dropdown__item selected">...</li>
  (Session info: chrome=63.0.3239.132)
  (Driver info: chromedriver=2.34.522940 (1a76f96f66e3ca7b8e57d503b4dd3bccfba87af1),platform=Windows NT 6.1.7601 SP1 x86_64) (WARNING: The server did not provide any stacktrace information)
Command duration or timeout: 53 milliseconds
Build info: version: '2.52.0', revision: '4c2593c', time: '2016-02-11 19:03:33'
System info: host: 'WIN-UBMLJ97RGF8', ip: '172.16.0.95', os.name: 'Windows 7', os.arch: 'amd64', os.version: '6.1', java.version: '1.8.0_65'
Driver info: org.openqa.selenium.chrome.ChromeDriver
Capabilities [{applicationCacheEnabled=false, rotatable=false, mobileEmulationEnabled=false, networkConnectionEnabled=false, chrome={chromedriverVersion=2.34.522940 (1a76f96f66e3ca7b8e57d503b4dd3bccfba87af1), userDataDir=C:\Users\ADMINI~1\AppData\Local\Temp\scoped_dir4924_5348}, takesHeapSnapshot=true, pageLoadStrategy=normal, databaseEnabled=false, handlesAlerts=true, hasTouchScreen=false, version=63.0.3239.132, platform=XP, browserConnectionEnabled=false, nativeEvents=true, acceptSslCerts=true, locationContextEnabled=true, webStorageEnabled=true, browserName=chrome, takesScreenshot=true, javascriptEnabled=true, cssSelectorsEnabled=true, setWindowRect=true, unexpectedAlertBehaviour=}]
Session ID: 8620cc30b152bc16617fe7ecb1c84d44]
[2018-01-21 11:44:05:538] [videoyiAutoTest.VideoyiTestNGMain] [INFO] [73] [# # # # # # # #Close Test Application# # # # # # # #]
[2018-01-21 11:44:05:538] [videoyiAutoTest.VideoyiTestNGMain] [INFO] [74] [# # # # # # # # # #TEST Has Ended# # # # # # # # # #]
[2018-01-21 11:44:05:539] [videoyiAutoTest.VideoyiTestNGMain] [INFO] [75] [# # # # # # # # # # # # # # # # # # # # # # # # # # # ]
[2018-01-21 11:46:45:121] [videoyiAutoTest.VideoyiTestNGMain] [INFO] [44] [# # # # # # # # # # # # # # # # # # # # # # # # # # # ]
[2018-01-21 11:46:45:124] [videoyiAutoTest.VideoyiTestNGMain] [INFO] [45] [# # # # # # # # # #TEST Has Started# # # # # # # # # #]
[2018-01-21 11:46:45:127] [common.DriverManager] [INFO] [43] [# # # # # # # # #Executing on CHROME# # # # # # # # #]
[2018-01-21 11:46:55:137] [videoyiAutoTest.VideoyiTestNGMain] [INFO] [57] [# # # # # # # # #Open Test Application# # # # # # # #]
[2018-01-21 11:46:58:158] [videoyiTestCase.VideoyiLoginTest] [INFO] [42] [-----testVideoyiLogin Start.-----]
[2018-01-21 11:46:59:552] [videoyiTestCase.VideoyiLoginTest] [INFO] [50] [-----testVideoyiLogin 输入用户名 OK.-----]
[2018-01-21 11:47:00:669] [videoyiTestCase.VideoyiLoginTest] [INFO] [55] [-----testVideoyiLogin 输入密码 OK.-----]
[2018-01-21 11:47:02:699] [videoyiTestCase.VideoyiLoginTest] [INFO] [60] [-----testVideoyiLogin 点击登录 OK.-----]
[2018-01-21 11:47:02:719] [videoyiTestCase.VideoyiLoginTest] [INFO] [65] [-----testVideoyiLogin verify url：http://test.videoyi.cn/workorder/index-----]
[2018-01-21 11:47:03:720] [videoyiTestCase.VideoyiLoginTest] [INFO] [69] [-----testVideoyiLogin Success.-----]
[2018-01-21 11:47:06:730] [videoyiTestCase.WorkorderManagerTest] [INFO] [48] [-----testWorkorderManager Start.-----]
[2018-01-21 11:47:07:289] [videoyiTestCase.WorkorderManagerTest] [INFO] [52] [-----testWorkorderManager 导航：投放管理 OK.-----]
[2018-01-21 11:47:07:300] [videoyiTestCase.WorkorderManagerTest] [INFO] [58] [-----testWorkorderManager verify url：http://test.videoyi.cn/workorder/index-----]
[2018-01-21 11:47:08:300] [videoyiTestCase.WorkorderManagerTest] [INFO] [62] [-----testWorkorderManager Success.-----]
[2018-01-21 11:47:11:312] [videoyiTestCase.WorkorderManagerTest] [INFO] [615] [-----testWorkorderDramaList Start.-----]
[2018-01-21 11:47:15:941] [videoyiTestCase.WorkorderManagerTest] [INFO] [620] [-----testWorkorderDramaList 投放计划名称 OK.-----]
[2018-01-21 11:47:15:971] [videoyiTestCase.WorkorderManagerTest] [INFO] [625] [-----testWorkorderDramaList verify url：http://test.videoyi.cn/workorder/drama-list?work_id=727-----]
[2018-01-21 11:47:16:972] [videoyiTestCase.WorkorderManagerTest] [INFO] [629] [-----testWorkorderDramaList Success.-----]
[2018-01-21 11:47:19:989] [videoyiTestCase.WorkorderManagerTest] [INFO] [719] [-----testCreatePoint Start.-----]
[2018-01-21 11:47:23:434] [videoyiTestCase.WorkorderManagerTest] [INFO] [725] [-----testCreatePoint 点击添加智点 OK.-----]
[2018-01-21 11:47:53:664] [videoyiTestCase.WorkorderManagerTest] [ERROR] [801] [-----testCreatePoint failed.-----]
[2018-01-21 11:47:53:665] [videoyiTestCase.WorkorderManagerTest] [ERROR] [802] [org.openqa.selenium.NoSuchElementException: no such element: Unable to locate element: {"method":"css selector","selector":"body > div:nth-child(8) > div > div.el-select-dropdown__wrap.el-scrollbar__wrap > ul > li.el-select-dropdown__item.selected.hover"}
  (Session info: chrome=63.0.3239.132)
  (Driver info: chromedriver=2.34.522940 (1a76f96f66e3ca7b8e57d503b4dd3bccfba87af1),platform=Windows NT 6.1.7601 SP1 x86_64) (WARNING: The server did not provide any stacktrace information)
Command duration or timeout: 30.08 seconds
For documentation on this error, please visit: http://seleniumhq.org/exceptions/no_such_element.html
Build info: version: '2.52.0', revision: '4c2593c', time: '2016-02-11 19:03:33'
System info: host: 'WIN-UBMLJ97RGF8', ip: '172.16.0.95', os.name: 'Windows 7', os.arch: 'amd64', os.version: '6.1', java.version: '1.8.0_65'
Driver info: org.openqa.selenium.chrome.ChromeDriver
Capabilities [{applicationCacheEnabled=false, rotatable=false, mobileEmulationEnabled=false, networkConnectionEnabled=false, chrome={chromedriverVersion=2.34.522940 (1a76f96f66e3ca7b8e57d503b4dd3bccfba87af1), userDataDir=C:\Users\ADMINI~1\AppData\Local\Temp\scoped_dir14628_23365}, takesHeapSnapshot=true, pageLoadStrategy=normal, databaseEnabled=false, handlesAlerts=true, hasTouchScreen=false, version=63.0.3239.132, platform=XP, browserConnectionEnabled=false, nativeEvents=true, acceptSslCerts=true, locationContextEnabled=true, webStorageEnabled=true, browserName=chrome, takesScreenshot=true, javascriptEnabled=true, cssSelectorsEnabled=true, setWindowRect=true, unexpectedAlertBehaviour=}]
Session ID: 7e6daa5bc782f08950c4f6e43072970e
*** Element info: {Using=css selector, value=body > div:nth-child(8) > div > div.el-select-dropdown__wrap.el-scrollbar__wrap > ul > li.el-select-dropdown__item.selected.hover}]
[2018-01-21 11:47:56:738] [videoyiAutoTest.VideoyiTestNGMain] [INFO] [73] [# # # # # # # #Close Test Application# # # # # # # #]
[2018-01-21 11:47:56:738] [videoyiAutoTest.VideoyiTestNGMain] [INFO] [74] [# # # # # # # # # #TEST Has Ended# # # # # # # # # #]
[2018-01-21 11:47:56:739] [videoyiAutoTest.VideoyiTestNGMain] [INFO] [75] [# # # # # # # # # # # # # # # # # # # # # # # # # # # ]
[2018-01-21 11:49:14:372] [videoyiAutoTest.VideoyiTestNGMain] [INFO] [44] [# # # # # # # # # # # # # # # # # # # # # # # # # # # ]
[2018-01-21 11:49:14:375] [videoyiAutoTest.VideoyiTestNGMain] [INFO] [45] [# # # # # # # # # #TEST Has Started# # # # # # # # # #]
[2018-01-21 11:49:14:378] [common.DriverManager] [INFO] [43] [# # # # # # # # #Executing on CHROME# # # # # # # # #]
[2018-01-21 11:49:20:531] [videoyiAutoTest.VideoyiTestNGMain] [INFO] [57] [# # # # # # # # #Open Test Application# # # # # # # #]
[2018-01-21 11:49:23:554] [videoyiTestCase.VideoyiLoginTest] [INFO] [42] [-----testVideoyiLogin Start.-----]
[2018-01-21 11:49:24:955] [videoyiTestCase.VideoyiLoginTest] [INFO] [50] [-----testVideoyiLogin 输入用户名 OK.-----]
[2018-01-21 11:49:26:080] [videoyiTestCase.VideoyiLoginTest] [INFO] [55] [-----testVideoyiLogin 输入密码 OK.-----]
[2018-01-21 11:49:27:695] [videoyiTestCase.VideoyiLoginTest] [INFO] [60] [-----testVideoyiLogin 点击登录 OK.-----]
[2018-01-21 11:49:27:725] [videoyiTestCase.VideoyiLoginTest] [INFO] [65] [-----testVideoyiLogin verify url：http://test.videoyi.cn/workorder/index-----]
[2018-01-21 11:49:28:726] [videoyiTestCase.VideoyiLoginTest] [INFO] [69] [-----testVideoyiLogin Success.-----]
[2018-01-21 11:49:31:750] [videoyiTestCase.WorkorderManagerTest] [INFO] [48] [-----testWorkorderManager Start.-----]
[2018-01-21 11:49:32:207] [videoyiTestCase.WorkorderManagerTest] [INFO] [52] [-----testWorkorderManager 导航：投放管理 OK.-----]
[2018-01-21 11:49:32:224] [videoyiTestCase.WorkorderManagerTest] [INFO] [58] [-----testWorkorderManager verify url：http://test.videoyi.cn/workorder/index-----]
[2018-01-21 11:49:33:224] [videoyiTestCase.WorkorderManagerTest] [INFO] [62] [-----testWorkorderManager Success.-----]
[2018-01-21 11:49:36:243] [videoyiTestCase.WorkorderManagerTest] [INFO] [615] [-----testWorkorderDramaList Start.-----]
[2018-01-21 11:49:40:913] [videoyiTestCase.WorkorderManagerTest] [INFO] [620] [-----testWorkorderDramaList 投放计划名称 OK.-----]
[2018-01-21 11:49:40:935] [videoyiTestCase.WorkorderManagerTest] [INFO] [625] [-----testWorkorderDramaList verify url：http://test.videoyi.cn/workorder/drama-list?work_id=727-----]
[2018-01-21 11:49:41:936] [videoyiTestCase.WorkorderManagerTest] [INFO] [629] [-----testWorkorderDramaList Success.-----]
[2018-01-21 11:49:44:947] [videoyiTestCase.WorkorderManagerTest] [INFO] [719] [-----testCreatePoint Start.-----]
[2018-01-21 11:49:48:512] [videoyiTestCase.WorkorderManagerTest] [INFO] [725] [-----testCreatePoint 点击添加智点 OK.-----]
[2018-01-21 11:50:19:654] [videoyiTestCase.WorkorderManagerTest] [ERROR] [802] [-----testCreatePoint failed.-----]
[2018-01-21 11:50:19:654] [videoyiTestCase.WorkorderManagerTest] [ERROR] [803] [org.openqa.selenium.NoSuchElementException: no such element: Unable to locate element: {"method":"css selector","selector":"body > div:nth-child(8) > div > div.el-select-dropdown__wrap.el-scrollbar__wrap > ul > li.el-select-dropdown__item.hover"}
  (Session info: chrome=63.0.3239.132)
  (Driver info: chromedriver=2.34.522940 (1a76f96f66e3ca7b8e57d503b4dd3bccfba87af1),platform=Windows NT 6.1.7601 SP1 x86_64) (WARNING: The server did not provide any stacktrace information)
Command duration or timeout: 30.02 seconds
For documentation on this error, please visit: http://seleniumhq.org/exceptions/no_such_element.html
Build info: version: '2.52.0', revision: '4c2593c', time: '2016-02-11 19:03:33'
System info: host: 'WIN-UBMLJ97RGF8', ip: '172.16.0.95', os.name: 'Windows 7', os.arch: 'amd64', os.version: '6.1', java.version: '1.8.0_65'
Driver info: org.openqa.selenium.chrome.ChromeDriver
Capabilities [{applicationCacheEnabled=false, rotatable=false, mobileEmulationEnabled=false, networkConnectionEnabled=false, chrome={chromedriverVersion=2.34.522940 (1a76f96f66e3ca7b8e57d503b4dd3bccfba87af1), userDataDir=C:\Users\ADMINI~1\AppData\Local\Temp\scoped_dir9480_15520}, takesHeapSnapshot=true, pageLoadStrategy=normal, databaseEnabled=false, handlesAlerts=true, hasTouchScreen=false, version=63.0.3239.132, platform=XP, browserConnectionEnabled=false, nativeEvents=true, acceptSslCerts=true, locationContextEnabled=true, webStorageEnabled=true, browserName=chrome, takesScreenshot=true, javascriptEnabled=true, cssSelectorsEnabled=true, setWindowRect=true, unexpectedAlertBehaviour=}]
Session ID: 9a279bbf453aeda89e6b2e96ec46262c
*** Element info: {Using=css selector, value=body > div:nth-child(8) > div > div.el-select-dropdown__wrap.el-scrollbar__wrap > ul > li.el-select-dropdown__item.hover}]
[2018-01-21 11:50:20:748] [videoyiAutoTest.VideoyiTestNGMain] [INFO] [73] [# # # # # # # #Close Test Application# # # # # # # #]
[2018-01-21 11:50:20:748] [videoyiAutoTest.VideoyiTestNGMain] [INFO] [74] [# # # # # # # # # #TEST Has Ended# # # # # # # # # #]
[2018-01-21 11:50:20:749] [videoyiAutoTest.VideoyiTestNGMain] [INFO] [75] [# # # # # # # # # # # # # # # # # # # # # # # # # # # ]
[2018-01-21 11:53:52:131] [videoyiAutoTest.VideoyiTestNGMain] [INFO] [44] [# # # # # # # # # # # # # # # # # # # # # # # # # # # ]
[2018-01-21 11:53:52:133] [videoyiAutoTest.VideoyiTestNGMain] [INFO] [45] [# # # # # # # # # #TEST Has Started# # # # # # # # # #]
[2018-01-21 11:53:52:136] [common.DriverManager] [INFO] [43] [# # # # # # # # #Executing on CHROME# # # # # # # # #]
[2018-01-21 11:53:58:265] [videoyiAutoTest.VideoyiTestNGMain] [INFO] [57] [# # # # # # # # #Open Test Application# # # # # # # #]
[2018-01-21 11:54:01:289] [videoyiTestCase.VideoyiLoginTest] [INFO] [42] [-----testVideoyiLogin Start.-----]
[2018-01-21 11:54:02:664] [videoyiTestCase.VideoyiLoginTest] [INFO] [50] [-----testVideoyiLogin 输入用户名 OK.-----]
[2018-01-21 11:54:03:791] [videoyiTestCase.VideoyiLoginTest] [INFO] [55] [-----testVideoyiLogin 输入密码 OK.-----]
[2018-01-21 11:54:05:417] [videoyiTestCase.VideoyiLoginTest] [INFO] [60] [-----testVideoyiLogin 点击登录 OK.-----]
[2018-01-21 11:54:05:438] [videoyiTestCase.VideoyiLoginTest] [INFO] [65] [-----testVideoyiLogin verify url：http://test.videoyi.cn/workorder/index-----]
[2018-01-21 11:54:06:439] [videoyiTestCase.VideoyiLoginTest] [INFO] [69] [-----testVideoyiLogin Success.-----]
[2018-01-21 11:54:09:446] [videoyiTestCase.WorkorderManagerTest] [INFO] [48] [-----testWorkorderManager Start.-----]
[2018-01-21 11:54:09:793] [videoyiTestCase.WorkorderManagerTest] [INFO] [52] [-----testWorkorderManager 导航：投放管理 OK.-----]
[2018-01-21 11:54:09:807] [videoyiTestCase.WorkorderManagerTest] [INFO] [58] [-----testWorkorderManager verify url：http://test.videoyi.cn/workorder/index-----]
[2018-01-21 11:54:10:808] [videoyiTestCase.WorkorderManagerTest] [INFO] [62] [-----testWorkorderManager Success.-----]
[2018-01-21 11:54:13:813] [videoyiTestCase.WorkorderManagerTest] [INFO] [615] [-----testWorkorderDramaList Start.-----]
[2018-01-21 11:54:18:439] [videoyiTestCase.WorkorderManagerTest] [INFO] [620] [-----testWorkorderDramaList 投放计划名称 OK.-----]
[2018-01-21 11:54:18:461] [videoyiTestCase.WorkorderManagerTest] [INFO] [625] [-----testWorkorderDramaList verify url：http://test.videoyi.cn/workorder/drama-list?work_id=727-----]
[2018-01-21 11:54:19:462] [videoyiTestCase.WorkorderManagerTest] [INFO] [629] [-----testWorkorderDramaList Success.-----]
[2018-01-21 11:54:22:468] [videoyiTestCase.WorkorderManagerTest] [INFO] [719] [-----testCreatePoint Start.-----]
[2018-01-21 11:54:25:913] [videoyiTestCase.WorkorderManagerTest] [INFO] [725] [-----testCreatePoint 点击添加智点 OK.-----]
[2018-01-21 11:54:27:031] [videoyiTestCase.WorkorderManagerTest] [INFO] [737] [-----testCreatePoint 选择模式:次数模式.-----]
[2018-01-21 11:54:57:092] [videoyiTestCase.WorkorderManagerTest] [ERROR] [801] [-----testCreatePoint failed.-----]
[2018-01-21 11:54:57:093] [videoyiTestCase.WorkorderManagerTest] [ERROR] [802] [org.openqa.selenium.NoSuchElementException: no such element: Unable to locate element: {"method":"css selector","selector":"#app > div:nth-child(1) > div > div.el-dialog__body > form:nth-child(4) > div > div.el-col.el-col-10 > div:nth-child(2) > div > div.el-form-item.is-error.is-required > div > div.el-input.el-input-group.el-input-group--append > input"}
  (Session info: chrome=63.0.3239.132)
  (Driver info: chromedriver=2.34.522940 (1a76f96f66e3ca7b8e57d503b4dd3bccfba87af1),platform=Windows NT 6.1.7601 SP1 x86_64) (WARNING: The server did not provide any stacktrace information)
Command duration or timeout: 30.06 seconds
For documentation on this error, please visit: http://seleniumhq.org/exceptions/no_such_element.html
Build info: version: '2.52.0', revision: '4c2593c', time: '2016-02-11 19:03:33'
System info: host: 'WIN-UBMLJ97RGF8', ip: '172.16.0.95', os.name: 'Windows 7', os.arch: 'amd64', os.version: '6.1', java.version: '1.8.0_65'
Driver info: org.openqa.selenium.chrome.ChromeDriver
Capabilities [{applicationCacheEnabled=false, rotatable=false, mobileEmulationEnabled=false, networkConnectionEnabled=false, chrome={chromedriverVersion=2.34.522940 (1a76f96f66e3ca7b8e57d503b4dd3bccfba87af1), userDataDir=C:\Users\ADMINI~1\AppData\Local\Temp\scoped_dir1268_19098}, takesHeapSnapshot=true, pageLoadStrategy=normal, databaseEnabled=false, handlesAlerts=true, hasTouchScreen=false, version=63.0.3239.132, platform=XP, browserConnectionEnabled=false, nativeEvents=true, acceptSslCerts=true, locationContextEnabled=true, webStorageEnabled=true, browserName=chrome, takesScreenshot=true, javascriptEnabled=true, cssSelectorsEnabled=true, setWindowRect=true, unexpectedAlertBehaviour=}]
Session ID: da54f46146d3a35d94a7ab67b03736c4
*** Element info: {Using=css selector, value=#app > div:nth-child(1) > div > div.el-dialog__body > form:nth-child(4) > div > div.el-col.el-col-10 > div:nth-child(2) > div > div.el-form-item.is-error.is-required > div > div.el-input.el-input-group.el-input-group--append > input}]
[2018-01-21 11:54:58:182] [videoyiAutoTest.VideoyiTestNGMain] [INFO] [73] [# # # # # # # #Close Test Application# # # # # # # #]
[2018-01-21 11:54:58:182] [videoyiAutoTest.VideoyiTestNGMain] [INFO] [74] [# # # # # # # # # #TEST Has Ended# # # # # # # # # #]
[2018-01-21 11:54:58:182] [videoyiAutoTest.VideoyiTestNGMain] [INFO] [75] [# # # # # # # # # # # # # # # # # # # # # # # # # # # ]
