[2017-07-18 09:49:34:881] [videoyiAutoTest.videoyiTestNGMain] [INFO] [35] [# # # # # # # # # # # # # # # # # # # # # # # # # # # ]
[2017-07-18 09:49:34:886] [videoyiAutoTest.videoyiTestNGMain] [INFO] [36] [# # # # # # # # # #TEST Has Started# # # # # # # # # #]
[2017-07-18 09:49:34:887] [common.DriverManager] [INFO] [44] [# # # # # # # # #Executing on CHROME# # # # # # # # #]
[2017-07-18 09:49:41:494] [videoyiAutoTest.videoyiTestNGMain] [INFO] [48] [# # # # # # # # #Open Test Application# # # # # # # #]
[2017-07-18 09:49:44:507] [videoyiTestCase.VideoyiLoginTest] [INFO] [28] [-----Show VideoyiLogin Page.-----]
[2017-07-18 09:49:48:531] [videoyiTestCase.VideoyiLoginTest] [INFO] [40] [-----VideoyiLogin Success.-----]
[2017-07-18 09:49:51:537] [videoyiTestCase.MemberManagerTest] [INFO] [33] [-----testMemeberManager Start.-----]
[2017-07-18 09:49:53:606] [videoyiTestCase.MemberManagerTest] [INFO] [39] [-----testMemeberManager Success.-----]
[2017-07-18 09:49:54:613] [videoyiTestCase.MemberManagerTest] [INFO] [55] [-----testCreateMember Start.-----]
[2017-07-18 09:50:10:250] [videoyiTestCase.MemberManagerTest] [INFO] [93] [-----testCreateMember Success.-----]
[2017-07-18 09:50:11:254] [videoyiTestCase.MemberManagerTest] [INFO] [109] [-----testSearchMember Start.-----]
[2017-07-18 09:50:14:507] [videoyiTestCase.MemberManagerTest] [INFO] [123] [-----testSearchMember Success.-----]
[2017-07-18 09:50:15:512] [videoyiTestCase.MemberManagerTest] [INFO] [139] [-----testEditMember Start.-----]
[2017-07-18 09:50:29:632] [videoyiTestCase.MemberManagerTest] [INFO] [183] [-----testEditMember Success.-----]
[2017-07-18 09:50:30:637] [videoyiTestCase.MemberManagerTest] [INFO] [198] [-----testDeleteMemberCancel Start.-----]
[2017-07-18 09:50:33:144] [videoyiTestCase.MemberManagerTest] [INFO] [220] [-----testDeleteMemberOK Start.-----]
[2017-07-18 09:50:34:385] [videoyiAutoTest.videoyiTestNGMain] [INFO] [62] [# # # # # # # #Close Test Application# # # # # # # #]
[2017-07-18 09:50:34:386] [videoyiAutoTest.videoyiTestNGMain] [INFO] [63] [# # # # # # # # # #TEST Has Ended# # # # # # # # # #]
[2017-07-18 09:50:34:387] [videoyiAutoTest.videoyiTestNGMain] [INFO] [64] [# # # # # # # # # # # # # # # # # # # # # # # # # # # ]
[2017-07-18 09:52:57:389] [videoyiAutoTest.videoyiTestNGMain] [INFO] [35] [# # # # # # # # # # # # # # # # # # # # # # # # # # # ]
[2017-07-18 09:52:57:393] [videoyiAutoTest.videoyiTestNGMain] [INFO] [36] [# # # # # # # # # #TEST Has Started# # # # # # # # # #]
[2017-07-18 09:52:57:394] [common.DriverManager] [INFO] [44] [# # # # # # # # #Executing on CHROME# # # # # # # # #]
[2017-07-18 09:53:04:847] [videoyiAutoTest.videoyiTestNGMain] [INFO] [48] [# # # # # # # # #Open Test Application# # # # # # # #]
[2017-07-18 09:53:07:861] [videoyiTestCase.VideoyiLoginTest] [INFO] [28] [-----Show VideoyiLogin Page.-----]
[2017-07-18 09:53:12:050] [videoyiTestCase.VideoyiLoginTest] [INFO] [40] [-----VideoyiLogin Success.-----]
[2017-07-18 09:53:15:055] [videoyiTestCase.MemberManagerTest] [INFO] [33] [-----testMemeberManager Start.-----]
[2017-07-18 09:53:17:162] [videoyiTestCase.MemberManagerTest] [INFO] [39] [-----testMemeberManager Success.-----]
[2017-07-18 09:53:18:166] [videoyiTestCase.MemberManagerTest] [INFO] [55] [-----testCreateMember Start.-----]
[2017-07-18 09:53:52:231] [videoyiTestCase.MemberManagerTest] [ERROR] [96] [-----testCreateMember failed.-----]
[2017-07-18 09:53:52:231] [videoyiTestCase.MemberManagerTest] [ERROR] [97] [org.openqa.selenium.NoSuchElementException: Cannot locate element with text: ��洫ý
For documentation on this error, please visit: http://seleniumhq.org/exceptions/no_such_element.html
Build info: version: '2.52.0', revision: '4c2593c', time: '2016-02-11 19:03:33'
System info: host: 'WIN-UBMLJ97RGF8', ip: '172.16.0.108', os.name: 'Windows 7', os.arch: 'amd64', os.version: '6.1', java.version: '1.8.0_65'
Driver info: driver.version: unknown]
[2017-07-18 09:53:53:964] [videoyiTestCase.MemberManagerTest] [INFO] [109] [-----testSearchMember Start.-----]
[2017-07-18 09:54:24:136] [videoyiTestCase.MemberManagerTest] [ERROR] [126] [-----testSearchMember failed.-----]
[2017-07-18 09:54:24:137] [videoyiTestCase.MemberManagerTest] [ERROR] [127] [org.openqa.selenium.NoSuchElementException: no such element: Unable to locate element: {"method":"id","selector":"search"}
  (Session info: chrome=59.0.3071.104)
  (Driver info: chromedriver=2.30.477700 (0057494ad8732195794a7b32078424f92a5fce41),platform=Windows NT 6.1.7601 SP1 x86_64) (WARNING: The server did not provide any stacktrace information)
Command duration or timeout: 30.02 seconds
For documentation on this error, please visit: http://seleniumhq.org/exceptions/no_such_element.html
Build info: version: '2.52.0', revision: '4c2593c', time: '2016-02-11 19:03:33'
System info: host: 'WIN-UBMLJ97RGF8', ip: '172.16.0.108', os.name: 'Windows 7', os.arch: 'amd64', os.version: '6.1', java.version: '1.8.0_65'
Driver info: org.openqa.selenium.chrome.ChromeDriver
Capabilities [{applicationCacheEnabled=false, rotatable=false, mobileEmulationEnabled=false, networkConnectionEnabled=false, chrome={chromedriverVersion=2.30.477700 (0057494ad8732195794a7b32078424f92a5fce41), userDataDir=C:\Users\ADMINI~1\AppData\Local\Temp\scoped_dir3828_20523}, takesHeapSnapshot=true, pageLoadStrategy=normal, databaseEnabled=false, handlesAlerts=true, hasTouchScreen=false, version=59.0.3071.104, platform=XP, browserConnectionEnabled=false, nativeEvents=true, acceptSslCerts=true, locationContextEnabled=true, webStorageEnabled=true, browserName=chrome, takesScreenshot=true, javascriptEnabled=true, cssSelectorsEnabled=true, unexpectedAlertBehaviour=}]
Session ID: b918d9a6ffc65d2c23d02ca38233e13b
*** Element info: {Using=id, value=search}]
[2017-07-18 09:54:25:474] [videoyiTestCase.MemberManagerTest] [INFO] [139] [-----testEditMember Start.-----]
[2017-07-18 09:54:55:865] [videoyiTestCase.MemberManagerTest] [ERROR] [186] [-----testEditMember failed.-----]
[2017-07-18 09:54:55:868] [videoyiTestCase.MemberManagerTest] [ERROR] [187] [org.openqa.selenium.NoSuchElementException: no such element: Unable to locate element: {"method":"xpath","selector":"//*[@id='right_middle_a']/div[1]/table/tbody/tr[2]/td[9]/input"}
  (Session info: chrome=59.0.3071.104)
  (Driver info: chromedriver=2.30.477700 (0057494ad8732195794a7b32078424f92a5fce41),platform=Windows NT 6.1.7601 SP1 x86_64) (WARNING: The server did not provide any stacktrace information)
Command duration or timeout: 30.06 seconds
For documentation on this error, please visit: http://seleniumhq.org/exceptions/no_such_element.html
Build info: version: '2.52.0', revision: '4c2593c', time: '2016-02-11 19:03:33'
System info: host: 'WIN-UBMLJ97RGF8', ip: '172.16.0.108', os.name: 'Windows 7', os.arch: 'amd64', os.version: '6.1', java.version: '1.8.0_65'
Driver info: org.openqa.selenium.chrome.ChromeDriver
Capabilities [{applicationCacheEnabled=false, rotatable=false, mobileEmulationEnabled=false, networkConnectionEnabled=false, chrome={chromedriverVersion=2.30.477700 (0057494ad8732195794a7b32078424f92a5fce41), userDataDir=C:\Users\ADMINI~1\AppData\Local\Temp\scoped_dir3828_20523}, takesHeapSnapshot=true, pageLoadStrategy=normal, databaseEnabled=false, handlesAlerts=true, hasTouchScreen=false, version=59.0.3071.104, platform=XP, browserConnectionEnabled=false, nativeEvents=true, acceptSslCerts=true, locationContextEnabled=true, webStorageEnabled=true, browserName=chrome, takesScreenshot=true, javascriptEnabled=true, cssSelectorsEnabled=true, unexpectedAlertBehaviour=}]
Session ID: b918d9a6ffc65d2c23d02ca38233e13b
*** Element info: {Using=xpath, value=//*[@id='right_middle_a']/div[1]/table/tbody/tr[2]/td[9]/input}]
[2017-07-18 09:54:57:230] [videoyiTestCase.MemberManagerTest] [INFO] [198] [-----testDeleteMemberCancel Start.-----]
[2017-07-18 09:55:28:620] [videoyiTestCase.MemberManagerTest] [INFO] [219] [-----testDeleteMemberOK Start.-----]
[2017-07-18 10:12:55:535] [videoyiAutoTest.videoyiTestNGMain] [INFO] [35] [# # # # # # # # # # # # # # # # # # # # # # # # # # # ]
[2017-07-18 10:12:55:538] [videoyiAutoTest.videoyiTestNGMain] [INFO] [36] [# # # # # # # # # #TEST Has Started# # # # # # # # # #]
[2017-07-18 10:12:55:539] [common.DriverManager] [INFO] [44] [# # # # # # # # #Executing on CHROME# # # # # # # # #]
[2017-07-18 10:13:20:068] [videoyiAutoTest.videoyiTestNGMain] [INFO] [35] [# # # # # # # # # # # # # # # # # # # # # # # # # # # ]
[2017-07-18 10:13:20:071] [videoyiAutoTest.videoyiTestNGMain] [INFO] [36] [# # # # # # # # # #TEST Has Started# # # # # # # # # #]
[2017-07-18 10:13:20:072] [common.DriverManager] [INFO] [44] [# # # # # # # # #Executing on CHROME# # # # # # # # #]
[2017-07-18 10:14:54:239] [videoyiAutoTest.videoyiTestNGMain] [INFO] [35] [# # # # # # # # # # # # # # # # # # # # # # # # # # # ]
[2017-07-18 10:14:54:242] [videoyiAutoTest.videoyiTestNGMain] [INFO] [36] [# # # # # # # # # #TEST Has Started# # # # # # # # # #]
[2017-07-18 10:14:54:243] [common.DriverManager] [INFO] [44] [# # # # # # # # #Executing on CHROME# # # # # # # # #]
[2017-07-18 10:15:00:495] [videoyiAutoTest.videoyiTestNGMain] [INFO] [48] [# # # # # # # # #Open Test Application# # # # # # # #]
[2017-07-18 10:15:03:514] [videoyiTestCase.VideoyiLoginTest] [INFO] [28] [-----Show VideoyiLogin Page.-----]
[2017-07-18 10:15:07:927] [videoyiTestCase.VideoyiLoginTest] [INFO] [40] [-----VideoyiLogin Success.-----]
[2017-07-18 10:15:10:934] [videoyiTestCase.MemberManagerTest] [INFO] [33] [-----testMemeberManager Start.-----]
[2017-07-18 10:15:13:048] [videoyiTestCase.MemberManagerTest] [INFO] [39] [-----testMemeberManager Success.-----]
[2017-07-18 10:15:14:051] [videoyiTestCase.MemberManagerTest] [INFO] [55] [-----testCreateMember Start.-----]
[2017-07-18 10:15:29:733] [videoyiTestCase.MemberManagerTest] [INFO] [93] [-----testCreateMember Success.-----]
[2017-07-18 10:15:30:736] [videoyiTestCase.MemberManagerTest] [INFO] [109] [-----testSearchMember Start.-----]
[2017-07-18 10:15:33:968] [videoyiTestCase.MemberManagerTest] [INFO] [123] [-----testSearchMember Success.-----]
[2017-07-18 10:15:34:974] [videoyiTestCase.MemberManagerTest] [INFO] [139] [-----testEditMember Start.-----]
[2017-07-18 10:15:49:261] [videoyiTestCase.MemberManagerTest] [INFO] [183] [-----testEditMember Success.-----]
[2017-07-18 10:15:50:265] [videoyiTestCase.MemberManagerTest] [INFO] [198] [-----testDeleteMemberCancel Start.-----]
[2017-07-18 10:15:52:760] [videoyiTestCase.MemberManagerTest] [INFO] [219] [-----testDeleteMemberOK Start.-----]
[2017-07-18 10:15:55:916] [videoyiAutoTest.videoyiTestNGMain] [INFO] [62] [# # # # # # # #Close Test Application# # # # # # # #]
[2017-07-18 10:15:55:917] [videoyiAutoTest.videoyiTestNGMain] [INFO] [63] [# # # # # # # # # #TEST Has Ended# # # # # # # # # #]
[2017-07-18 10:15:55:918] [videoyiAutoTest.videoyiTestNGMain] [INFO] [64] [# # # # # # # # # # # # # # # # # # # # # # # # # # # ]
[2017-07-18 10:17:56:887] [videoyiAutoTest.videoyiTestNGMain] [INFO] [35] [# # # # # # # # # # # # # # # # # # # # # # # # # # # ]
[2017-07-18 10:17:56:889] [videoyiAutoTest.videoyiTestNGMain] [INFO] [36] [# # # # # # # # # #TEST Has Started# # # # # # # # # #]
[2017-07-18 10:17:56:891] [common.DriverManager] [INFO] [44] [# # # # # # # # #Executing on CHROME# # # # # # # # #]
[2017-07-18 10:18:03:192] [videoyiAutoTest.videoyiTestNGMain] [INFO] [48] [# # # # # # # # #Open Test Application# # # # # # # #]
[2017-07-18 10:18:06:210] [videoyiTestCase.VideoyiLoginTest] [INFO] [28] [-----Show VideoyiLogin Page.-----]
[2017-07-18 10:18:10:263] [videoyiTestCase.VideoyiLoginTest] [INFO] [40] [-----VideoyiLogin Success.-----]
[2017-07-18 10:18:13:269] [videoyiTestCase.MemberManagerTest] [INFO] [33] [-----testMemeberManager Start.-----]
[2017-07-18 10:18:15:324] [videoyiTestCase.MemberManagerTest] [INFO] [39] [-----testMemeberManager Success.-----]
[2017-07-18 10:18:16:327] [videoyiTestCase.MemberManagerTest] [INFO] [198] [-----testDeleteMemberCancel Start.-----]
[2017-07-18 10:18:18:837] [videoyiTestCase.MemberManagerTest] [INFO] [219] [-----testDeleteMemberOK Start.-----]
[2017-07-18 10:18:22:016] [videoyiAutoTest.videoyiTestNGMain] [INFO] [62] [# # # # # # # #Close Test Application# # # # # # # #]
[2017-07-18 10:18:22:017] [videoyiAutoTest.videoyiTestNGMain] [INFO] [63] [# # # # # # # # # #TEST Has Ended# # # # # # # # # #]
[2017-07-18 10:18:22:017] [videoyiAutoTest.videoyiTestNGMain] [INFO] [64] [# # # # # # # # # # # # # # # # # # # # # # # # # # # ]
[2017-07-18 10:19:59:435] [videoyiAutoTest.videoyiTestNGMain] [INFO] [35] [# # # # # # # # # # # # # # # # # # # # # # # # # # # ]
[2017-07-18 10:19:59:438] [videoyiAutoTest.videoyiTestNGMain] [INFO] [36] [# # # # # # # # # #TEST Has Started# # # # # # # # # #]
[2017-07-18 10:19:59:439] [common.DriverManager] [INFO] [44] [# # # # # # # # #Executing on CHROME# # # # # # # # #]
[2017-07-18 10:20:05:766] [videoyiAutoTest.videoyiTestNGMain] [INFO] [48] [# # # # # # # # #Open Test Application# # # # # # # #]
[2017-07-18 10:20:08:785] [videoyiTestCase.VideoyiLoginTest] [INFO] [28] [-----Show VideoyiLogin Page.-----]
[2017-07-18 10:20:12:957] [videoyiTestCase.VideoyiLoginTest] [INFO] [40] [-----VideoyiLogin Success.-----]
[2017-07-18 10:20:15:972] [videoyiTestCase.MemberManagerTest] [INFO] [33] [-----testMemeberManager Start.-----]
[2017-07-18 10:20:18:063] [videoyiTestCase.MemberManagerTest] [INFO] [39] [-----testMemeberManager Success.-----]
[2017-07-18 10:20:19:067] [videoyiTestCase.MemberManagerTest] [INFO] [198] [-----testDeleteMemberCancel Start.-----]
[2017-07-18 10:20:21:552] [videoyiTestCase.MemberManagerTest] [INFO] [219] [-----testDeleteMemberOK Start.-----]
[2017-07-18 10:20:22:675] [videoyiAutoTest.videoyiTestNGMain] [INFO] [62] [# # # # # # # #Close Test Application# # # # # # # #]
[2017-07-18 10:20:22:676] [videoyiAutoTest.videoyiTestNGMain] [INFO] [63] [# # # # # # # # # #TEST Has Ended# # # # # # # # # #]
[2017-07-18 10:20:22:676] [videoyiAutoTest.videoyiTestNGMain] [INFO] [64] [# # # # # # # # # # # # # # # # # # # # # # # # # # # ]
[2017-07-18 10:23:11:123] [videoyiAutoTest.videoyiTestNGMain] [INFO] [35] [# # # # # # # # # # # # # # # # # # # # # # # # # # # ]
[2017-07-18 10:23:11:126] [videoyiAutoTest.videoyiTestNGMain] [INFO] [36] [# # # # # # # # # #TEST Has Started# # # # # # # # # #]
[2017-07-18 10:23:11:127] [common.DriverManager] [INFO] [44] [# # # # # # # # #Executing on CHROME# # # # # # # # #]
[2017-07-18 10:23:17:388] [videoyiAutoTest.videoyiTestNGMain] [INFO] [48] [# # # # # # # # #Open Test Application# # # # # # # #]
[2017-07-18 10:23:20:408] [videoyiTestCase.VideoyiLoginTest] [INFO] [28] [-----Show VideoyiLogin Page.-----]
[2017-07-18 10:23:24:487] [videoyiTestCase.VideoyiLoginTest] [INFO] [40] [-----VideoyiLogin Success.-----]
[2017-07-18 10:23:27:497] [videoyiTestCase.MemberManagerTest] [INFO] [33] [-----testMemeberManager Start.-----]
[2017-07-18 10:23:29:550] [videoyiTestCase.MemberManagerTest] [INFO] [39] [-----testMemeberManager Success.-----]
[2017-07-18 10:23:30:555] [videoyiTestCase.MemberManagerTest] [INFO] [198] [-----testDeleteMemberCancel Start.-----]
[2017-07-18 10:23:33:063] [videoyiTestCase.MemberManagerTest] [INFO] [219] [-----testDeleteMemberOK Start.-----]
[2017-07-18 10:23:34:223] [videoyiAutoTest.videoyiTestNGMain] [INFO] [62] [# # # # # # # #Close Test Application# # # # # # # #]
[2017-07-18 10:23:34:224] [videoyiAutoTest.videoyiTestNGMain] [INFO] [63] [# # # # # # # # # #TEST Has Ended# # # # # # # # # #]
[2017-07-18 10:23:34:224] [videoyiAutoTest.videoyiTestNGMain] [INFO] [64] [# # # # # # # # # # # # # # # # # # # # # # # # # # # ]
[2017-07-18 10:24:36:395] [videoyiAutoTest.videoyiTestNGMain] [INFO] [35] [# # # # # # # # # # # # # # # # # # # # # # # # # # # ]
[2017-07-18 10:24:36:398] [videoyiAutoTest.videoyiTestNGMain] [INFO] [36] [# # # # # # # # # #TEST Has Started# # # # # # # # # #]
[2017-07-18 10:24:36:406] [common.DriverManager] [INFO] [44] [# # # # # # # # #Executing on CHROME# # # # # # # # #]
[2017-07-18 10:24:42:681] [videoyiAutoTest.videoyiTestNGMain] [INFO] [48] [# # # # # # # # #Open Test Application# # # # # # # #]
[2017-07-18 10:24:57:059] [videoyiTestCase.VideoyiLoginTest] [INFO] [28] [-----Show VideoyiLogin Page.-----]
[2017-07-18 10:25:01:100] [videoyiTestCase.VideoyiLoginTest] [INFO] [40] [-----VideoyiLogin Success.-----]
[2017-07-18 10:25:04:106] [videoyiTestCase.MemberManagerTest] [INFO] [33] [-----testMemeberManager Start.-----]
[2017-07-18 10:25:06:156] [videoyiTestCase.MemberManagerTest] [INFO] [39] [-----testMemeberManager Success.-----]
[2017-07-18 10:25:07:160] [videoyiTestCase.MemberManagerTest] [INFO] [198] [-----testDeleteMemberCancel Start.-----]
[2017-07-18 10:25:09:650] [videoyiTestCase.MemberManagerTest] [INFO] [219] [-----testDeleteMemberOK Start.-----]
[2017-07-18 10:26:11:256] [videoyiAutoTest.videoyiTestNGMain] [INFO] [35] [# # # # # # # # # # # # # # # # # # # # # # # # # # # ]
[2017-07-18 10:26:11:259] [videoyiAutoTest.videoyiTestNGMain] [INFO] [36] [# # # # # # # # # #TEST Has Started# # # # # # # # # #]
[2017-07-18 10:26:11:266] [common.DriverManager] [INFO] [44] [# # # # # # # # #Executing on CHROME# # # # # # # # #]
[2017-07-18 10:27:00:572] [videoyiAutoTest.videoyiTestNGMain] [INFO] [35] [# # # # # # # # # # # # # # # # # # # # # # # # # # # ]
[2017-07-18 10:27:00:575] [videoyiAutoTest.videoyiTestNGMain] [INFO] [36] [# # # # # # # # # #TEST Has Started# # # # # # # # # #]
[2017-07-18 10:27:00:581] [common.DriverManager] [INFO] [44] [# # # # # # # # #Executing on CHROME# # # # # # # # #]
[2017-07-18 10:27:07:243] [videoyiAutoTest.videoyiTestNGMain] [INFO] [48] [# # # # # # # # #Open Test Application# # # # # # # #]
[2017-07-18 10:27:10:257] [videoyiTestCase.VideoyiLoginTest] [INFO] [28] [-----Show VideoyiLogin Page.-----]
[2017-07-18 10:27:14:255] [videoyiTestCase.VideoyiLoginTest] [INFO] [40] [-----VideoyiLogin Success.-----]
[2017-07-18 10:27:17:259] [videoyiTestCase.MemberManagerTest] [INFO] [33] [-----testMemeberManager Start.-----]
[2017-07-18 10:27:19:282] [videoyiTestCase.MemberManagerTest] [INFO] [39] [-----testMemeberManager Success.-----]
[2017-07-18 10:27:20:285] [videoyiTestCase.MemberManagerTest] [INFO] [198] [-----testDeleteMemberCancel Start.-----]
[2017-07-18 10:27:28:546] [videoyiTestCase.MemberManagerTest] [INFO] [220] [-----testDeleteMemberOK Start.-----]
[2017-07-18 10:28:50:145] [videoyiAutoTest.videoyiTestNGMain] [INFO] [35] [# # # # # # # # # # # # # # # # # # # # # # # # # # # ]
[2017-07-18 10:28:50:148] [videoyiAutoTest.videoyiTestNGMain] [INFO] [36] [# # # # # # # # # #TEST Has Started# # # # # # # # # #]
[2017-07-18 10:28:50:149] [common.DriverManager] [INFO] [44] [# # # # # # # # #Executing on CHROME# # # # # # # # #]
[2017-07-18 10:28:56:377] [videoyiAutoTest.videoyiTestNGMain] [INFO] [48] [# # # # # # # # #Open Test Application# # # # # # # #]
[2017-07-18 10:28:59:394] [videoyiTestCase.VideoyiLoginTest] [INFO] [28] [-----Show VideoyiLogin Page.-----]
[2017-07-18 10:29:03:368] [videoyiTestCase.VideoyiLoginTest] [INFO] [40] [-----VideoyiLogin Success.-----]
[2017-07-18 10:29:06:373] [videoyiTestCase.MemberManagerTest] [INFO] [33] [-----testMemeberManager Start.-----]
[2017-07-18 10:29:08:404] [videoyiTestCase.MemberManagerTest] [INFO] [39] [-----testMemeberManager Success.-----]
[2017-07-18 10:29:09:407] [videoyiTestCase.MemberManagerTest] [INFO] [198] [-----testDeleteMemberCancel Start.-----]
[2017-07-18 10:29:14:245] [videoyiAutoTest.videoyiTestNGMain] [INFO] [62] [# # # # # # # #Close Test Application# # # # # # # #]
[2017-07-18 10:29:14:246] [videoyiAutoTest.videoyiTestNGMain] [INFO] [63] [# # # # # # # # # #TEST Has Ended# # # # # # # # # #]
[2017-07-18 10:29:14:247] [videoyiAutoTest.videoyiTestNGMain] [INFO] [64] [# # # # # # # # # # # # # # # # # # # # # # # # # # # ]
[2017-07-18 10:31:37:967] [videoyiAutoTest.videoyiTestNGMain] [INFO] [35] [# # # # # # # # # # # # # # # # # # # # # # # # # # # ]
[2017-07-18 10:31:37:970] [videoyiAutoTest.videoyiTestNGMain] [INFO] [36] [# # # # # # # # # #TEST Has Started# # # # # # # # # #]
[2017-07-18 10:31:37:971] [common.DriverManager] [INFO] [44] [# # # # # # # # #Executing on CHROME# # # # # # # # #]
[2017-07-18 10:31:44:363] [videoyiAutoTest.videoyiTestNGMain] [INFO] [48] [# # # # # # # # #Open Test Application# # # # # # # #]
[2017-07-18 10:31:47:376] [videoyiTestCase.VideoyiLoginTest] [INFO] [28] [-----Show VideoyiLogin Page.-----]
[2017-07-18 10:31:51:433] [videoyiTestCase.VideoyiLoginTest] [INFO] [40] [-----VideoyiLogin Success.-----]
[2017-07-18 10:31:54:438] [videoyiTestCase.MemberManagerTest] [INFO] [33] [-----testMemeberManager Start.-----]
[2017-07-18 10:31:56:452] [videoyiTestCase.MemberManagerTest] [INFO] [39] [-----testMemeberManager Success.-----]
[2017-07-18 10:31:57:456] [videoyiTestCase.MemberManagerTest] [INFO] [198] [-----testDeleteMemberCancel Start.-----]
[2017-07-18 10:31:58:943] [videoyiTestCase.MemberManagerTest] [INFO] [203] [-----111111-----]
[2017-07-18 10:31:59:959] [videoyiTestCase.MemberManagerTest] [INFO] [211] [-----Handle UnhandledAlertException-----]
[2017-07-18 10:32:01:085] [videoyiAutoTest.videoyiTestNGMain] [INFO] [62] [# # # # # # # #Close Test Application# # # # # # # #]
[2017-07-18 10:32:01:086] [videoyiAutoTest.videoyiTestNGMain] [INFO] [63] [# # # # # # # # # #TEST Has Ended# # # # # # # # # #]
[2017-07-18 10:32:01:087] [videoyiAutoTest.videoyiTestNGMain] [INFO] [64] [# # # # # # # # # # # # # # # # # # # # # # # # # # # ]
[2017-07-18 10:34:49:420] [videoyiAutoTest.videoyiTestNGMain] [INFO] [35] [# # # # # # # # # # # # # # # # # # # # # # # # # # # ]
[2017-07-18 10:34:49:423] [videoyiAutoTest.videoyiTestNGMain] [INFO] [36] [# # # # # # # # # #TEST Has Started# # # # # # # # # #]
[2017-07-18 10:34:49:424] [common.DriverManager] [INFO] [44] [# # # # # # # # #Executing on CHROME# # # # # # # # #]
[2017-07-18 10:34:55:831] [videoyiAutoTest.videoyiTestNGMain] [INFO] [48] [# # # # # # # # #Open Test Application# # # # # # # #]
[2017-07-18 10:34:58:848] [videoyiTestCase.VideoyiLoginTest] [INFO] [28] [-----Show VideoyiLogin Page.-----]
[2017-07-18 10:35:02:846] [videoyiTestCase.VideoyiLoginTest] [INFO] [40] [-----VideoyiLogin Success.-----]
[2017-07-18 10:35:05:851] [videoyiTestCase.MemberManagerTest] [INFO] [33] [-----testMemeberManager Start.-----]
[2017-07-18 10:35:07:883] [videoyiTestCase.MemberManagerTest] [INFO] [39] [-----testMemeberManager Success.-----]
[2017-07-18 10:35:08:888] [videoyiTestCase.MemberManagerTest] [INFO] [198] [-----testDeleteMemberCancel Start.-----]
[2017-07-18 10:35:11:489] [videoyiAutoTest.videoyiTestNGMain] [INFO] [62] [# # # # # # # #Close Test Application# # # # # # # #]
[2017-07-18 10:35:11:489] [videoyiAutoTest.videoyiTestNGMain] [INFO] [63] [# # # # # # # # # #TEST Has Ended# # # # # # # # # #]
[2017-07-18 10:35:11:490] [videoyiAutoTest.videoyiTestNGMain] [INFO] [64] [# # # # # # # # # # # # # # # # # # # # # # # # # # # ]
[2017-07-18 10:37:05:525] [videoyiAutoTest.videoyiTestNGMain] [INFO] [35] [# # # # # # # # # # # # # # # # # # # # # # # # # # # ]
[2017-07-18 10:37:05:528] [videoyiAutoTest.videoyiTestNGMain] [INFO] [36] [# # # # # # # # # #TEST Has Started# # # # # # # # # #]
[2017-07-18 10:37:05:529] [common.DriverManager] [INFO] [44] [# # # # # # # # #Executing on CHROME# # # # # # # # #]
[2017-07-18 10:37:11:774] [videoyiAutoTest.videoyiTestNGMain] [INFO] [48] [# # # # # # # # #Open Test Application# # # # # # # #]
[2017-07-18 10:37:14:788] [videoyiTestCase.VideoyiLoginTest] [INFO] [28] [-----Show VideoyiLogin Page.-----]
[2017-07-18 10:37:18:783] [videoyiTestCase.VideoyiLoginTest] [INFO] [40] [-----VideoyiLogin Success.-----]
[2017-07-18 10:37:21:788] [videoyiTestCase.MemberManagerTest] [INFO] [33] [-----testMemeberManager Start.-----]
[2017-07-18 10:37:23:859] [videoyiTestCase.MemberManagerTest] [INFO] [39] [-----testMemeberManager Success.-----]
[2017-07-18 10:37:24:863] [videoyiTestCase.MemberManagerTest] [INFO] [198] [-----testDeleteMemberCancel Start.-----]
[2017-07-18 10:37:25:344] [videoyiTestCase.MemberManagerTest] [INFO] [202] [-----111111-----]
[2017-07-18 10:37:26:551] [videoyiAutoTest.videoyiTestNGMain] [INFO] [62] [# # # # # # # #Close Test Application# # # # # # # #]
[2017-07-18 10:37:26:552] [videoyiAutoTest.videoyiTestNGMain] [INFO] [63] [# # # # # # # # # #TEST Has Ended# # # # # # # # # #]
[2017-07-18 10:37:26:552] [videoyiAutoTest.videoyiTestNGMain] [INFO] [64] [# # # # # # # # # # # # # # # # # # # # # # # # # # # ]
[2017-07-18 10:38:23:113] [videoyiAutoTest.videoyiTestNGMain] [INFO] [35] [# # # # # # # # # # # # # # # # # # # # # # # # # # # ]
[2017-07-18 10:38:23:115] [videoyiAutoTest.videoyiTestNGMain] [INFO] [36] [# # # # # # # # # #TEST Has Started# # # # # # # # # #]
[2017-07-18 10:38:23:116] [common.DriverManager] [INFO] [44] [# # # # # # # # #Executing on CHROME# # # # # # # # #]
[2017-07-18 10:38:29:244] [videoyiAutoTest.videoyiTestNGMain] [INFO] [48] [# # # # # # # # #Open Test Application# # # # # # # #]
[2017-07-18 10:38:32:255] [videoyiTestCase.VideoyiLoginTest] [INFO] [28] [-----Show VideoyiLogin Page.-----]
[2017-07-18 10:38:36:467] [videoyiTestCase.VideoyiLoginTest] [INFO] [40] [-----VideoyiLogin Success.-----]
[2017-07-18 10:38:39:471] [videoyiTestCase.MemberManagerTest] [INFO] [33] [-----testMemeberManager Start.-----]
[2017-07-18 10:38:41:618] [videoyiTestCase.MemberManagerTest] [INFO] [39] [-----testMemeberManager Success.-----]
[2017-07-18 10:38:42:622] [videoyiTestCase.MemberManagerTest] [INFO] [198] [-----testDeleteMemberCancel Start.-----]
[2017-07-18 10:38:46:173] [videoyiTestCase.MemberManagerTest] [INFO] [203] [-----111111-----]
[2017-07-18 10:38:47:298] [videoyiAutoTest.videoyiTestNGMain] [INFO] [62] [# # # # # # # #Close Test Application# # # # # # # #]
[2017-07-18 10:38:47:298] [videoyiAutoTest.videoyiTestNGMain] [INFO] [63] [# # # # # # # # # #TEST Has Ended# # # # # # # # # #]
[2017-07-18 10:38:47:298] [videoyiAutoTest.videoyiTestNGMain] [INFO] [64] [# # # # # # # # # # # # # # # # # # # # # # # # # # # ]
[2017-07-18 10:40:19:618] [videoyiAutoTest.videoyiTestNGMain] [INFO] [35] [# # # # # # # # # # # # # # # # # # # # # # # # # # # ]
[2017-07-18 10:40:19:620] [videoyiAutoTest.videoyiTestNGMain] [INFO] [36] [# # # # # # # # # #TEST Has Started# # # # # # # # # #]
[2017-07-18 10:40:19:621] [common.DriverManager] [INFO] [44] [# # # # # # # # #Executing on CHROME# # # # # # # # #]
[2017-07-18 10:40:25:796] [videoyiAutoTest.videoyiTestNGMain] [INFO] [48] [# # # # # # # # #Open Test Application# # # # # # # #]
[2017-07-18 10:40:28:813] [videoyiTestCase.VideoyiLoginTest] [INFO] [28] [-----Show VideoyiLogin Page.-----]
[2017-07-18 10:40:32:883] [videoyiTestCase.VideoyiLoginTest] [INFO] [40] [-----VideoyiLogin Success.-----]
[2017-07-18 10:40:35:888] [videoyiTestCase.MemberManagerTest] [INFO] [33] [-----testMemeberManager Start.-----]
[2017-07-18 10:40:38:040] [videoyiTestCase.MemberManagerTest] [INFO] [39] [-----testMemeberManager Success.-----]
[2017-07-18 10:40:39:046] [videoyiTestCase.MemberManagerTest] [INFO] [219] [-----testDeleteMemberCancel Start.-----]
[2017-07-18 10:40:41:637] [videoyiAutoTest.videoyiTestNGMain] [INFO] [62] [# # # # # # # #Close Test Application# # # # # # # #]
[2017-07-18 10:40:41:638] [videoyiAutoTest.videoyiTestNGMain] [INFO] [63] [# # # # # # # # # #TEST Has Ended# # # # # # # # # #]
[2017-07-18 10:40:41:638] [videoyiAutoTest.videoyiTestNGMain] [INFO] [64] [# # # # # # # # # # # # # # # # # # # # # # # # # # # ]
[2017-07-18 10:41:06:009] [videoyiAutoTest.videoyiTestNGMain] [INFO] [35] [# # # # # # # # # # # # # # # # # # # # # # # # # # # ]
[2017-07-18 10:41:06:012] [videoyiAutoTest.videoyiTestNGMain] [INFO] [36] [# # # # # # # # # #TEST Has Started# # # # # # # # # #]
[2017-07-18 10:41:06:018] [common.DriverManager] [INFO] [44] [# # # # # # # # #Executing on CHROME# # # # # # # # #]
[2017-07-18 10:41:12:329] [videoyiAutoTest.videoyiTestNGMain] [INFO] [48] [# # # # # # # # #Open Test Application# # # # # # # #]
[2017-07-18 10:41:15:347] [videoyiTestCase.VideoyiLoginTest] [INFO] [28] [-----Show VideoyiLogin Page.-----]
[2017-07-18 10:41:19:399] [videoyiTestCase.VideoyiLoginTest] [INFO] [40] [-----VideoyiLogin Success.-----]
[2017-07-18 10:41:22:406] [videoyiTestCase.MemberManagerTest] [INFO] [33] [-----testMemeberManager Start.-----]
[2017-07-18 10:41:24:415] [videoyiTestCase.MemberManagerTest] [INFO] [39] [-----testMemeberManager Success.-----]
[2017-07-18 10:41:25:418] [videoyiTestCase.MemberManagerTest] [INFO] [219] [-----testDeleteMemberCancel Start.-----]
[2017-07-18 10:42:23:911] [videoyiAutoTest.videoyiTestNGMain] [INFO] [35] [# # # # # # # # # # # # # # # # # # # # # # # # # # # ]
[2017-07-18 10:42:23:914] [videoyiAutoTest.videoyiTestNGMain] [INFO] [36] [# # # # # # # # # #TEST Has Started# # # # # # # # # #]
[2017-07-18 10:42:23:920] [common.DriverManager] [INFO] [44] [# # # # # # # # #Executing on CHROME# # # # # # # # #]
[2017-07-18 10:42:30:539] [videoyiAutoTest.videoyiTestNGMain] [INFO] [48] [# # # # # # # # #Open Test Application# # # # # # # #]
[2017-07-18 10:42:33:557] [videoyiTestCase.VideoyiLoginTest] [INFO] [28] [-----Show VideoyiLogin Page.-----]
[2017-07-18 10:42:37:597] [videoyiTestCase.VideoyiLoginTest] [INFO] [40] [-----VideoyiLogin Success.-----]
[2017-07-18 10:42:40:600] [videoyiTestCase.MemberManagerTest] [INFO] [33] [-----testMemeberManager Start.-----]
[2017-07-18 10:42:42:595] [videoyiTestCase.MemberManagerTest] [INFO] [39] [-----testMemeberManager Success.-----]
[2017-07-18 10:42:43:600] [videoyiTestCase.MemberManagerTest] [INFO] [220] [-----testDeleteMemberCancel Start.-----]
[2017-07-18 10:42:46:271] [videoyiAutoTest.videoyiTestNGMain] [INFO] [62] [# # # # # # # #Close Test Application# # # # # # # #]
[2017-07-18 10:42:46:272] [videoyiAutoTest.videoyiTestNGMain] [INFO] [63] [# # # # # # # # # #TEST Has Ended# # # # # # # # # #]
[2017-07-18 10:42:46:272] [videoyiAutoTest.videoyiTestNGMain] [INFO] [64] [# # # # # # # # # # # # # # # # # # # # # # # # # # # ]
[2017-07-18 10:44:14:715] [videoyiAutoTest.videoyiTestNGMain] [INFO] [35] [# # # # # # # # # # # # # # # # # # # # # # # # # # # ]
[2017-07-18 10:44:14:719] [videoyiAutoTest.videoyiTestNGMain] [INFO] [36] [# # # # # # # # # #TEST Has Started# # # # # # # # # #]
[2017-07-18 10:44:14:724] [common.DriverManager] [INFO] [44] [# # # # # # # # #Executing on CHROME# # # # # # # # #]
[2017-07-18 10:44:35:868] [videoyiAutoTest.videoyiTestNGMain] [INFO] [48] [# # # # # # # # #Open Test Application# # # # # # # #]
[2017-07-18 10:44:38:885] [videoyiTestCase.VideoyiLoginTest] [INFO] [28] [-----Show VideoyiLogin Page.-----]
[2017-07-18 10:44:43:002] [videoyiTestCase.VideoyiLoginTest] [INFO] [40] [-----VideoyiLogin Success.-----]
[2017-07-18 10:44:46:008] [videoyiTestCase.MemberManagerTest] [INFO] [33] [-----testMemeberManager Start.-----]
[2017-07-18 10:44:48:075] [videoyiTestCase.MemberManagerTest] [INFO] [39] [-----testMemeberManager Success.-----]
[2017-07-18 10:44:49:079] [videoyiTestCase.MemberManagerTest] [INFO] [220] [-----testDeleteMemberCancel Start.-----]
[2017-07-18 10:44:49:557] [videoyiTestCase.MemberManagerTest] [INFO] [225] [-----11111.-----]
[2017-07-18 10:45:28:748] [videoyiAutoTest.videoyiTestNGMain] [INFO] [62] [# # # # # # # #Close Test Application# # # # # # # #]
[2017-07-18 10:45:28:749] [videoyiAutoTest.videoyiTestNGMain] [INFO] [63] [# # # # # # # # # #TEST Has Ended# # # # # # # # # #]
[2017-07-18 10:45:28:751] [videoyiAutoTest.videoyiTestNGMain] [INFO] [64] [# # # # # # # # # # # # # # # # # # # # # # # # # # # ]
[2017-07-18 10:47:12:727] [videoyiAutoTest.videoyiTestNGMain] [INFO] [35] [# # # # # # # # # # # # # # # # # # # # # # # # # # # ]
[2017-07-18 10:47:12:731] [videoyiAutoTest.videoyiTestNGMain] [INFO] [36] [# # # # # # # # # #TEST Has Started# # # # # # # # # #]
[2017-07-18 10:47:12:736] [common.DriverManager] [INFO] [44] [# # # # # # # # #Executing on CHROME# # # # # # # # #]
[2017-07-18 10:47:19:167] [videoyiAutoTest.videoyiTestNGMain] [INFO] [48] [# # # # # # # # #Open Test Application# # # # # # # #]
[2017-07-18 10:47:22:187] [videoyiTestCase.VideoyiLoginTest] [INFO] [28] [-----Show VideoyiLogin Page.-----]
[2017-07-18 10:47:26:284] [videoyiTestCase.VideoyiLoginTest] [INFO] [40] [-----VideoyiLogin Success.-----]
[2017-07-18 10:47:29:288] [videoyiTestCase.MemberManagerTest] [INFO] [33] [-----testMemeberManager Start.-----]
[2017-07-18 10:47:31:307] [videoyiTestCase.MemberManagerTest] [INFO] [39] [-----testMemeberManager Success.-----]
[2017-07-18 10:47:32:310] [videoyiTestCase.MemberManagerTest] [INFO] [220] [-----testDeleteMemberCancel Start.-----]
[2017-07-18 10:47:46:396] [videoyiTestCase.MemberManagerTest] [INFO] [225] [-----22222.-----]
[2017-07-18 10:48:02:321] [videoyiTestCase.MemberManagerTest] [INFO] [227] [-----3333.-----]
[2017-07-18 10:48:03:439] [videoyiAutoTest.videoyiTestNGMain] [INFO] [62] [# # # # # # # #Close Test Application# # # # # # # #]
[2017-07-18 10:48:03:439] [videoyiAutoTest.videoyiTestNGMain] [INFO] [63] [# # # # # # # # # #TEST Has Ended# # # # # # # # # #]
[2017-07-18 10:48:03:440] [videoyiAutoTest.videoyiTestNGMain] [INFO] [64] [# # # # # # # # # # # # # # # # # # # # # # # # # # # ]
[2017-07-18 10:48:32:714] [videoyiAutoTest.videoyiTestNGMain] [INFO] [35] [# # # # # # # # # # # # # # # # # # # # # # # # # # # ]
[2017-07-18 10:48:32:717] [videoyiAutoTest.videoyiTestNGMain] [INFO] [36] [# # # # # # # # # #TEST Has Started# # # # # # # # # #]
[2017-07-18 10:48:32:718] [common.DriverManager] [INFO] [44] [# # # # # # # # #Executing on CHROME# # # # # # # # #]
[2017-07-18 10:48:39:377] [videoyiAutoTest.videoyiTestNGMain] [INFO] [48] [# # # # # # # # #Open Test Application# # # # # # # #]
[2017-07-18 10:48:42:398] [videoyiTestCase.VideoyiLoginTest] [INFO] [28] [-----Show VideoyiLogin Page.-----]
[2017-07-18 10:48:46:483] [videoyiTestCase.VideoyiLoginTest] [INFO] [40] [-----VideoyiLogin Success.-----]
[2017-07-18 10:48:49:488] [videoyiTestCase.MemberManagerTest] [INFO] [33] [-----testMemeberManager Start.-----]
[2017-07-18 10:48:51:531] [videoyiTestCase.MemberManagerTest] [INFO] [39] [-----testMemeberManager Success.-----]
[2017-07-18 10:48:52:534] [videoyiTestCase.MemberManagerTest] [INFO] [220] [-----testDeleteMemberCancel Start.-----]
[2017-07-18 10:48:53:025] [videoyiTestCase.MemberManagerTest] [INFO] [225] [-----22222.-----]
[2017-07-18 10:48:53:038] [videoyiTestCase.MemberManagerTest] [INFO] [228] [-----3333.-----]
[2017-07-18 10:48:54:138] [videoyiAutoTest.videoyiTestNGMain] [INFO] [62] [# # # # # # # #Close Test Application# # # # # # # #]
[2017-07-18 10:48:54:139] [videoyiAutoTest.videoyiTestNGMain] [INFO] [63] [# # # # # # # # # #TEST Has Ended# # # # # # # # # #]
[2017-07-18 10:48:54:139] [videoyiAutoTest.videoyiTestNGMain] [INFO] [64] [# # # # # # # # # # # # # # # # # # # # # # # # # # # ]
[2017-07-18 10:49:26:682] [videoyiAutoTest.videoyiTestNGMain] [INFO] [35] [# # # # # # # # # # # # # # # # # # # # # # # # # # # ]
[2017-07-18 10:49:26:685] [videoyiAutoTest.videoyiTestNGMain] [INFO] [36] [# # # # # # # # # #TEST Has Started# # # # # # # # # #]
[2017-07-18 10:49:26:686] [common.DriverManager] [INFO] [44] [# # # # # # # # #Executing on CHROME# # # # # # # # #]
[2017-07-18 10:49:32:970] [videoyiAutoTest.videoyiTestNGMain] [INFO] [48] [# # # # # # # # #Open Test Application# # # # # # # #]
[2017-07-18 10:49:35:982] [videoyiTestCase.VideoyiLoginTest] [INFO] [28] [-----Show VideoyiLogin Page.-----]
[2017-07-18 10:49:39:975] [videoyiTestCase.VideoyiLoginTest] [INFO] [40] [-----VideoyiLogin Success.-----]
[2017-07-18 10:49:42:983] [videoyiTestCase.MemberManagerTest] [INFO] [33] [-----testMemeberManager Start.-----]
[2017-07-18 10:49:45:043] [videoyiTestCase.MemberManagerTest] [INFO] [39] [-----testMemeberManager Success.-----]
[2017-07-18 10:49:46:046] [videoyiTestCase.MemberManagerTest] [INFO] [220] [-----testDeleteMemberCancel Start.-----]
[2017-07-18 10:49:47:520] [videoyiTestCase.MemberManagerTest] [INFO] [226] [-----22222.-----]
[2017-07-18 10:49:47:551] [videoyiTestCase.MemberManagerTest] [INFO] [229] [-----3333.-----]
[2017-07-18 10:49:48:762] [videoyiAutoTest.videoyiTestNGMain] [INFO] [62] [# # # # # # # #Close Test Application# # # # # # # #]
[2017-07-18 10:49:48:763] [videoyiAutoTest.videoyiTestNGMain] [INFO] [63] [# # # # # # # # # #TEST Has Ended# # # # # # # # # #]
[2017-07-18 10:49:48:763] [videoyiAutoTest.videoyiTestNGMain] [INFO] [64] [# # # # # # # # # # # # # # # # # # # # # # # # # # # ]
[2017-07-18 10:50:13:327] [videoyiAutoTest.videoyiTestNGMain] [INFO] [35] [# # # # # # # # # # # # # # # # # # # # # # # # # # # ]
[2017-07-18 10:50:13:330] [videoyiAutoTest.videoyiTestNGMain] [INFO] [36] [# # # # # # # # # #TEST Has Started# # # # # # # # # #]
[2017-07-18 10:50:13:331] [common.DriverManager] [INFO] [44] [# # # # # # # # #Executing on CHROME# # # # # # # # #]
[2017-07-18 10:50:19:919] [videoyiAutoTest.videoyiTestNGMain] [INFO] [48] [# # # # # # # # #Open Test Application# # # # # # # #]
[2017-07-18 10:50:22:933] [videoyiTestCase.VideoyiLoginTest] [INFO] [28] [-----Show VideoyiLogin Page.-----]
[2017-07-18 10:50:26:985] [videoyiTestCase.VideoyiLoginTest] [INFO] [40] [-----VideoyiLogin Success.-----]
[2017-07-18 10:50:29:993] [videoyiTestCase.MemberManagerTest] [INFO] [33] [-----testMemeberManager Start.-----]
[2017-07-18 10:50:31:982] [videoyiTestCase.MemberManagerTest] [INFO] [39] [-----testMemeberManager Success.-----]
[2017-07-18 10:50:32:986] [videoyiTestCase.MemberManagerTest] [INFO] [220] [-----testDeleteMemberCancel Start.-----]
[2017-07-18 10:50:34:463] [videoyiTestCase.MemberManagerTest] [INFO] [226] [-----22222.-----]
[2017-07-18 10:50:38:486] [videoyiTestCase.MemberManagerTest] [INFO] [234] [-----Handle UnhandledAlertException-----]
[2017-07-18 10:50:41:575] [videoyiAutoTest.videoyiTestNGMain] [INFO] [62] [# # # # # # # #Close Test Application# # # # # # # #]
[2017-07-18 10:50:41:576] [videoyiAutoTest.videoyiTestNGMain] [INFO] [63] [# # # # # # # # # #TEST Has Ended# # # # # # # # # #]
[2017-07-18 10:50:41:576] [videoyiAutoTest.videoyiTestNGMain] [INFO] [64] [# # # # # # # # # # # # # # # # # # # # # # # # # # # ]
[2017-07-18 10:52:02:175] [videoyiAutoTest.videoyiTestNGMain] [INFO] [35] [# # # # # # # # # # # # # # # # # # # # # # # # # # # ]
[2017-07-18 10:52:02:177] [videoyiAutoTest.videoyiTestNGMain] [INFO] [36] [# # # # # # # # # #TEST Has Started# # # # # # # # # #]
[2017-07-18 10:52:02:178] [common.DriverManager] [INFO] [44] [# # # # # # # # #Executing on CHROME# # # # # # # # #]
[2017-07-18 10:52:08:353] [videoyiAutoTest.videoyiTestNGMain] [INFO] [48] [# # # # # # # # #Open Test Application# # # # # # # #]
[2017-07-18 10:52:11:367] [videoyiTestCase.VideoyiLoginTest] [INFO] [28] [-----Show VideoyiLogin Page.-----]
[2017-07-18 10:52:15:343] [videoyiTestCase.VideoyiLoginTest] [INFO] [40] [-----VideoyiLogin Success.-----]
[2017-07-18 10:52:18:351] [videoyiTestCase.MemberManagerTest] [INFO] [33] [-----testMemeberManager Start.-----]
[2017-07-18 10:52:20:434] [videoyiTestCase.MemberManagerTest] [INFO] [39] [-----testMemeberManager Success.-----]
[2017-07-18 10:52:21:439] [videoyiTestCase.MemberManagerTest] [INFO] [220] [-----testDeleteMemberCancel Start.-----]
[2017-07-18 10:52:23:312] [videoyiTestCase.MemberManagerTest] [INFO] [226] [-----22222.-----]
[2017-07-18 10:52:26:342] [videoyiTestCase.MemberManagerTest] [INFO] [233] [-----Handle UnhandledAlertException-----]
[2017-07-18 10:52:29:448] [videoyiAutoTest.videoyiTestNGMain] [INFO] [62] [# # # # # # # #Close Test Application# # # # # # # #]
[2017-07-18 10:52:29:449] [videoyiAutoTest.videoyiTestNGMain] [INFO] [63] [# # # # # # # # # #TEST Has Ended# # # # # # # # # #]
[2017-07-18 10:52:29:450] [videoyiAutoTest.videoyiTestNGMain] [INFO] [64] [# # # # # # # # # # # # # # # # # # # # # # # # # # # ]
[2017-07-18 10:53:09:037] [videoyiAutoTest.videoyiTestNGMain] [INFO] [35] [# # # # # # # # # # # # # # # # # # # # # # # # # # # ]
[2017-07-18 10:53:09:040] [videoyiAutoTest.videoyiTestNGMain] [INFO] [36] [# # # # # # # # # #TEST Has Started# # # # # # # # # #]
[2017-07-18 10:53:09:041] [common.DriverManager] [INFO] [44] [# # # # # # # # #Executing on CHROME# # # # # # # # #]
[2017-07-18 10:53:15:254] [videoyiAutoTest.videoyiTestNGMain] [INFO] [48] [# # # # # # # # #Open Test Application# # # # # # # #]
[2017-07-18 10:53:18:271] [videoyiTestCase.VideoyiLoginTest] [INFO] [28] [-----Show VideoyiLogin Page.-----]
[2017-07-18 10:53:22:407] [videoyiTestCase.VideoyiLoginTest] [INFO] [40] [-----VideoyiLogin Success.-----]
[2017-07-18 10:53:25:411] [videoyiTestCase.MemberManagerTest] [INFO] [33] [-----testMemeberManager Start.-----]
[2017-07-18 10:53:27:425] [videoyiTestCase.MemberManagerTest] [INFO] [39] [-----testMemeberManager Success.-----]
[2017-07-18 10:53:28:429] [videoyiTestCase.MemberManagerTest] [INFO] [220] [-----testDeleteMemberCancel Start.-----]
[2017-07-18 10:53:29:892] [videoyiTestCase.MemberManagerTest] [INFO] [226] [-----22222.-----]
[2017-07-18 10:53:29:901] [videoyiTestCase.MemberManagerTest] [INFO] [230] [-----3333.-----]
[2017-07-18 10:53:30:998] [videoyiAutoTest.videoyiTestNGMain] [INFO] [62] [# # # # # # # #Close Test Application# # # # # # # #]
[2017-07-18 10:53:30:998] [videoyiAutoTest.videoyiTestNGMain] [INFO] [63] [# # # # # # # # # #TEST Has Ended# # # # # # # # # #]
[2017-07-18 10:53:30:998] [videoyiAutoTest.videoyiTestNGMain] [INFO] [64] [# # # # # # # # # # # # # # # # # # # # # # # # # # # ]
[2017-07-18 10:56:23:308] [videoyiAutoTest.videoyiTestNGMain] [INFO] [35] [# # # # # # # # # # # # # # # # # # # # # # # # # # # ]
[2017-07-18 10:56:23:310] [videoyiAutoTest.videoyiTestNGMain] [INFO] [36] [# # # # # # # # # #TEST Has Started# # # # # # # # # #]
[2017-07-18 10:56:23:311] [common.DriverManager] [INFO] [44] [# # # # # # # # #Executing on CHROME# # # # # # # # #]
[2017-07-18 10:56:29:890] [videoyiAutoTest.videoyiTestNGMain] [INFO] [48] [# # # # # # # # #Open Test Application# # # # # # # #]
[2017-07-18 10:56:32:907] [videoyiTestCase.VideoyiLoginTest] [INFO] [28] [-----Show VideoyiLogin Page.-----]
[2017-07-18 10:56:37:104] [videoyiTestCase.VideoyiLoginTest] [INFO] [40] [-----VideoyiLogin Success.-----]
[2017-07-18 10:56:40:108] [videoyiTestCase.MemberManagerTest] [INFO] [33] [-----testMemeberManager Start.-----]
[2017-07-18 10:56:42:124] [videoyiTestCase.MemberManagerTest] [INFO] [39] [-----testMemeberManager Success.-----]
[2017-07-18 10:56:43:128] [videoyiTestCase.MemberManagerTest] [INFO] [219] [-----testDeleteMemberCancel Start.-----]
[2017-07-18 10:56:47:588] [videoyiTestCase.MemberManagerTest] [INFO] [232] [-----Handle UnhandledAlertException-----]
[2017-07-18 10:56:50:661] [videoyiAutoTest.videoyiTestNGMain] [INFO] [62] [# # # # # # # #Close Test Application# # # # # # # #]
[2017-07-18 10:56:50:662] [videoyiAutoTest.videoyiTestNGMain] [INFO] [63] [# # # # # # # # # #TEST Has Ended# # # # # # # # # #]
[2017-07-18 10:56:50:662] [videoyiAutoTest.videoyiTestNGMain] [INFO] [64] [# # # # # # # # # # # # # # # # # # # # # # # # # # # ]
[2017-07-18 10:58:52:002] [videoyiAutoTest.videoyiTestNGMain] [INFO] [35] [# # # # # # # # # # # # # # # # # # # # # # # # # # # ]
[2017-07-18 10:58:52:004] [videoyiAutoTest.videoyiTestNGMain] [INFO] [36] [# # # # # # # # # #TEST Has Started# # # # # # # # # #]
[2017-07-18 10:58:52:005] [common.DriverManager] [INFO] [44] [# # # # # # # # #Executing on CHROME# # # # # # # # #]
[2017-07-18 10:58:58:427] [videoyiAutoTest.videoyiTestNGMain] [INFO] [48] [# # # # # # # # #Open Test Application# # # # # # # #]
[2017-07-18 10:59:01:443] [videoyiTestCase.VideoyiLoginTest] [INFO] [28] [-----Show VideoyiLogin Page.-----]
[2017-07-18 10:59:05:468] [videoyiTestCase.VideoyiLoginTest] [INFO] [40] [-----VideoyiLogin Success.-----]
[2017-07-18 10:59:08:473] [videoyiTestCase.MemberManagerTest] [INFO] [33] [-----testMemeberManager Start.-----]
[2017-07-18 10:59:10:508] [videoyiTestCase.MemberManagerTest] [INFO] [39] [-----testMemeberManager Success.-----]
[2017-07-18 10:59:11:512] [videoyiTestCase.MemberManagerTest] [INFO] [219] [-----testDeleteMemberCancel Start.-----]
[2017-07-18 10:59:14:024] [videoyiTestCase.MemberManagerTest] [INFO] [229] [-----Handle UnhandledAlertException-----]
[2017-07-18 10:59:14:383] [videoyiTestCase.MemberManagerTest] [INFO] [231] [-----testDeleteMemberCancel Exception Success.-----]
[2017-07-18 10:59:15:534] [videoyiAutoTest.videoyiTestNGMain] [INFO] [62] [# # # # # # # #Close Test Application# # # # # # # #]
[2017-07-18 10:59:15:534] [videoyiAutoTest.videoyiTestNGMain] [INFO] [63] [# # # # # # # # # #TEST Has Ended# # # # # # # # # #]
[2017-07-18 10:59:15:535] [videoyiAutoTest.videoyiTestNGMain] [INFO] [64] [# # # # # # # # # # # # # # # # # # # # # # # # # # # ]
[2017-07-18 11:01:59:853] [videoyiAutoTest.videoyiTestNGMain] [INFO] [35] [# # # # # # # # # # # # # # # # # # # # # # # # # # # ]
[2017-07-18 11:01:59:856] [videoyiAutoTest.videoyiTestNGMain] [INFO] [36] [# # # # # # # # # #TEST Has Started# # # # # # # # # #]
[2017-07-18 11:01:59:857] [common.DriverManager] [INFO] [44] [# # # # # # # # #Executing on CHROME# # # # # # # # #]
[2017-07-18 11:02:06:311] [videoyiAutoTest.videoyiTestNGMain] [INFO] [48] [# # # # # # # # #Open Test Application# # # # # # # #]
[2017-07-18 11:02:09:327] [videoyiTestCase.VideoyiLoginTest] [INFO] [28] [-----Show VideoyiLogin Page.-----]
[2017-07-18 11:02:13:295] [videoyiTestCase.VideoyiLoginTest] [INFO] [40] [-----VideoyiLogin Success.-----]
[2017-07-18 11:02:16:300] [videoyiTestCase.MemberManagerTest] [INFO] [33] [-----testMemeberManager Start.-----]
[2017-07-18 11:02:18:403] [videoyiTestCase.MemberManagerTest] [INFO] [39] [-----testMemeberManager Success.-----]
[2017-07-18 11:02:19:406] [videoyiTestCase.MemberManagerTest] [INFO] [219] [-----testDeleteMemberCancel Start.-----]
[2017-07-18 11:02:21:268] [videoyiTestCase.MemberManagerTest] [INFO] [228] [-----testDeleteMemberCancel Success.-----]
[2017-07-18 11:02:22:479] [videoyiAutoTest.videoyiTestNGMain] [INFO] [62] [# # # # # # # #Close Test Application# # # # # # # #]
[2017-07-18 11:02:22:479] [videoyiAutoTest.videoyiTestNGMain] [INFO] [63] [# # # # # # # # # #TEST Has Ended# # # # # # # # # #]
[2017-07-18 11:02:22:479] [videoyiAutoTest.videoyiTestNGMain] [INFO] [64] [# # # # # # # # # # # # # # # # # # # # # # # # # # # ]
[2017-07-18 11:06:57:173] [videoyiAutoTest.videoyiTestNGMain] [INFO] [35] [# # # # # # # # # # # # # # # # # # # # # # # # # # # ]
[2017-07-18 11:06:57:176] [videoyiAutoTest.videoyiTestNGMain] [INFO] [36] [# # # # # # # # # #TEST Has Started# # # # # # # # # #]
[2017-07-18 11:06:57:176] [common.DriverManager] [INFO] [44] [# # # # # # # # #Executing on CHROME# # # # # # # # #]
[2017-07-18 11:07:03:406] [videoyiAutoTest.videoyiTestNGMain] [INFO] [48] [# # # # # # # # #Open Test Application# # # # # # # #]
[2017-07-18 11:07:06:421] [videoyiTestCase.VideoyiLoginTest] [INFO] [28] [-----Show VideoyiLogin Page.-----]
[2017-07-18 11:07:10:642] [videoyiTestCase.VideoyiLoginTest] [INFO] [40] [-----VideoyiLogin Success.-----]
[2017-07-18 11:07:13:647] [videoyiTestCase.MemberManagerTest] [INFO] [33] [-----testMemeberManager Start.-----]
[2017-07-18 11:07:15:677] [videoyiTestCase.MemberManagerTest] [INFO] [39] [-----testMemeberManager Success.-----]
[2017-07-18 11:07:16:681] [videoyiTestCase.MemberManagerTest] [INFO] [55] [-----testCreateMember Start.-----]
[2017-07-18 11:07:32:301] [videoyiTestCase.MemberManagerTest] [INFO] [93] [-----testCreateMember Success.-----]
[2017-07-18 11:07:33:305] [videoyiTestCase.MemberManagerTest] [INFO] [109] [-----testSearchMember Start.-----]
[2017-07-18 11:07:36:570] [videoyiTestCase.MemberManagerTest] [INFO] [123] [-----testSearchMember Success.-----]
[2017-07-18 11:07:37:582] [videoyiTestCase.MemberManagerTest] [INFO] [139] [-----testEditMember Start.-----]
[2017-07-18 11:07:51:902] [videoyiTestCase.MemberManagerTest] [INFO] [183] [-----testEditMember Success.-----]
[2017-07-18 11:07:52:905] [videoyiTestCase.MemberManagerTest] [INFO] [219] [-----testDeleteMemberCancel Start.-----]
[2017-07-18 11:07:54:791] [videoyiTestCase.MemberManagerTest] [INFO] [228] [-----testDeleteMemberCancel Success.-----]
[2017-07-18 11:07:55:803] [videoyiTestCase.MemberManagerTest] [INFO] [242] [-----testDeleteMemberOK Start.-----]
[2017-07-18 11:07:59:682] [videoyiTestCase.MemberManagerTest] [INFO] [254] [-----testDeleteMemberOK Success.-----]
[2017-07-18 11:08:00:818] [videoyiAutoTest.videoyiTestNGMain] [INFO] [62] [# # # # # # # #Close Test Application# # # # # # # #]
[2017-07-18 11:08:00:818] [videoyiAutoTest.videoyiTestNGMain] [INFO] [63] [# # # # # # # # # #TEST Has Ended# # # # # # # # # #]
[2017-07-18 11:08:00:819] [videoyiAutoTest.videoyiTestNGMain] [INFO] [64] [# # # # # # # # # # # # # # # # # # # # # # # # # # # ]
[2017-07-18 16:05:25:704] [videoyiAutoTest.VideoyiTestNGMain] [INFO] [43] [# # # # # # # # # # # # # # # # # # # # # # # # # # # ]
[2017-07-18 16:05:25:726] [videoyiAutoTest.VideoyiTestNGMain] [INFO] [44] [# # # # # # # # # #TEST Has Started# # # # # # # # # #]
[2017-07-18 16:05:25:727] [common.DriverManager] [INFO] [38] [# # # # # # # # #Executing on CHROME# # # # # # # # #]
[2017-07-18 16:05:33:687] [videoyiAutoTest.VideoyiTestNGMain] [INFO] [56] [# # # # # # # # #Open Test Application# # # # # # # #]
[2017-07-18 16:05:36:703] [videoyiTestCase.VideoyiLoginTest] [INFO] [34] [-----testVideoyiLogin Start.-----]
[2017-07-18 16:05:40:907] [videoyiTestCase.VideoyiLoginTest] [INFO] [46] [-----testVideoyiLogin Success.-----]
[2017-07-18 16:05:43:918] [videoyiTestCase.ProductManagerTest] [INFO] [36] [-----testProductManager Start.-----]
[2017-07-18 16:05:46:379] [videoyiTestCase.ProductManagerTest] [INFO] [42] [-----testProductManager Success.-----]
[2017-07-18 16:05:47:383] [videoyiTestCase.ProductManagerTest] [INFO] [59] [-----testCreateProduct Start.-----]
[2017-07-18 16:05:50:089] [videoyiTestCase.ProductManagerTest] [ERROR] [112] [-----testCreateProduct failed.-----]
[2017-07-18 16:05:50:089] [videoyiTestCase.ProductManagerTest] [ERROR] [113] [org.openqa.selenium.InvalidElementStateException: invalid element state: Element must be user-editable in order to clear it.
  (Session info: chrome=59.0.3071.104)
  (Driver info: chromedriver=2.30.477700 (0057494ad8732195794a7b32078424f92a5fce41),platform=Windows NT 6.1.7601 SP1 x86_64) (WARNING: The server did not provide any stacktrace information)
Command duration or timeout: 28 milliseconds
Build info: version: '2.52.0', revision: '4c2593c', time: '2016-02-11 19:03:33'
System info: host: 'WIN-UBMLJ97RGF8', ip: '172.16.0.108', os.name: 'Windows 7', os.arch: 'amd64', os.version: '6.1', java.version: '1.8.0_65'
Driver info: org.openqa.selenium.chrome.ChromeDriver
Capabilities [{applicationCacheEnabled=false, rotatable=false, mobileEmulationEnabled=false, networkConnectionEnabled=false, chrome={chromedriverVersion=2.30.477700 (0057494ad8732195794a7b32078424f92a5fce41), userDataDir=C:\Users\ADMINI~1\AppData\Local\Temp\scoped_dir11276_26293}, takesHeapSnapshot=true, pageLoadStrategy=normal, databaseEnabled=false, handlesAlerts=true, hasTouchScreen=false, version=59.0.3071.104, platform=XP, browserConnectionEnabled=false, nativeEvents=true, acceptSslCerts=true, locationContextEnabled=true, webStorageEnabled=true, browserName=chrome, takesScreenshot=true, javascriptEnabled=true, cssSelectorsEnabled=true, unexpectedAlertBehaviour=}]
Session ID: c5ecbb404a09fef8aee22c6a15f02c19]
[2017-07-18 16:05:51:526] [videoyiAutoTest.VideoyiTestNGMain] [INFO] [71] [# # # # # # # #Close Test Application# # # # # # # #]
[2017-07-18 16:05:51:527] [videoyiAutoTest.VideoyiTestNGMain] [INFO] [72] [# # # # # # # # # #TEST Has Ended# # # # # # # # # #]
[2017-07-18 16:05:51:528] [videoyiAutoTest.VideoyiTestNGMain] [INFO] [73] [# # # # # # # # # # # # # # # # # # # # # # # # # # # ]
[2017-07-18 16:06:50:525] [videoyiAutoTest.VideoyiTestNGMain] [INFO] [43] [# # # # # # # # # # # # # # # # # # # # # # # # # # # ]
[2017-07-18 16:06:50:528] [videoyiAutoTest.VideoyiTestNGMain] [INFO] [44] [# # # # # # # # # #TEST Has Started# # # # # # # # # #]
[2017-07-18 16:06:50:528] [common.DriverManager] [INFO] [38] [# # # # # # # # #Executing on CHROME# # # # # # # # #]
[2017-07-18 16:06:57:023] [videoyiAutoTest.VideoyiTestNGMain] [INFO] [56] [# # # # # # # # #Open Test Application# # # # # # # #]
[2017-07-18 16:07:00:038] [videoyiTestCase.VideoyiLoginTest] [INFO] [34] [-----testVideoyiLogin Start.-----]
[2017-07-18 16:07:04:033] [videoyiTestCase.VideoyiLoginTest] [INFO] [46] [-----testVideoyiLogin Success.-----]
[2017-07-18 16:07:07:044] [videoyiTestCase.ProductManagerTest] [INFO] [36] [-----testProductManager Start.-----]
[2017-07-18 16:07:09:613] [videoyiTestCase.ProductManagerTest] [INFO] [42] [-----testProductManager Success.-----]
[2017-07-18 16:07:10:616] [videoyiTestCase.ProductManagerTest] [INFO] [59] [-----testCreateProduct Start.-----]
[2017-07-18 16:07:14:328] [videoyiTestCase.ProductManagerTest] [ERROR] [111] [-----testCreateProduct failed.-----]
[2017-07-18 16:07:14:328] [videoyiTestCase.ProductManagerTest] [ERROR] [112] [org.openqa.selenium.InvalidSelectorException: invalid selector: Unable to locate an element with the xpath expression //*[@id=’mainzsy‘]/tbody/tr/td[2]/div/div[5]/div[2]/input because of the following error:
SyntaxError: Failed to execute 'evaluate' on 'Document': The string '//*[@id=’mainzsy‘]/tbody/tr/td[2]/div/div[5]/div[2]/input' is not a valid XPath expression.
  (Session info: chrome=59.0.3071.104)
  (Driver info: chromedriver=2.30.477700 (0057494ad8732195794a7b32078424f92a5fce41),platform=Windows NT 6.1.7601 SP1 x86_64) (WARNING: The server did not provide any stacktrace information)
Command duration or timeout: 29 milliseconds
For documentation on this error, please visit: http://seleniumhq.org/exceptions/invalid_selector_exception.html
Build info: version: '2.52.0', revision: '4c2593c', time: '2016-02-11 19:03:33'
System info: host: 'WIN-UBMLJ97RGF8', ip: '172.16.0.108', os.name: 'Windows 7', os.arch: 'amd64', os.version: '6.1', java.version: '1.8.0_65'
Driver info: org.openqa.selenium.chrome.ChromeDriver
Capabilities [{applicationCacheEnabled=false, rotatable=false, mobileEmulationEnabled=false, networkConnectionEnabled=false, chrome={chromedriverVersion=2.30.477700 (0057494ad8732195794a7b32078424f92a5fce41), userDataDir=C:\Users\ADMINI~1\AppData\Local\Temp\scoped_dir12084_2658}, takesHeapSnapshot=true, pageLoadStrategy=normal, databaseEnabled=false, handlesAlerts=true, hasTouchScreen=false, version=59.0.3071.104, platform=XP, browserConnectionEnabled=false, nativeEvents=true, acceptSslCerts=true, locationContextEnabled=true, webStorageEnabled=true, browserName=chrome, takesScreenshot=true, javascriptEnabled=true, cssSelectorsEnabled=true, unexpectedAlertBehaviour=}]
Session ID: 06030a2cfcd9dd8733cc2ea77d003948
*** Element info: {Using=xpath, value=//*[@id=’mainzsy‘]/tbody/tr/td[2]/div/div[5]/div[2]/input}]
[2017-07-18 16:07:15:761] [videoyiAutoTest.VideoyiTestNGMain] [INFO] [71] [# # # # # # # #Close Test Application# # # # # # # #]
[2017-07-18 16:07:15:762] [videoyiAutoTest.VideoyiTestNGMain] [INFO] [72] [# # # # # # # # # #TEST Has Ended# # # # # # # # # #]
[2017-07-18 16:07:15:762] [videoyiAutoTest.VideoyiTestNGMain] [INFO] [73] [# # # # # # # # # # # # # # # # # # # # # # # # # # # ]
[2017-07-18 16:10:42:007] [videoyiAutoTest.VideoyiTestNGMain] [INFO] [43] [# # # # # # # # # # # # # # # # # # # # # # # # # # # ]
[2017-07-18 16:10:42:010] [videoyiAutoTest.VideoyiTestNGMain] [INFO] [44] [# # # # # # # # # #TEST Has Started# # # # # # # # # #]
[2017-07-18 16:10:42:011] [common.DriverManager] [INFO] [38] [# # # # # # # # #Executing on CHROME# # # # # # # # #]
[2017-07-18 16:10:48:407] [videoyiAutoTest.VideoyiTestNGMain] [INFO] [56] [# # # # # # # # #Open Test Application# # # # # # # #]
[2017-07-18 16:10:51:425] [videoyiTestCase.VideoyiLoginTest] [INFO] [34] [-----testVideoyiLogin Start.-----]
[2017-07-18 16:10:55:584] [videoyiTestCase.VideoyiLoginTest] [INFO] [46] [-----testVideoyiLogin Success.-----]
[2017-07-18 16:10:58:588] [videoyiTestCase.ProductManagerTest] [INFO] [36] [-----testProductManager Start.-----]
[2017-07-18 16:11:01:084] [videoyiTestCase.ProductManagerTest] [INFO] [42] [-----testProductManager Success.-----]
[2017-07-18 16:11:02:088] [videoyiTestCase.ProductManagerTest] [INFO] [59] [-----testCreateProduct Start.-----]
[2017-07-18 16:11:11:896] [videoyiTestCase.ProductManagerTest] [ERROR] [111] [-----testCreateProduct failed.-----]
[2017-07-18 16:11:11:897] [videoyiTestCase.ProductManagerTest] [ERROR] [112] [org.openqa.selenium.InvalidElementStateException: invalid element state: Element is not currently interactable and may not be manipulated
  (Session info: chrome=59.0.3071.104)
  (Driver info: chromedriver=2.30.477700 (0057494ad8732195794a7b32078424f92a5fce41),platform=Windows NT 6.1.7601 SP1 x86_64) (WARNING: The server did not provide any stacktrace information)
Command duration or timeout: 47 milliseconds
Build info: version: '2.52.0', revision: '4c2593c', time: '2016-02-11 19:03:33'
System info: host: 'WIN-UBMLJ97RGF8', ip: '172.16.0.108', os.name: 'Windows 7', os.arch: 'amd64', os.version: '6.1', java.version: '1.8.0_65'
Driver info: org.openqa.selenium.chrome.ChromeDriver
Capabilities [{applicationCacheEnabled=false, rotatable=false, mobileEmulationEnabled=false, networkConnectionEnabled=false, chrome={chromedriverVersion=2.30.477700 (0057494ad8732195794a7b32078424f92a5fce41), userDataDir=C:\Users\ADMINI~1\AppData\Local\Temp\scoped_dir12220_2524}, takesHeapSnapshot=true, pageLoadStrategy=normal, databaseEnabled=false, handlesAlerts=true, hasTouchScreen=false, version=59.0.3071.104, platform=XP, browserConnectionEnabled=false, nativeEvents=true, acceptSslCerts=true, locationContextEnabled=true, webStorageEnabled=true, browserName=chrome, takesScreenshot=true, javascriptEnabled=true, cssSelectorsEnabled=true, unexpectedAlertBehaviour=}]
Session ID: affd210f49ba9a5bf3028ce5ea60f6b0]
[2017-07-18 16:11:13:580] [videoyiAutoTest.VideoyiTestNGMain] [INFO] [71] [# # # # # # # #Close Test Application# # # # # # # #]
[2017-07-18 16:11:13:581] [videoyiAutoTest.VideoyiTestNGMain] [INFO] [72] [# # # # # # # # # #TEST Has Ended# # # # # # # # # #]
[2017-07-18 16:11:13:581] [videoyiAutoTest.VideoyiTestNGMain] [INFO] [73] [# # # # # # # # # # # # # # # # # # # # # # # # # # # ]
[2017-07-18 16:16:14:392] [videoyiAutoTest.VideoyiTestNGMain] [INFO] [43] [# # # # # # # # # # # # # # # # # # # # # # # # # # # ]
[2017-07-18 16:16:14:395] [videoyiAutoTest.VideoyiTestNGMain] [INFO] [44] [# # # # # # # # # #TEST Has Started# # # # # # # # # #]
[2017-07-18 16:16:14:400] [common.DriverManager] [INFO] [38] [# # # # # # # # #Executing on CHROME# # # # # # # # #]
[2017-07-18 16:16:21:049] [videoyiAutoTest.VideoyiTestNGMain] [INFO] [56] [# # # # # # # # #Open Test Application# # # # # # # #]
[2017-07-18 16:16:24:080] [videoyiTestCase.VideoyiLoginTest] [INFO] [34] [-----testVideoyiLogin Start.-----]
[2017-07-18 16:16:28:146] [videoyiTestCase.VideoyiLoginTest] [INFO] [46] [-----testVideoyiLogin Success.-----]
[2017-07-18 16:16:31:155] [videoyiTestCase.ProductManagerTest] [INFO] [36] [-----testProductManager Start.-----]
[2017-07-18 16:16:33:540] [videoyiTestCase.ProductManagerTest] [INFO] [42] [-----testProductManager Success.-----]
[2017-07-18 16:16:34:544] [videoyiTestCase.ProductManagerTest] [INFO] [59] [-----testCreateProduct Start.-----]
[2017-07-18 16:17:22:568] [videoyiTestCase.ProductManagerTest] [ERROR] [111] [-----testCreateProduct failed.-----]
[2017-07-18 16:17:22:568] [videoyiTestCase.ProductManagerTest] [ERROR] [112] [org.openqa.selenium.InvalidElementStateException: invalid element state: Element is not currently interactable and may not be manipulated
  (Session info: chrome=59.0.3071.104)
  (Driver info: chromedriver=2.30.477700 (0057494ad8732195794a7b32078424f92a5fce41),platform=Windows NT 6.1.7601 SP1 x86_64) (WARNING: The server did not provide any stacktrace information)
Command duration or timeout: 39 milliseconds
Build info: version: '2.52.0', revision: '4c2593c', time: '2016-02-11 19:03:33'
System info: host: 'WIN-UBMLJ97RGF8', ip: '172.16.0.108', os.name: 'Windows 7', os.arch: 'amd64', os.version: '6.1', java.version: '1.8.0_65'
Driver info: org.openqa.selenium.chrome.ChromeDriver
Capabilities [{applicationCacheEnabled=false, rotatable=false, mobileEmulationEnabled=false, networkConnectionEnabled=false, chrome={chromedriverVersion=2.30.477700 (0057494ad8732195794a7b32078424f92a5fce41), userDataDir=C:\Users\ADMINI~1\AppData\Local\Temp\scoped_dir7484_10133}, takesHeapSnapshot=true, pageLoadStrategy=normal, databaseEnabled=false, handlesAlerts=true, hasTouchScreen=false, version=59.0.3071.104, platform=XP, browserConnectionEnabled=false, nativeEvents=true, acceptSslCerts=true, locationContextEnabled=true, webStorageEnabled=true, browserName=chrome, takesScreenshot=true, javascriptEnabled=true, cssSelectorsEnabled=true, unexpectedAlertBehaviour=}]
Session ID: e4eeda76bb7ceb3f3f8648bbf7314a0b]
[2017-07-18 16:17:26:078] [videoyiAutoTest.VideoyiTestNGMain] [INFO] [71] [# # # # # # # #Close Test Application# # # # # # # #]
[2017-07-18 16:17:26:079] [videoyiAutoTest.VideoyiTestNGMain] [INFO] [72] [# # # # # # # # # #TEST Has Ended# # # # # # # # # #]
[2017-07-18 16:17:26:080] [videoyiAutoTest.VideoyiTestNGMain] [INFO] [73] [# # # # # # # # # # # # # # # # # # # # # # # # # # # ]
[2017-07-18 16:17:48:809] [videoyiAutoTest.VideoyiTestNGMain] [INFO] [43] [# # # # # # # # # # # # # # # # # # # # # # # # # # # ]
[2017-07-18 16:17:48:812] [videoyiAutoTest.VideoyiTestNGMain] [INFO] [44] [# # # # # # # # # #TEST Has Started# # # # # # # # # #]
[2017-07-18 16:17:48:817] [common.DriverManager] [INFO] [38] [# # # # # # # # #Executing on CHROME# # # # # # # # #]
[2017-07-18 16:17:55:278] [videoyiAutoTest.VideoyiTestNGMain] [INFO] [56] [# # # # # # # # #Open Test Application# # # # # # # #]
[2017-07-18 16:17:58:309] [videoyiTestCase.VideoyiLoginTest] [INFO] [34] [-----testVideoyiLogin Start.-----]
[2017-07-18 16:18:02:434] [videoyiTestCase.VideoyiLoginTest] [INFO] [46] [-----testVideoyiLogin Success.-----]
[2017-07-18 16:18:05:440] [videoyiTestCase.ProductManagerTest] [INFO] [36] [-----testProductManager Start.-----]
[2017-07-18 16:18:07:976] [videoyiTestCase.ProductManagerTest] [INFO] [42] [-----testProductManager Success.-----]
[2017-07-18 16:18:08:979] [videoyiTestCase.ProductManagerTest] [INFO] [59] [-----testCreateProduct Start.-----]
[2017-07-18 16:22:11:047] [videoyiAutoTest.VideoyiTestNGMain] [INFO] [43] [# # # # # # # # # # # # # # # # # # # # # # # # # # # ]
[2017-07-18 16:22:11:049] [videoyiAutoTest.VideoyiTestNGMain] [INFO] [44] [# # # # # # # # # #TEST Has Started# # # # # # # # # #]
[2017-07-18 16:22:11:050] [common.DriverManager] [INFO] [38] [# # # # # # # # #Executing on CHROME# # # # # # # # #]
[2017-07-18 16:22:17:756] [videoyiAutoTest.VideoyiTestNGMain] [INFO] [56] [# # # # # # # # #Open Test Application# # # # # # # #]
[2017-07-18 16:22:20:777] [videoyiTestCase.VideoyiLoginTest] [INFO] [34] [-----testVideoyiLogin Start.-----]
[2017-07-18 16:22:24:813] [videoyiTestCase.VideoyiLoginTest] [INFO] [46] [-----testVideoyiLogin Success.-----]
[2017-07-18 16:22:27:819] [videoyiTestCase.ProductManagerTest] [INFO] [36] [-----testProductManager Start.-----]
[2017-07-18 16:22:30:225] [videoyiTestCase.ProductManagerTest] [INFO] [42] [-----testProductManager Success.-----]
[2017-07-18 16:22:31:229] [videoyiTestCase.ProductManagerTest] [INFO] [59] [-----testCreateProduct Start.-----]
[2017-07-18 16:22:41:191] [videoyiTestCase.ProductManagerTest] [ERROR] [112] [-----testCreateProduct failed.-----]
[2017-07-18 16:22:41:192] [videoyiTestCase.ProductManagerTest] [ERROR] [113] [org.openqa.selenium.ElementNotVisibleException: element not visible
  (Session info: chrome=59.0.3071.104)
  (Driver info: chromedriver=2.30.477700 (0057494ad8732195794a7b32078424f92a5fce41),platform=Windows NT 6.1.7601 SP1 x86_64) (WARNING: The server did not provide any stacktrace information)
Command duration or timeout: 50 milliseconds
Build info: version: '2.52.0', revision: '4c2593c', time: '2016-02-11 19:03:33'
System info: host: 'WIN-UBMLJ97RGF8', ip: '172.16.0.108', os.name: 'Windows 7', os.arch: 'amd64', os.version: '6.1', java.version: '1.8.0_65'
Driver info: org.openqa.selenium.chrome.ChromeDriver
Capabilities [{applicationCacheEnabled=false, rotatable=false, mobileEmulationEnabled=false, networkConnectionEnabled=false, chrome={chromedriverVersion=2.30.477700 (0057494ad8732195794a7b32078424f92a5fce41), userDataDir=C:\Users\ADMINI~1\AppData\Local\Temp\scoped_dir12900_16704}, takesHeapSnapshot=true, pageLoadStrategy=normal, databaseEnabled=false, handlesAlerts=true, hasTouchScreen=false, version=59.0.3071.104, platform=XP, browserConnectionEnabled=false, nativeEvents=true, acceptSslCerts=true, locationContextEnabled=true, webStorageEnabled=true, browserName=chrome, takesScreenshot=true, javascriptEnabled=true, cssSelectorsEnabled=true, unexpectedAlertBehaviour=}]
Session ID: 91aae86160d186c5daeec9631c25f830]
[2017-07-18 16:22:42:835] [videoyiAutoTest.VideoyiTestNGMain] [INFO] [71] [# # # # # # # #Close Test Application# # # # # # # #]
[2017-07-18 16:22:42:835] [videoyiAutoTest.VideoyiTestNGMain] [INFO] [72] [# # # # # # # # # #TEST Has Ended# # # # # # # # # #]
[2017-07-18 16:22:42:836] [videoyiAutoTest.VideoyiTestNGMain] [INFO] [73] [# # # # # # # # # # # # # # # # # # # # # # # # # # # ]
[2017-07-18 16:35:53:049] [videoyiAutoTest.VideoyiTestNGMain] [INFO] [43] [# # # # # # # # # # # # # # # # # # # # # # # # # # # ]
[2017-07-18 16:35:53:052] [videoyiAutoTest.VideoyiTestNGMain] [INFO] [44] [# # # # # # # # # #TEST Has Started# # # # # # # # # #]
[2017-07-18 16:35:53:053] [common.DriverManager] [INFO] [38] [# # # # # # # # #Executing on CHROME# # # # # # # # #]
[2017-07-18 16:35:59:532] [videoyiAutoTest.VideoyiTestNGMain] [INFO] [56] [# # # # # # # # #Open Test Application# # # # # # # #]
[2017-07-18 16:36:02:548] [videoyiTestCase.VideoyiLoginTest] [INFO] [34] [-----testVideoyiLogin Start.-----]
[2017-07-18 16:36:06:723] [videoyiTestCase.VideoyiLoginTest] [INFO] [46] [-----testVideoyiLogin Success.-----]
[2017-07-18 16:36:09:728] [videoyiTestCase.ProductManagerTest] [INFO] [36] [-----testProductManager Start.-----]
[2017-07-18 16:36:12:135] [videoyiTestCase.ProductManagerTest] [INFO] [42] [-----testProductManager Success.-----]
[2017-07-18 16:36:13:139] [videoyiTestCase.ProductManagerTest] [INFO] [59] [-----testCreateProduct Start.-----]
[2017-07-18 16:36:26:874] [videoyiTestCase.ProductManagerTest] [INFO] [109] [-----testCreateProduct Success.-----]
[2017-07-18 16:36:27:980] [videoyiAutoTest.VideoyiTestNGMain] [INFO] [71] [# # # # # # # #Close Test Application# # # # # # # #]
[2017-07-18 16:36:27:981] [videoyiAutoTest.VideoyiTestNGMain] [INFO] [72] [# # # # # # # # # #TEST Has Ended# # # # # # # # # #]
[2017-07-18 16:36:27:981] [videoyiAutoTest.VideoyiTestNGMain] [INFO] [73] [# # # # # # # # # # # # # # # # # # # # # # # # # # # ]
[2017-07-18 16:37:27:331] [videoyiAutoTest.VideoyiTestNGMain] [INFO] [43] [# # # # # # # # # # # # # # # # # # # # # # # # # # # ]
[2017-07-18 16:37:27:334] [videoyiAutoTest.VideoyiTestNGMain] [INFO] [44] [# # # # # # # # # #TEST Has Started# # # # # # # # # #]
[2017-07-18 16:37:27:335] [common.DriverManager] [INFO] [38] [# # # # # # # # #Executing on CHROME# # # # # # # # #]
[2017-07-18 16:37:35:349] [videoyiAutoTest.VideoyiTestNGMain] [INFO] [56] [# # # # # # # # #Open Test Application# # # # # # # #]
[2017-07-18 16:37:38:367] [videoyiTestCase.VideoyiLoginTest] [INFO] [34] [-----testVideoyiLogin Start.-----]
[2017-07-18 16:37:42:367] [videoyiTestCase.VideoyiLoginTest] [INFO] [46] [-----testVideoyiLogin Success.-----]
[2017-07-18 16:37:45:374] [videoyiTestCase.ProductManagerTest] [INFO] [36] [-----testProductManager Start.-----]
[2017-07-18 16:37:47:787] [videoyiTestCase.ProductManagerTest] [INFO] [42] [-----testProductManager Success.-----]
[2017-07-18 16:37:48:792] [videoyiTestCase.ProductManagerTest] [INFO] [59] [-----testCreateProduct Start.-----]
[2017-07-18 16:38:03:327] [videoyiTestCase.ProductManagerTest] [INFO] [110] [-----testCreateProduct Success.-----]
[2017-07-18 16:38:04:530] [videoyiAutoTest.VideoyiTestNGMain] [INFO] [71] [# # # # # # # #Close Test Application# # # # # # # #]
[2017-07-18 16:38:04:531] [videoyiAutoTest.VideoyiTestNGMain] [INFO] [72] [# # # # # # # # # #TEST Has Ended# # # # # # # # # #]
[2017-07-18 16:38:04:532] [videoyiAutoTest.VideoyiTestNGMain] [INFO] [73] [# # # # # # # # # # # # # # # # # # # # # # # # # # # ]
[2017-07-18 16:38:35:395] [videoyiAutoTest.VideoyiTestNGMain] [INFO] [43] [# # # # # # # # # # # # # # # # # # # # # # # # # # # ]
[2017-07-18 16:38:35:399] [videoyiAutoTest.VideoyiTestNGMain] [INFO] [44] [# # # # # # # # # #TEST Has Started# # # # # # # # # #]
[2017-07-18 16:38:35:400] [common.DriverManager] [INFO] [38] [# # # # # # # # #Executing on CHROME# # # # # # # # #]
[2017-07-18 16:38:41:794] [videoyiAutoTest.VideoyiTestNGMain] [INFO] [56] [# # # # # # # # #Open Test Application# # # # # # # #]
[2017-07-18 16:38:44:816] [videoyiTestCase.VideoyiLoginTest] [INFO] [34] [-----testVideoyiLogin Start.-----]
[2017-07-18 16:38:48:827] [videoyiTestCase.VideoyiLoginTest] [INFO] [46] [-----testVideoyiLogin Success.-----]
[2017-07-18 16:38:51:832] [videoyiTestCase.ProductManagerTest] [INFO] [36] [-----testProductManager Start.-----]
[2017-07-18 16:38:54:207] [videoyiTestCase.ProductManagerTest] [INFO] [42] [-----testProductManager Success.-----]
[2017-07-18 16:38:55:211] [videoyiTestCase.ProductManagerTest] [INFO] [59] [-----testCreateProduct Start.-----]
[2017-07-18 16:39:05:126] [videoyiTestCase.ProductManagerTest] [ERROR] [114] [-----testCreateProduct failed.-----]
[2017-07-18 16:39:05:126] [videoyiTestCase.ProductManagerTest] [ERROR] [115] [org.openqa.selenium.ElementNotVisibleException: element not visible
  (Session info: chrome=59.0.3071.104)
  (Driver info: chromedriver=2.30.477700 (0057494ad8732195794a7b32078424f92a5fce41),platform=Windows NT 6.1.7601 SP1 x86_64) (WARNING: The server did not provide any stacktrace information)
Command duration or timeout: 43 milliseconds
Build info: version: '2.52.0', revision: '4c2593c', time: '2016-02-11 19:03:33'
System info: host: 'WIN-UBMLJ97RGF8', ip: '172.16.0.108', os.name: 'Windows 7', os.arch: 'amd64', os.version: '6.1', java.version: '1.8.0_65'
Driver info: org.openqa.selenium.chrome.ChromeDriver
Capabilities [{applicationCacheEnabled=false, rotatable=false, mobileEmulationEnabled=false, networkConnectionEnabled=false, chrome={chromedriverVersion=2.30.477700 (0057494ad8732195794a7b32078424f92a5fce41), userDataDir=C:\Users\ADMINI~1\AppData\Local\Temp\scoped_dir14284_22513}, takesHeapSnapshot=true, pageLoadStrategy=normal, databaseEnabled=false, handlesAlerts=true, hasTouchScreen=false, version=59.0.3071.104, platform=XP, browserConnectionEnabled=false, nativeEvents=true, acceptSslCerts=true, locationContextEnabled=true, webStorageEnabled=true, browserName=chrome, takesScreenshot=true, javascriptEnabled=true, cssSelectorsEnabled=true, unexpectedAlertBehaviour=}]
Session ID: 0b87b5f9b139b77baaaefe7fa4602de3]
[2017-07-18 16:39:06:832] [videoyiAutoTest.VideoyiTestNGMain] [INFO] [71] [# # # # # # # #Close Test Application# # # # # # # #]
[2017-07-18 16:39:06:832] [videoyiAutoTest.VideoyiTestNGMain] [INFO] [72] [# # # # # # # # # #TEST Has Ended# # # # # # # # # #]
[2017-07-18 16:39:06:832] [videoyiAutoTest.VideoyiTestNGMain] [INFO] [73] [# # # # # # # # # # # # # # # # # # # # # # # # # # # ]
[2017-07-18 16:46:29:689] [videoyiAutoTest.VideoyiTestNGMain] [INFO] [43] [# # # # # # # # # # # # # # # # # # # # # # # # # # # ]
[2017-07-18 16:46:29:692] [videoyiAutoTest.VideoyiTestNGMain] [INFO] [44] [# # # # # # # # # #TEST Has Started# # # # # # # # # #]
[2017-07-18 16:46:29:693] [common.DriverManager] [INFO] [38] [# # # # # # # # #Executing on CHROME# # # # # # # # #]
[2017-07-18 16:46:36:123] [videoyiAutoTest.VideoyiTestNGMain] [INFO] [56] [# # # # # # # # #Open Test Application# # # # # # # #]
[2017-07-18 16:46:39:143] [videoyiTestCase.VideoyiLoginTest] [INFO] [34] [-----testVideoyiLogin Start.-----]
[2017-07-18 16:46:43:259] [videoyiTestCase.VideoyiLoginTest] [INFO] [46] [-----testVideoyiLogin Success.-----]
[2017-07-18 16:46:46:262] [videoyiTestCase.ProductManagerTest] [INFO] [36] [-----testProductManager Start.-----]
[2017-07-18 16:46:48:687] [videoyiTestCase.ProductManagerTest] [INFO] [42] [-----testProductManager Success.-----]
[2017-07-18 16:46:49:694] [videoyiTestCase.ProductManagerTest] [INFO] [59] [-----testCreateProduct Start.-----]
[2017-07-18 16:46:58:400] [videoyiTestCase.ProductManagerTest] [ERROR] [115] [-----testCreateProduct failed.-----]
[2017-07-18 16:46:58:400] [videoyiTestCase.ProductManagerTest] [ERROR] [116] [org.openqa.selenium.WebDriverException: unknown error: cannot focus element
  (Session info: chrome=59.0.3071.104)
  (Driver info: chromedriver=2.30.477700 (0057494ad8732195794a7b32078424f92a5fce41),platform=Windows NT 6.1.7601 SP1 x86_64) (WARNING: The server did not provide any stacktrace information)
Command duration or timeout: 64 milliseconds
Build info: version: '2.52.0', revision: '4c2593c', time: '2016-02-11 19:03:33'
System info: host: 'WIN-UBMLJ97RGF8', ip: '172.16.0.108', os.name: 'Windows 7', os.arch: 'amd64', os.version: '6.1', java.version: '1.8.0_65'
Driver info: org.openqa.selenium.chrome.ChromeDriver
Capabilities [{applicationCacheEnabled=false, rotatable=false, mobileEmulationEnabled=false, networkConnectionEnabled=false, chrome={chromedriverVersion=2.30.477700 (0057494ad8732195794a7b32078424f92a5fce41), userDataDir=C:\Users\ADMINI~1\AppData\Local\Temp\scoped_dir11544_9873}, takesHeapSnapshot=true, pageLoadStrategy=normal, databaseEnabled=false, handlesAlerts=true, hasTouchScreen=false, version=59.0.3071.104, platform=XP, browserConnectionEnabled=false, nativeEvents=true, acceptSslCerts=true, locationContextEnabled=true, webStorageEnabled=true, browserName=chrome, takesScreenshot=true, javascriptEnabled=true, cssSelectorsEnabled=true, unexpectedAlertBehaviour=}]
Session ID: c73d356d7bf07d55e8d9455face376cf]
[2017-07-18 16:46:59:871] [videoyiAutoTest.VideoyiTestNGMain] [INFO] [71] [# # # # # # # #Close Test Application# # # # # # # #]
[2017-07-18 16:46:59:872] [videoyiAutoTest.VideoyiTestNGMain] [INFO] [72] [# # # # # # # # # #TEST Has Ended# # # # # # # # # #]
[2017-07-18 16:46:59:873] [videoyiAutoTest.VideoyiTestNGMain] [INFO] [73] [# # # # # # # # # # # # # # # # # # # # # # # # # # # ]
[2017-07-18 16:54:00:845] [videoyiAutoTest.VideoyiTestNGMain] [INFO] [43] [# # # # # # # # # # # # # # # # # # # # # # # # # # # ]
[2017-07-18 16:54:00:848] [videoyiAutoTest.VideoyiTestNGMain] [INFO] [44] [# # # # # # # # # #TEST Has Started# # # # # # # # # #]
[2017-07-18 16:54:00:854] [common.DriverManager] [INFO] [38] [# # # # # # # # #Executing on CHROME# # # # # # # # #]
[2017-07-18 16:54:07:883] [videoyiAutoTest.VideoyiTestNGMain] [INFO] [56] [# # # # # # # # #Open Test Application# # # # # # # #]
[2017-07-18 16:54:10:916] [videoyiTestCase.VideoyiLoginTest] [INFO] [34] [-----testVideoyiLogin Start.-----]
[2017-07-18 16:54:15:032] [videoyiTestCase.VideoyiLoginTest] [INFO] [46] [-----testVideoyiLogin Success.-----]
[2017-07-18 16:54:18:037] [videoyiTestCase.ProductManagerTest] [INFO] [36] [-----testProductManager Start.-----]
[2017-07-18 16:54:20:535] [videoyiTestCase.ProductManagerTest] [INFO] [42] [-----testProductManager Success.-----]
[2017-07-18 16:54:21:539] [videoyiTestCase.ProductManagerTest] [INFO] [59] [-----testCreateProduct Start.-----]
[2017-07-18 16:55:01:115] [videoyiTestCase.ProductManagerTest] [ERROR] [113] [-----testCreateProduct failed.-----]
[2017-07-18 16:55:01:116] [videoyiTestCase.ProductManagerTest] [ERROR] [114] [org.openqa.selenium.ElementNotVisibleException: element not visible
  (Session info: chrome=59.0.3071.104)
  (Driver info: chromedriver=2.30.477700 (0057494ad8732195794a7b32078424f92a5fce41),platform=Windows NT 6.1.7601 SP1 x86_64) (WARNING: The server did not provide any stacktrace information)
Command duration or timeout: 68 milliseconds
Build info: version: '2.52.0', revision: '4c2593c', time: '2016-02-11 19:03:33'
System info: host: 'WIN-UBMLJ97RGF8', ip: '172.16.0.108', os.name: 'Windows 7', os.arch: 'amd64', os.version: '6.1', java.version: '1.8.0_65'
Driver info: org.openqa.selenium.chrome.ChromeDriver
Capabilities [{applicationCacheEnabled=false, rotatable=false, mobileEmulationEnabled=false, networkConnectionEnabled=false, chrome={chromedriverVersion=2.30.477700 (0057494ad8732195794a7b32078424f92a5fce41), userDataDir=C:\Users\ADMINI~1\AppData\Local\Temp\scoped_dir7948_14410}, takesHeapSnapshot=true, pageLoadStrategy=normal, databaseEnabled=false, handlesAlerts=true, hasTouchScreen=false, version=59.0.3071.104, platform=XP, browserConnectionEnabled=false, nativeEvents=true, acceptSslCerts=true, locationContextEnabled=true, webStorageEnabled=true, browserName=chrome, takesScreenshot=true, javascriptEnabled=true, cssSelectorsEnabled=true, unexpectedAlertBehaviour=}]
Session ID: ca49d651c2486bc5fcd3fa430e0cec9e]
[2017-07-18 16:55:02:793] [videoyiAutoTest.VideoyiTestNGMain] [INFO] [71] [# # # # # # # #Close Test Application# # # # # # # #]
[2017-07-18 16:55:02:793] [videoyiAutoTest.VideoyiTestNGMain] [INFO] [72] [# # # # # # # # # #TEST Has Ended# # # # # # # # # #]
[2017-07-18 16:55:02:795] [videoyiAutoTest.VideoyiTestNGMain] [INFO] [73] [# # # # # # # # # # # # # # # # # # # # # # # # # # # ]
[2017-07-18 16:58:17:298] [videoyiAutoTest.VideoyiTestNGMain] [INFO] [43] [# # # # # # # # # # # # # # # # # # # # # # # # # # # ]
[2017-07-18 16:58:17:301] [videoyiAutoTest.VideoyiTestNGMain] [INFO] [44] [# # # # # # # # # #TEST Has Started# # # # # # # # # #]
[2017-07-18 16:58:17:307] [common.DriverManager] [INFO] [38] [# # # # # # # # #Executing on CHROME# # # # # # # # #]
[2017-07-18 16:58:24:490] [videoyiAutoTest.VideoyiTestNGMain] [INFO] [56] [# # # # # # # # #Open Test Application# # # # # # # #]
[2017-07-18 16:58:27:525] [videoyiTestCase.VideoyiLoginTest] [INFO] [34] [-----testVideoyiLogin Start.-----]
[2017-07-18 16:58:31:584] [videoyiTestCase.VideoyiLoginTest] [INFO] [46] [-----testVideoyiLogin Success.-----]
[2017-07-18 16:58:34:587] [videoyiTestCase.ProductManagerTest] [INFO] [36] [-----testProductManager Start.-----]
[2017-07-18 16:58:37:028] [videoyiTestCase.ProductManagerTest] [INFO] [42] [-----testProductManager Success.-----]
[2017-07-18 16:58:38:031] [videoyiTestCase.ProductManagerTest] [INFO] [59] [-----testCreateProduct Start.-----]
[2017-07-18 16:59:28:918] [videoyiTestCase.ProductManagerTest] [INFO] [110] [-----testCreateProduct Success.-----]
[2017-07-18 16:59:30:016] [videoyiAutoTest.VideoyiTestNGMain] [INFO] [71] [# # # # # # # #Close Test Application# # # # # # # #]
[2017-07-18 16:59:30:017] [videoyiAutoTest.VideoyiTestNGMain] [INFO] [72] [# # # # # # # # # #TEST Has Ended# # # # # # # # # #]
[2017-07-18 16:59:30:017] [videoyiAutoTest.VideoyiTestNGMain] [INFO] [73] [# # # # # # # # # # # # # # # # # # # # # # # # # # # ]
[2017-07-18 16:59:41:366] [videoyiAutoTest.VideoyiTestNGMain] [INFO] [43] [# # # # # # # # # # # # # # # # # # # # # # # # # # # ]
[2017-07-18 16:59:41:369] [videoyiAutoTest.VideoyiTestNGMain] [INFO] [44] [# # # # # # # # # #TEST Has Started# # # # # # # # # #]
[2017-07-18 16:59:41:370] [common.DriverManager] [INFO] [38] [# # # # # # # # #Executing on CHROME# # # # # # # # #]
[2017-07-18 16:59:48:475] [videoyiAutoTest.VideoyiTestNGMain] [INFO] [56] [# # # # # # # # #Open Test Application# # # # # # # #]
[2017-07-18 16:59:51:494] [videoyiTestCase.VideoyiLoginTest] [INFO] [34] [-----testVideoyiLogin Start.-----]
[2017-07-18 16:59:55:730] [videoyiTestCase.VideoyiLoginTest] [INFO] [46] [-----testVideoyiLogin Success.-----]
[2017-07-18 16:59:58:735] [videoyiTestCase.ProductManagerTest] [INFO] [36] [-----testProductManager Start.-----]
[2017-07-18 17:00:01:538] [videoyiTestCase.ProductManagerTest] [INFO] [42] [-----testProductManager Success.-----]
[2017-07-18 17:00:02:542] [videoyiTestCase.ProductManagerTest] [INFO] [59] [-----testCreateProduct Start.-----]
[2017-07-18 17:00:21:948] [videoyiTestCase.ProductManagerTest] [INFO] [110] [-----testCreateProduct Success.-----]
[2017-07-18 17:00:23:030] [videoyiAutoTest.VideoyiTestNGMain] [INFO] [71] [# # # # # # # #Close Test Application# # # # # # # #]
[2017-07-18 17:00:23:031] [videoyiAutoTest.VideoyiTestNGMain] [INFO] [72] [# # # # # # # # # #TEST Has Ended# # # # # # # # # #]
[2017-07-18 17:00:23:031] [videoyiAutoTest.VideoyiTestNGMain] [INFO] [73] [# # # # # # # # # # # # # # # # # # # # # # # # # # # ]
[2017-07-18 17:01:24:200] [videoyiAutoTest.VideoyiTestNGMain] [INFO] [43] [# # # # # # # # # # # # # # # # # # # # # # # # # # # ]
[2017-07-18 17:01:24:203] [videoyiAutoTest.VideoyiTestNGMain] [INFO] [44] [# # # # # # # # # #TEST Has Started# # # # # # # # # #]
[2017-07-18 17:01:24:204] [common.DriverManager] [INFO] [38] [# # # # # # # # #Executing on CHROME# # # # # # # # #]
[2017-07-18 17:01:30:988] [videoyiAutoTest.VideoyiTestNGMain] [INFO] [56] [# # # # # # # # #Open Test Application# # # # # # # #]
[2017-07-18 17:01:34:008] [videoyiTestCase.VideoyiLoginTest] [INFO] [34] [-----testVideoyiLogin Start.-----]
[2017-07-18 17:01:38:129] [videoyiTestCase.VideoyiLoginTest] [INFO] [46] [-----testVideoyiLogin Success.-----]
[2017-07-18 17:01:41:135] [videoyiTestCase.ProductManagerTest] [INFO] [36] [-----testProductManager Start.-----]
[2017-07-18 17:01:43:858] [videoyiTestCase.ProductManagerTest] [INFO] [42] [-----testProductManager Success.-----]
[2017-07-18 17:01:44:862] [videoyiTestCase.ProductManagerTest] [INFO] [59] [-----testCreateProduct Start.-----]
[2017-07-18 17:02:02:362] [videoyiTestCase.ProductManagerTest] [INFO] [108] [-----testCreateProduct Success.-----]
[2017-07-18 17:02:03:458] [videoyiAutoTest.VideoyiTestNGMain] [INFO] [71] [# # # # # # # #Close Test Application# # # # # # # #]
[2017-07-18 17:02:03:458] [videoyiAutoTest.VideoyiTestNGMain] [INFO] [72] [# # # # # # # # # #TEST Has Ended# # # # # # # # # #]
[2017-07-18 17:02:03:458] [videoyiAutoTest.VideoyiTestNGMain] [INFO] [73] [# # # # # # # # # # # # # # # # # # # # # # # # # # # ]
[2017-07-18 17:02:20:390] [videoyiAutoTest.VideoyiTestNGMain] [INFO] [43] [# # # # # # # # # # # # # # # # # # # # # # # # # # # ]
[2017-07-18 17:02:20:393] [videoyiAutoTest.VideoyiTestNGMain] [INFO] [44] [# # # # # # # # # #TEST Has Started# # # # # # # # # #]
[2017-07-18 17:02:20:394] [common.DriverManager] [INFO] [38] [# # # # # # # # #Executing on CHROME# # # # # # # # #]
[2017-07-18 17:02:27:258] [videoyiAutoTest.VideoyiTestNGMain] [INFO] [56] [# # # # # # # # #Open Test Application# # # # # # # #]
[2017-07-18 17:02:30:271] [videoyiTestCase.VideoyiLoginTest] [INFO] [34] [-----testVideoyiLogin Start.-----]
[2017-07-18 17:02:34:592] [videoyiTestCase.VideoyiLoginTest] [INFO] [46] [-----testVideoyiLogin Success.-----]
[2017-07-18 17:02:37:599] [videoyiTestCase.ProductManagerTest] [INFO] [36] [-----testProductManager Start.-----]
[2017-07-18 17:02:40:413] [videoyiTestCase.ProductManagerTest] [INFO] [42] [-----testProductManager Success.-----]
[2017-07-18 17:02:41:417] [videoyiTestCase.ProductManagerTest] [INFO] [59] [-----testCreateProduct Start.-----]
[2017-07-18 17:02:57:940] [videoyiTestCase.ProductManagerTest] [INFO] [108] [-----testCreateProduct Success.-----]
[2017-07-18 17:02:58:943] [videoyiAutoTest.VideoyiTestNGMain] [INFO] [71] [# # # # # # # #Close Test Application# # # # # # # #]
[2017-07-18 17:02:58:943] [videoyiAutoTest.VideoyiTestNGMain] [INFO] [72] [# # # # # # # # # #TEST Has Ended# # # # # # # # # #]
[2017-07-18 17:02:58:944] [videoyiAutoTest.VideoyiTestNGMain] [INFO] [73] [# # # # # # # # # # # # # # # # # # # # # # # # # # # ]
[2017-07-18 17:32:51:779] [videoyiAutoTest.VideoyiTestNGMain] [INFO] [43] [# # # # # # # # # # # # # # # # # # # # # # # # # # # ]
[2017-07-18 17:32:51:782] [videoyiAutoTest.VideoyiTestNGMain] [INFO] [44] [# # # # # # # # # #TEST Has Started# # # # # # # # # #]
[2017-07-18 17:32:51:783] [common.DriverManager] [INFO] [38] [# # # # # # # # #Executing on CHROME# # # # # # # # #]
[2017-07-18 17:32:58:503] [videoyiAutoTest.VideoyiTestNGMain] [INFO] [56] [# # # # # # # # #Open Test Application# # # # # # # #]
[2017-07-18 17:33:01:523] [videoyiTestCase.VideoyiLoginTest] [INFO] [34] [-----testVideoyiLogin Start.-----]
[2017-07-18 17:33:05:723] [videoyiTestCase.VideoyiLoginTest] [INFO] [46] [-----testVideoyiLogin Success.-----]
[2017-07-18 17:33:08:729] [videoyiTestCase.ProductManagerTest] [INFO] [36] [-----testProductManager Start.-----]
[2017-07-18 17:33:11:167] [videoyiTestCase.ProductManagerTest] [INFO] [42] [-----testProductManager Success.-----]
[2017-07-18 17:33:12:171] [videoyiTestCase.ProductManagerTest] [INFO] [59] [-----testCreateProduct Start.-----]
[2017-07-18 17:33:51:964] [videoyiTestCase.ProductManagerTest] [ERROR] [122] [-----testCreateProduct failed.-----]
[2017-07-18 17:33:51:965] [videoyiTestCase.ProductManagerTest] [ERROR] [123] [org.openqa.selenium.ElementNotVisibleException: element not visible
  (Session info: chrome=59.0.3071.104)
  (Driver info: chromedriver=2.30.477700 (0057494ad8732195794a7b32078424f92a5fce41),platform=Windows NT 6.1.7601 SP1 x86_64) (WARNING: The server did not provide any stacktrace information)
Command duration or timeout: 30.09 seconds
Build info: version: '2.52.0', revision: '4c2593c', time: '2016-02-11 19:03:33'
System info: host: 'WIN-UBMLJ97RGF8', ip: '172.16.0.108', os.name: 'Windows 7', os.arch: 'amd64', os.version: '6.1', java.version: '1.8.0_65'
Driver info: org.openqa.selenium.chrome.ChromeDriver
Capabilities [{applicationCacheEnabled=false, rotatable=false, mobileEmulationEnabled=false, networkConnectionEnabled=false, chrome={chromedriverVersion=2.30.477700 (0057494ad8732195794a7b32078424f92a5fce41), userDataDir=C:\Users\ADMINI~1\AppData\Local\Temp\scoped_dir12284_23414}, takesHeapSnapshot=true, pageLoadStrategy=normal, databaseEnabled=false, handlesAlerts=true, hasTouchScreen=false, version=59.0.3071.104, platform=XP, browserConnectionEnabled=false, nativeEvents=true, acceptSslCerts=true, locationContextEnabled=true, webStorageEnabled=true, browserName=chrome, takesScreenshot=true, javascriptEnabled=true, cssSelectorsEnabled=true, unexpectedAlertBehaviour=}]
Session ID: 8bd52eaf63bb1f1c6d917e038029f80e]
[2017-07-18 17:33:53:339] [videoyiAutoTest.VideoyiTestNGMain] [INFO] [71] [# # # # # # # #Close Test Application# # # # # # # #]
[2017-07-18 17:33:53:339] [videoyiAutoTest.VideoyiTestNGMain] [INFO] [72] [# # # # # # # # # #TEST Has Ended# # # # # # # # # #]
[2017-07-18 17:33:53:340] [videoyiAutoTest.VideoyiTestNGMain] [INFO] [73] [# # # # # # # # # # # # # # # # # # # # # # # # # # # ]
[2017-07-18 17:37:52:975] [videoyiAutoTest.VideoyiTestNGMain] [INFO] [43] [# # # # # # # # # # # # # # # # # # # # # # # # # # # ]
[2017-07-18 17:37:52:978] [videoyiAutoTest.VideoyiTestNGMain] [INFO] [44] [# # # # # # # # # #TEST Has Started# # # # # # # # # #]
[2017-07-18 17:37:52:985] [common.DriverManager] [INFO] [38] [# # # # # # # # #Executing on CHROME# # # # # # # # #]
[2017-07-18 17:37:59:793] [videoyiAutoTest.VideoyiTestNGMain] [INFO] [56] [# # # # # # # # #Open Test Application# # # # # # # #]
[2017-07-18 17:38:02:828] [videoyiTestCase.VideoyiLoginTest] [INFO] [34] [-----testVideoyiLogin Start.-----]
[2017-07-18 17:38:06:960] [videoyiTestCase.VideoyiLoginTest] [INFO] [46] [-----testVideoyiLogin Success.-----]
[2017-07-18 17:38:09:965] [videoyiTestCase.ProductManagerTest] [INFO] [36] [-----testProductManager Start.-----]
[2017-07-18 17:38:12:394] [videoyiTestCase.ProductManagerTest] [INFO] [42] [-----testProductManager Success.-----]
[2017-07-18 17:38:13:399] [videoyiTestCase.ProductManagerTest] [INFO] [59] [-----testCreateProduct Start.-----]
[2017-07-18 17:40:17:543] [videoyiTestCase.ProductManagerTest] [INFO] [119] [-----testCreateProduct Success.-----]
[2017-07-18 17:40:18:549] [videoyiAutoTest.VideoyiTestNGMain] [INFO] [71] [# # # # # # # #Close Test Application# # # # # # # #]
[2017-07-18 17:40:18:549] [videoyiAutoTest.VideoyiTestNGMain] [INFO] [72] [# # # # # # # # # #TEST Has Ended# # # # # # # # # #]
[2017-07-18 17:40:18:550] [videoyiAutoTest.VideoyiTestNGMain] [INFO] [73] [# # # # # # # # # # # # # # # # # # # # # # # # # # # ]
[2017-07-18 17:45:55:306] [videoyiAutoTest.VideoyiTestNGMain] [INFO] [43] [# # # # # # # # # # # # # # # # # # # # # # # # # # # ]
[2017-07-18 17:45:55:309] [videoyiAutoTest.VideoyiTestNGMain] [INFO] [44] [# # # # # # # # # #TEST Has Started# # # # # # # # # #]
[2017-07-18 17:45:55:310] [common.DriverManager] [INFO] [38] [# # # # # # # # #Executing on CHROME# # # # # # # # #]
[2017-07-18 17:46:02:349] [videoyiAutoTest.VideoyiTestNGMain] [INFO] [56] [# # # # # # # # #Open Test Application# # # # # # # #]
[2017-07-18 17:46:05:365] [videoyiTestCase.VideoyiLoginTest] [INFO] [34] [-----testVideoyiLogin Start.-----]
[2017-07-18 17:46:09:772] [videoyiTestCase.VideoyiLoginTest] [INFO] [46] [-----testVideoyiLogin Success.-----]
[2017-07-18 17:46:12:776] [videoyiTestCase.ProductManagerTest] [INFO] [37] [-----testProductManager Start.-----]
[2017-07-18 17:46:15:470] [videoyiTestCase.ProductManagerTest] [INFO] [43] [-----testProductManager Success.-----]
[2017-07-18 17:46:16:476] [videoyiTestCase.ProductManagerTest] [INFO] [60] [-----testCreateProduct Start.-----]
[2017-07-18 17:46:26:814] [videoyiTestCase.ProductManagerTest] [ERROR] [125] [-----testCreateProduct failed.-----]
[2017-07-18 17:46:26:815] [videoyiTestCase.ProductManagerTest] [ERROR] [126] [org.openqa.selenium.WebDriverException: unknown error: document.findElementById is not a function
  (Session info: chrome=59.0.3071.104)
  (Driver info: chromedriver=2.30.477700 (0057494ad8732195794a7b32078424f92a5fce41),platform=Windows NT 6.1.7601 SP1 x86_64) (WARNING: The server did not provide any stacktrace information)
Command duration or timeout: 20 milliseconds
Build info: version: '2.52.0', revision: '4c2593c', time: '2016-02-11 19:03:33'
System info: host: 'WIN-UBMLJ97RGF8', ip: '172.16.0.108', os.name: 'Windows 7', os.arch: 'amd64', os.version: '6.1', java.version: '1.8.0_65'
Driver info: org.openqa.selenium.chrome.ChromeDriver
Capabilities [{applicationCacheEnabled=false, rotatable=false, mobileEmulationEnabled=false, networkConnectionEnabled=false, chrome={chromedriverVersion=2.30.477700 (0057494ad8732195794a7b32078424f92a5fce41), userDataDir=C:\Users\ADMINI~1\AppData\Local\Temp\scoped_dir15316_12346}, takesHeapSnapshot=true, pageLoadStrategy=normal, databaseEnabled=false, handlesAlerts=true, hasTouchScreen=false, version=59.0.3071.104, platform=XP, browserConnectionEnabled=false, nativeEvents=true, acceptSslCerts=true, locationContextEnabled=true, webStorageEnabled=true, browserName=chrome, takesScreenshot=true, javascriptEnabled=true, cssSelectorsEnabled=true, unexpectedAlertBehaviour=}]
Session ID: 187be8ea6608dda4fa2b9365c133eeef]
[2017-07-18 17:46:28:333] [videoyiAutoTest.VideoyiTestNGMain] [INFO] [71] [# # # # # # # #Close Test Application# # # # # # # #]
[2017-07-18 17:46:28:333] [videoyiAutoTest.VideoyiTestNGMain] [INFO] [72] [# # # # # # # # # #TEST Has Ended# # # # # # # # # #]
[2017-07-18 17:46:28:334] [videoyiAutoTest.VideoyiTestNGMain] [INFO] [73] [# # # # # # # # # # # # # # # # # # # # # # # # # # # ]
[2017-07-18 17:46:44:883] [videoyiAutoTest.VideoyiTestNGMain] [INFO] [43] [# # # # # # # # # # # # # # # # # # # # # # # # # # # ]
[2017-07-18 17:46:44:887] [videoyiAutoTest.VideoyiTestNGMain] [INFO] [44] [# # # # # # # # # #TEST Has Started# # # # # # # # # #]
[2017-07-18 17:46:44:889] [common.DriverManager] [INFO] [38] [# # # # # # # # #Executing on CHROME# # # # # # # # #]
[2017-07-18 17:46:52:918] [videoyiAutoTest.VideoyiTestNGMain] [INFO] [56] [# # # # # # # # #Open Test Application# # # # # # # #]
[2017-07-18 17:46:55:935] [videoyiTestCase.VideoyiLoginTest] [INFO] [34] [-----testVideoyiLogin Start.-----]
[2017-07-18 17:47:00:215] [videoyiTestCase.VideoyiLoginTest] [INFO] [46] [-----testVideoyiLogin Success.-----]
[2017-07-18 17:47:03:222] [videoyiTestCase.ProductManagerTest] [INFO] [37] [-----testProductManager Start.-----]
[2017-07-18 17:47:05:732] [videoyiTestCase.ProductManagerTest] [INFO] [43] [-----testProductManager Success.-----]
[2017-07-18 17:47:06:736] [videoyiTestCase.ProductManagerTest] [INFO] [60] [-----testCreateProduct Start.-----]
[2017-07-18 17:47:17:189] [videoyiTestCase.ProductManagerTest] [ERROR] [125] [-----testCreateProduct failed.-----]
[2017-07-18 17:47:17:189] [videoyiTestCase.ProductManagerTest] [ERROR] [126] [org.openqa.selenium.WebDriverException: unknown error: document.findElementById is not a function
  (Session info: chrome=59.0.3071.104)
  (Driver info: chromedriver=2.30.477700 (0057494ad8732195794a7b32078424f92a5fce41),platform=Windows NT 6.1.7601 SP1 x86_64) (WARNING: The server did not provide any stacktrace information)
Command duration or timeout: 39 milliseconds
Build info: version: '2.52.0', revision: '4c2593c', time: '2016-02-11 19:03:33'
System info: host: 'WIN-UBMLJ97RGF8', ip: '172.16.0.108', os.name: 'Windows 7', os.arch: 'amd64', os.version: '6.1', java.version: '1.8.0_65'
Driver info: org.openqa.selenium.chrome.ChromeDriver
Capabilities [{applicationCacheEnabled=false, rotatable=false, mobileEmulationEnabled=false, networkConnectionEnabled=false, chrome={chromedriverVersion=2.30.477700 (0057494ad8732195794a7b32078424f92a5fce41), userDataDir=C:\Users\ADMINI~1\AppData\Local\Temp\scoped_dir16296_27376}, takesHeapSnapshot=true, pageLoadStrategy=normal, databaseEnabled=false, handlesAlerts=true, hasTouchScreen=false, version=59.0.3071.104, platform=XP, browserConnectionEnabled=false, nativeEvents=true, acceptSslCerts=true, locationContextEnabled=true, webStorageEnabled=true, browserName=chrome, takesScreenshot=true, javascriptEnabled=true, cssSelectorsEnabled=true, unexpectedAlertBehaviour=}]
Session ID: ebf10fea10106cb927c3f8002a61c63f]
[2017-07-18 17:47:18:783] [videoyiAutoTest.VideoyiTestNGMain] [INFO] [71] [# # # # # # # #Close Test Application# # # # # # # #]
[2017-07-18 17:47:18:783] [videoyiAutoTest.VideoyiTestNGMain] [INFO] [72] [# # # # # # # # # #TEST Has Ended# # # # # # # # # #]
[2017-07-18 17:47:18:784] [videoyiAutoTest.VideoyiTestNGMain] [INFO] [73] [# # # # # # # # # # # # # # # # # # # # # # # # # # # ]
[2017-07-18 17:50:28:520] [videoyiAutoTest.VideoyiTestNGMain] [INFO] [43] [# # # # # # # # # # # # # # # # # # # # # # # # # # # ]
[2017-07-18 17:50:28:525] [videoyiAutoTest.VideoyiTestNGMain] [INFO] [44] [# # # # # # # # # #TEST Has Started# # # # # # # # # #]
[2017-07-18 17:50:28:533] [common.DriverManager] [INFO] [38] [# # # # # # # # #Executing on CHROME# # # # # # # # #]
[2017-07-18 17:50:36:961] [videoyiAutoTest.VideoyiTestNGMain] [INFO] [56] [# # # # # # # # #Open Test Application# # # # # # # #]
[2017-07-18 17:50:40:013] [videoyiTestCase.VideoyiLoginTest] [INFO] [34] [-----testVideoyiLogin Start.-----]
[2017-07-18 17:50:44:846] [videoyiTestCase.VideoyiLoginTest] [INFO] [46] [-----testVideoyiLogin Success.-----]
[2017-07-18 17:50:47:852] [videoyiTestCase.ProductManagerTest] [INFO] [37] [-----testProductManager Start.-----]
[2017-07-18 17:50:50:565] [videoyiTestCase.ProductManagerTest] [INFO] [43] [-----testProductManager Success.-----]
[2017-07-18 17:50:51:570] [videoyiTestCase.ProductManagerTest] [INFO] [60] [-----testCreateProduct Start.-----]
[2017-07-18 17:53:22:328] [videoyiAutoTest.VideoyiTestNGMain] [INFO] [43] [# # # # # # # # # # # # # # # # # # # # # # # # # # # ]
[2017-07-18 17:53:22:331] [videoyiAutoTest.VideoyiTestNGMain] [INFO] [44] [# # # # # # # # # #TEST Has Started# # # # # # # # # #]
[2017-07-18 17:53:22:335] [common.DriverManager] [INFO] [38] [# # # # # # # # #Executing on CHROME# # # # # # # # #]
[2017-07-18 17:53:30:007] [videoyiAutoTest.VideoyiTestNGMain] [INFO] [56] [# # # # # # # # #Open Test Application# # # # # # # #]
[2017-07-18 17:53:33:065] [videoyiTestCase.VideoyiLoginTest] [INFO] [34] [-----testVideoyiLogin Start.-----]
[2017-07-18 17:53:37:664] [videoyiTestCase.VideoyiLoginTest] [INFO] [46] [-----testVideoyiLogin Success.-----]
[2017-07-18 17:53:40:672] [videoyiTestCase.ProductManagerTest] [INFO] [37] [-----testProductManager Start.-----]
[2017-07-18 17:53:43:202] [videoyiTestCase.ProductManagerTest] [INFO] [43] [-----testProductManager Success.-----]
[2017-07-18 17:53:44:206] [videoyiTestCase.ProductManagerTest] [INFO] [60] [-----testCreateProduct Start.-----]
[2017-07-18 17:55:36:652] [videoyiAutoTest.VideoyiTestNGMain] [INFO] [43] [# # # # # # # # # # # # # # # # # # # # # # # # # # # ]
[2017-07-18 17:55:36:657] [videoyiAutoTest.VideoyiTestNGMain] [INFO] [44] [# # # # # # # # # #TEST Has Started# # # # # # # # # #]
[2017-07-18 17:55:36:659] [common.DriverManager] [INFO] [38] [# # # # # # # # #Executing on CHROME# # # # # # # # #]
[2017-07-18 17:55:44:233] [videoyiAutoTest.VideoyiTestNGMain] [INFO] [56] [# # # # # # # # #Open Test Application# # # # # # # #]
[2017-07-18 17:55:47:257] [videoyiTestCase.VideoyiLoginTest] [INFO] [34] [-----testVideoyiLogin Start.-----]
[2017-07-18 17:55:51:771] [videoyiTestCase.VideoyiLoginTest] [INFO] [46] [-----testVideoyiLogin Success.-----]
[2017-07-18 17:55:54:778] [videoyiTestCase.ProductManagerTest] [INFO] [37] [-----testProductManager Start.-----]
[2017-07-18 17:55:57:502] [videoyiTestCase.ProductManagerTest] [INFO] [43] [-----testProductManager Success.-----]
[2017-07-18 17:55:58:506] [videoyiTestCase.ProductManagerTest] [INFO] [60] [-----testCreateProduct Start.-----]
[2017-07-18 17:56:15:800] [videoyiTestCase.ProductManagerTest] [INFO] [123] [-----testCreateProduct Success.-----]
[2017-07-18 17:56:16:805] [videoyiAutoTest.VideoyiTestNGMain] [INFO] [71] [# # # # # # # #Close Test Application# # # # # # # #]
[2017-07-18 17:56:16:806] [videoyiAutoTest.VideoyiTestNGMain] [INFO] [72] [# # # # # # # # # #TEST Has Ended# # # # # # # # # #]
[2017-07-18 17:56:16:806] [videoyiAutoTest.VideoyiTestNGMain] [INFO] [73] [# # # # # # # # # # # # # # # # # # # # # # # # # # # ]
[2017-07-18 17:56:47:784] [videoyiAutoTest.VideoyiTestNGMain] [INFO] [43] [# # # # # # # # # # # # # # # # # # # # # # # # # # # ]
[2017-07-18 17:56:47:787] [videoyiAutoTest.VideoyiTestNGMain] [INFO] [44] [# # # # # # # # # #TEST Has Started# # # # # # # # # #]
[2017-07-18 17:56:47:788] [common.DriverManager] [INFO] [38] [# # # # # # # # #Executing on CHROME# # # # # # # # #]
[2017-07-18 17:56:54:602] [videoyiAutoTest.VideoyiTestNGMain] [INFO] [56] [# # # # # # # # #Open Test Application# # # # # # # #]
[2017-07-18 17:56:57:621] [videoyiTestCase.VideoyiLoginTest] [INFO] [34] [-----testVideoyiLogin Start.-----]
[2017-07-18 17:57:01:832] [videoyiTestCase.VideoyiLoginTest] [INFO] [46] [-----testVideoyiLogin Success.-----]
[2017-07-18 17:57:04:838] [videoyiTestCase.ProductManagerTest] [INFO] [37] [-----testProductManager Start.-----]
[2017-07-18 17:57:07:380] [videoyiTestCase.ProductManagerTest] [INFO] [43] [-----testProductManager Success.-----]
[2017-07-18 17:57:08:385] [videoyiTestCase.ProductManagerTest] [INFO] [60] [-----testCreateProduct Start.-----]
[2017-07-18 17:57:25:650] [videoyiTestCase.ProductManagerTest] [INFO] [123] [-----testCreateProduct Success.-----]
[2017-07-18 17:57:26:655] [videoyiAutoTest.VideoyiTestNGMain] [INFO] [71] [# # # # # # # #Close Test Application# # # # # # # #]
[2017-07-18 17:57:26:655] [videoyiAutoTest.VideoyiTestNGMain] [INFO] [72] [# # # # # # # # # #TEST Has Ended# # # # # # # # # #]
[2017-07-18 17:57:26:655] [videoyiAutoTest.VideoyiTestNGMain] [INFO] [73] [# # # # # # # # # # # # # # # # # # # # # # # # # # # ]
[2017-07-18 17:59:20:526] [videoyiAutoTest.VideoyiTestNGMain] [INFO] [43] [# # # # # # # # # # # # # # # # # # # # # # # # # # # ]
[2017-07-18 17:59:20:529] [videoyiAutoTest.VideoyiTestNGMain] [INFO] [44] [# # # # # # # # # #TEST Has Started# # # # # # # # # #]
[2017-07-18 17:59:20:530] [common.DriverManager] [INFO] [38] [# # # # # # # # #Executing on CHROME# # # # # # # # #]
[2017-07-18 17:59:27:844] [videoyiAutoTest.VideoyiTestNGMain] [INFO] [56] [# # # # # # # # #Open Test Application# # # # # # # #]
[2017-07-18 17:59:30:862] [videoyiTestCase.VideoyiLoginTest] [INFO] [34] [-----testVideoyiLogin Start.-----]
[2017-07-18 17:59:35:104] [videoyiTestCase.VideoyiLoginTest] [INFO] [46] [-----testVideoyiLogin Success.-----]
[2017-07-18 17:59:38:110] [videoyiTestCase.ProductManagerTest] [INFO] [37] [-----testProductManager Start.-----]
[2017-07-18 17:59:40:610] [videoyiTestCase.ProductManagerTest] [INFO] [43] [-----testProductManager Success.-----]
[2017-07-18 17:59:41:614] [videoyiTestCase.ProductManagerTest] [INFO] [60] [-----testCreateProduct Start.-----]
[2017-07-18 17:59:58:717] [videoyiTestCase.ProductManagerTest] [INFO] [124] [-----testCreateProduct Success.-----]
[2017-07-18 17:59:59:724] [videoyiAutoTest.VideoyiTestNGMain] [INFO] [71] [# # # # # # # #Close Test Application# # # # # # # #]
[2017-07-18 17:59:59:725] [videoyiAutoTest.VideoyiTestNGMain] [INFO] [72] [# # # # # # # # # #TEST Has Ended# # # # # # # # # #]
[2017-07-18 17:59:59:726] [videoyiAutoTest.VideoyiTestNGMain] [INFO] [73] [# # # # # # # # # # # # # # # # # # # # # # # # # # # ]
[2017-07-18 18:02:11:752] [videoyiAutoTest.VideoyiTestNGMain] [INFO] [43] [# # # # # # # # # # # # # # # # # # # # # # # # # # # ]
[2017-07-18 18:02:11:756] [videoyiAutoTest.VideoyiTestNGMain] [INFO] [44] [# # # # # # # # # #TEST Has Started# # # # # # # # # #]
[2017-07-18 18:02:11:762] [common.DriverManager] [INFO] [38] [# # # # # # # # #Executing on CHROME# # # # # # # # #]
[2017-07-18 18:02:19:171] [videoyiAutoTest.VideoyiTestNGMain] [INFO] [56] [# # # # # # # # #Open Test Application# # # # # # # #]
[2017-07-18 18:02:22:207] [videoyiTestCase.VideoyiLoginTest] [INFO] [34] [-----testVideoyiLogin Start.-----]
[2017-07-18 18:02:26:927] [videoyiTestCase.VideoyiLoginTest] [INFO] [46] [-----testVideoyiLogin Success.-----]
[2017-07-18 18:02:29:933] [videoyiTestCase.ProductManagerTest] [INFO] [37] [-----testProductManager Start.-----]
[2017-07-18 18:02:32:449] [videoyiTestCase.ProductManagerTest] [INFO] [43] [-----testProductManager Success.-----]
[2017-07-18 18:02:33:455] [videoyiTestCase.ProductManagerTest] [INFO] [60] [-----testCreateProduct Start.-----]
[2017-07-18 18:03:27:664] [videoyiTestCase.ProductManagerTest] [INFO] [124] [-----testCreateProduct Success.-----]
[2017-07-18 18:03:28:668] [videoyiAutoTest.VideoyiTestNGMain] [INFO] [71] [# # # # # # # #Close Test Application# # # # # # # #]
[2017-07-18 18:03:28:668] [videoyiAutoTest.VideoyiTestNGMain] [INFO] [72] [# # # # # # # # # #TEST Has Ended# # # # # # # # # #]
[2017-07-18 18:03:28:669] [videoyiAutoTest.VideoyiTestNGMain] [INFO] [73] [# # # # # # # # # # # # # # # # # # # # # # # # # # # ]
[2017-07-18 18:05:33:310] [videoyiAutoTest.VideoyiTestNGMain] [INFO] [43] [# # # # # # # # # # # # # # # # # # # # # # # # # # # ]
[2017-07-18 18:05:33:313] [videoyiAutoTest.VideoyiTestNGMain] [INFO] [44] [# # # # # # # # # #TEST Has Started# # # # # # # # # #]
[2017-07-18 18:05:33:314] [common.DriverManager] [INFO] [38] [# # # # # # # # #Executing on CHROME# # # # # # # # #]
[2017-07-18 18:05:39:873] [videoyiAutoTest.VideoyiTestNGMain] [INFO] [56] [# # # # # # # # #Open Test Application# # # # # # # #]
[2017-07-18 18:05:42:893] [videoyiTestCase.VideoyiLoginTest] [INFO] [34] [-----testVideoyiLogin Start.-----]
[2017-07-18 18:05:47:028] [videoyiTestCase.VideoyiLoginTest] [INFO] [46] [-----testVideoyiLogin Success.-----]
[2017-07-18 18:05:50:034] [videoyiTestCase.ProductManagerTest] [INFO] [37] [-----testProductManager Start.-----]
[2017-07-18 18:05:52:488] [videoyiTestCase.ProductManagerTest] [INFO] [43] [-----testProductManager Success.-----]
[2017-07-18 18:05:53:494] [videoyiTestCase.ProductManagerTest] [INFO] [60] [-----testCreateProduct Start.-----]
[2017-07-18 18:06:05:955] [videoyiTestCase.ProductManagerTest] [ERROR] [128] [-----testCreateProduct failed.-----]
[2017-07-18 18:06:05:955] [videoyiTestCase.ProductManagerTest] [ERROR] [129] [org.openqa.selenium.NoAlertPresentException: no alert open
  (Session info: chrome=59.0.3071.104)
  (Driver info: chromedriver=2.30.477700 (0057494ad8732195794a7b32078424f92a5fce41),platform=Windows NT 6.1.7601 SP1 x86_64) (WARNING: The server did not provide any stacktrace information)
Command duration or timeout: 3 milliseconds
Build info: version: '2.52.0', revision: '4c2593c', time: '2016-02-11 19:03:33'
System info: host: 'WIN-UBMLJ97RGF8', ip: '172.16.0.108', os.name: 'Windows 7', os.arch: 'amd64', os.version: '6.1', java.version: '1.8.0_65'
Driver info: org.openqa.selenium.chrome.ChromeDriver
Capabilities [{applicationCacheEnabled=false, rotatable=false, mobileEmulationEnabled=false, networkConnectionEnabled=false, chrome={chromedriverVersion=2.30.477700 (0057494ad8732195794a7b32078424f92a5fce41), userDataDir=C:\Users\ADMINI~1\AppData\Local\Temp\scoped_dir16424_18719}, takesHeapSnapshot=true, pageLoadStrategy=normal, databaseEnabled=false, handlesAlerts=true, hasTouchScreen=false, version=59.0.3071.104, platform=XP, browserConnectionEnabled=false, nativeEvents=true, acceptSslCerts=true, locationContextEnabled=true, webStorageEnabled=true, browserName=chrome, takesScreenshot=true, javascriptEnabled=true, cssSelectorsEnabled=true, unexpectedAlertBehaviour=}]
Session ID: 43f789ed020c5e67a5271240ae45cae7]
[2017-07-18 18:06:07:410] [videoyiAutoTest.VideoyiTestNGMain] [INFO] [71] [# # # # # # # #Close Test Application# # # # # # # #]
[2017-07-18 18:06:07:410] [videoyiAutoTest.VideoyiTestNGMain] [INFO] [72] [# # # # # # # # # #TEST Has Ended# # # # # # # # # #]
[2017-07-18 18:06:07:412] [videoyiAutoTest.VideoyiTestNGMain] [INFO] [73] [# # # # # # # # # # # # # # # # # # # # # # # # # # # ]
