[2017-07-19 10:36:38:437] [videoyiAutoTest.VideoyiTestNGMain] [INFO] [43] [# # # # # # # # # # # # # # # # # # # # # # # # # # # ]
[2017-07-19 10:36:38:442] [videoyiAutoTest.VideoyiTestNGMain] [INFO] [44] [# # # # # # # # # #TEST Has Started# # # # # # # # # #]
[2017-07-19 10:36:38:443] [common.DriverManager] [INFO] [38] [# # # # # # # # #Executing on CHROME# # # # # # # # #]
[2017-07-19 10:36:47:174] [videoyiAutoTest.VideoyiTestNGMain] [INFO] [56] [# # # # # # # # #Open Test Application# # # # # # # #]
[2017-07-19 10:36:50:206] [videoyiTestCase.VideoyiLoginTest] [INFO] [34] [-----testVideoyiLogin Start.-----]
[2017-07-19 10:36:54:371] [videoyiTestCase.VideoyiLoginTest] [INFO] [46] [-----testVideoyiLogin Success.-----]
[2017-07-19 10:36:57:375] [videoyiTestCase.ProductManagerTest] [INFO] [37] [-----testProductManager Start.-----]
[2017-07-19 10:37:00:013] [videoyiTestCase.ProductManagerTest] [INFO] [43] [-----testProductManager Success.-----]
[2017-07-19 10:37:01:018] [videoyiTestCase.ProductManagerTest] [INFO] [60] [-----testCreateProduct Start.-----]
[2017-07-19 10:37:16:695] [videoyiTestCase.ProductManagerTest] [INFO] [122] [-----testCreateProduct Success.-----]
[2017-07-19 10:37:17:698] [videoyiAutoTest.VideoyiTestNGMain] [INFO] [71] [# # # # # # # #Close Test Application# # # # # # # #]
[2017-07-19 10:37:17:699] [videoyiAutoTest.VideoyiTestNGMain] [INFO] [72] [# # # # # # # # # #TEST Has Ended# # # # # # # # # #]
[2017-07-19 10:37:17:699] [videoyiAutoTest.VideoyiTestNGMain] [INFO] [73] [# # # # # # # # # # # # # # # # # # # # # # # # # # # ]
[2017-07-19 11:11:26:343] [videoyiAutoTest.VideoyiTestNGMain] [INFO] [43] [# # # # # # # # # # # # # # # # # # # # # # # # # # # ]
[2017-07-19 11:11:26:358] [videoyiAutoTest.VideoyiTestNGMain] [INFO] [44] [# # # # # # # # # #TEST Has Started# # # # # # # # # #]
[2017-07-19 11:11:26:378] [common.DriverManager] [INFO] [38] [# # # # # # # # #Executing on CHROME# # # # # # # # #]
[2017-07-19 11:11:38:481] [videoyiAutoTest.VideoyiTestNGMain] [INFO] [56] [# # # # # # # # #Open Test Application# # # # # # # #]
[2017-07-19 11:11:43:680] [videoyiTestCase.VideoyiLoginTest] [INFO] [34] [-----testVideoyiLogin Start.-----]
[2017-07-19 11:11:47:690] [videoyiTestCase.VideoyiLoginTest] [INFO] [46] [-----testVideoyiLogin Success.-----]
[2017-07-19 11:11:50:699] [videoyiTestCase.ProductManagerTest] [INFO] [41] [-----testProductManager Start.-----]
[2017-07-19 11:11:53:160] [videoyiTestCase.ProductManagerTest] [INFO] [47] [-----testProductManager Success.-----]
[2017-07-19 11:11:54:165] [videoyiTestCase.ProductManagerTest] [INFO] [64] [-----testCreateProduct Start.-----]
[2017-07-19 11:14:49:222] [videoyiTestCase.ProductManagerTest] [ERROR] [148] [-----testCreateProduct failed.-----]
[2017-07-19 11:14:49:223] [videoyiTestCase.ProductManagerTest] [ERROR] [149] [java.lang.NullPointerException: null value in entry: name=null]
[2017-07-19 11:14:50:767] [videoyiAutoTest.VideoyiTestNGMain] [INFO] [71] [# # # # # # # #Close Test Application# # # # # # # #]
[2017-07-19 11:14:50:767] [videoyiAutoTest.VideoyiTestNGMain] [INFO] [72] [# # # # # # # # # #TEST Has Ended# # # # # # # # # #]
[2017-07-19 11:14:50:768] [videoyiAutoTest.VideoyiTestNGMain] [INFO] [73] [# # # # # # # # # # # # # # # # # # # # # # # # # # # ]
[2017-07-19 11:15:59:868] [videoyiAutoTest.VideoyiTestNGMain] [INFO] [43] [# # # # # # # # # # # # # # # # # # # # # # # # # # # ]
[2017-07-19 11:15:59:873] [videoyiAutoTest.VideoyiTestNGMain] [INFO] [44] [# # # # # # # # # #TEST Has Started# # # # # # # # # #]
[2017-07-19 11:15:59:879] [common.DriverManager] [INFO] [38] [# # # # # # # # #Executing on CHROME# # # # # # # # #]
[2017-07-19 11:16:09:504] [videoyiAutoTest.VideoyiTestNGMain] [INFO] [56] [# # # # # # # # #Open Test Application# # # # # # # #]
[2017-07-19 11:16:12:539] [videoyiTestCase.VideoyiLoginTest] [INFO] [34] [-----testVideoyiLogin Start.-----]
[2017-07-19 11:16:16:723] [videoyiTestCase.VideoyiLoginTest] [INFO] [46] [-----testVideoyiLogin Success.-----]
[2017-07-19 11:16:19:728] [videoyiTestCase.ProductManagerTest] [INFO] [41] [-----testProductManager Start.-----]
[2017-07-19 11:16:22:251] [videoyiTestCase.ProductManagerTest] [INFO] [47] [-----testProductManager Success.-----]
[2017-07-19 11:16:23:254] [videoyiTestCase.ProductManagerTest] [INFO] [64] [-----testCreateProduct Start.-----]
[2017-07-19 11:18:11:262] [videoyiTestCase.ProductManagerTest] [ERROR] [148] [-----testCreateProduct failed.-----]
[2017-07-19 11:18:11:263] [videoyiTestCase.ProductManagerTest] [ERROR] [149] [java.lang.NullPointerException: null value in entry: name=null]
[2017-07-19 11:18:12:676] [videoyiAutoTest.VideoyiTestNGMain] [INFO] [71] [# # # # # # # #Close Test Application# # # # # # # #]
[2017-07-19 11:18:12:676] [videoyiAutoTest.VideoyiTestNGMain] [INFO] [72] [# # # # # # # # # #TEST Has Ended# # # # # # # # # #]
[2017-07-19 11:18:12:676] [videoyiAutoTest.VideoyiTestNGMain] [INFO] [73] [# # # # # # # # # # # # # # # # # # # # # # # # # # # ]
[2017-07-19 12:03:13:523] [videoyiAutoTest.VideoyiTestNGMain] [INFO] [43] [# # # # # # # # # # # # # # # # # # # # # # # # # # # ]
[2017-07-19 12:03:13:526] [videoyiAutoTest.VideoyiTestNGMain] [INFO] [44] [# # # # # # # # # #TEST Has Started# # # # # # # # # #]
[2017-07-19 12:03:13:527] [common.DriverManager] [INFO] [38] [# # # # # # # # #Executing on CHROME# # # # # # # # #]
[2017-07-19 12:03:20:057] [videoyiAutoTest.VideoyiTestNGMain] [INFO] [56] [# # # # # # # # #Open Test Application# # # # # # # #]
[2017-07-19 12:03:23:076] [videoyiTestCase.VideoyiLoginTest] [INFO] [34] [-----testVideoyiLogin Start.-----]
[2017-07-19 12:03:27:144] [videoyiTestCase.VideoyiLoginTest] [INFO] [46] [-----testVideoyiLogin Success.-----]
[2017-07-19 12:03:30:148] [videoyiTestCase.ProductManagerTest] [INFO] [41] [-----testProductManager Start.-----]
[2017-07-19 12:03:32:855] [videoyiTestCase.ProductManagerTest] [INFO] [47] [-----testProductManager Success.-----]
[2017-07-19 12:03:33:857] [videoyiTestCase.ProductManagerTest] [INFO] [64] [-----testCreateProduct Start.-----]
[2017-07-19 12:03:50:960] [videoyiTestCase.ProductManagerTest] [INFO] [149] [-----testCreateProduct Success.-----]
[2017-07-19 12:03:51:964] [videoyiAutoTest.VideoyiTestNGMain] [INFO] [71] [# # # # # # # #Close Test Application# # # # # # # #]
[2017-07-19 12:03:51:964] [videoyiAutoTest.VideoyiTestNGMain] [INFO] [72] [# # # # # # # # # #TEST Has Ended# # # # # # # # # #]
[2017-07-19 12:03:51:964] [videoyiAutoTest.VideoyiTestNGMain] [INFO] [73] [# # # # # # # # # # # # # # # # # # # # # # # # # # # ]
[2017-07-19 12:15:50:153] [videoyiAutoTest.VideoyiTestNGMain] [INFO] [43] [# # # # # # # # # # # # # # # # # # # # # # # # # # # ]
[2017-07-19 12:15:50:155] [videoyiAutoTest.VideoyiTestNGMain] [INFO] [44] [# # # # # # # # # #TEST Has Started# # # # # # # # # #]
[2017-07-19 12:15:50:156] [common.DriverManager] [INFO] [38] [# # # # # # # # #Executing on CHROME# # # # # # # # #]
[2017-07-19 12:15:56:626] [videoyiAutoTest.VideoyiTestNGMain] [INFO] [56] [# # # # # # # # #Open Test Application# # # # # # # #]
[2017-07-19 12:15:59:641] [videoyiTestCase.VideoyiLoginTest] [INFO] [34] [-----testVideoyiLogin Start.-----]
[2017-07-19 12:16:03:718] [videoyiTestCase.VideoyiLoginTest] [INFO] [46] [-----testVideoyiLogin Success.-----]
[2017-07-19 12:16:06:721] [videoyiTestCase.ProductManagerTest] [INFO] [41] [-----testProductManager Start.-----]
[2017-07-19 12:16:09:234] [videoyiTestCase.ProductManagerTest] [INFO] [47] [-----testProductManager Success.-----]
[2017-07-19 12:16:10:237] [videoyiTestCase.ProductManagerTest] [INFO] [64] [-----testCreateProduct Start.-----]
[2017-07-19 12:16:26:757] [videoyiTestCase.ProductManagerTest] [INFO] [150] [-----testCreateProduct Success.-----]
[2017-07-19 12:16:27:760] [videoyiAutoTest.VideoyiTestNGMain] [INFO] [71] [# # # # # # # #Close Test Application# # # # # # # #]
[2017-07-19 12:16:27:760] [videoyiAutoTest.VideoyiTestNGMain] [INFO] [72] [# # # # # # # # # #TEST Has Ended# # # # # # # # # #]
[2017-07-19 12:16:27:761] [videoyiAutoTest.VideoyiTestNGMain] [INFO] [73] [# # # # # # # # # # # # # # # # # # # # # # # # # # # ]
[2017-07-19 12:17:29:214] [videoyiAutoTest.VideoyiTestNGMain] [INFO] [43] [# # # # # # # # # # # # # # # # # # # # # # # # # # # ]
[2017-07-19 12:17:29:217] [videoyiAutoTest.VideoyiTestNGMain] [INFO] [44] [# # # # # # # # # #TEST Has Started# # # # # # # # # #]
[2017-07-19 12:17:29:218] [common.DriverManager] [INFO] [38] [# # # # # # # # #Executing on CHROME# # # # # # # # #]
[2017-07-19 12:17:35:479] [videoyiAutoTest.VideoyiTestNGMain] [INFO] [56] [# # # # # # # # #Open Test Application# # # # # # # #]
[2017-07-19 12:17:38:502] [videoyiTestCase.VideoyiLoginTest] [INFO] [34] [-----testVideoyiLogin Start.-----]
[2017-07-19 12:17:42:570] [videoyiTestCase.VideoyiLoginTest] [INFO] [46] [-----testVideoyiLogin Success.-----]
[2017-07-19 12:17:45:574] [videoyiTestCase.ProductManagerTest] [INFO] [41] [-----testProductManager Start.-----]
[2017-07-19 12:17:48:119] [videoyiTestCase.ProductManagerTest] [INFO] [47] [-----testProductManager Success.-----]
[2017-07-19 12:17:49:122] [videoyiTestCase.ProductManagerTest] [INFO] [64] [-----testCreateProduct Start.-----]
[2017-07-19 12:18:02:140] [videoyiTestCase.ProductManagerTest] [ERROR] [153] [-----testCreateProduct failed.-----]
[2017-07-19 12:18:02:141] [videoyiTestCase.ProductManagerTest] [ERROR] [154] [org.openqa.selenium.ElementNotVisibleException: element not visible
  (Session info: chrome=59.0.3071.104)
  (Driver info: chromedriver=2.30.477700 (0057494ad8732195794a7b32078424f92a5fce41),platform=Windows NT 6.1.7601 SP1 x86_64) (WARNING: The server did not provide any stacktrace information)
Command duration or timeout: 34 milliseconds
Build info: version: '2.52.0', revision: '4c2593c', time: '2016-02-11 19:03:33'
System info: host: 'WIN-UBMLJ97RGF8', ip: '172.16.0.108', os.name: 'Windows 7', os.arch: 'amd64', os.version: '6.1', java.version: '1.8.0_65'
Driver info: org.openqa.selenium.chrome.ChromeDriver
Capabilities [{applicationCacheEnabled=false, rotatable=false, mobileEmulationEnabled=false, networkConnectionEnabled=false, chrome={chromedriverVersion=2.30.477700 (0057494ad8732195794a7b32078424f92a5fce41), userDataDir=C:\Users\ADMINI~1\AppData\Local\Temp\scoped_dir10572_20979}, takesHeapSnapshot=true, pageLoadStrategy=normal, databaseEnabled=false, handlesAlerts=true, hasTouchScreen=false, version=59.0.3071.104, platform=XP, browserConnectionEnabled=false, nativeEvents=true, acceptSslCerts=true, locationContextEnabled=true, webStorageEnabled=true, browserName=chrome, takesScreenshot=true, javascriptEnabled=true, cssSelectorsEnabled=true, unexpectedAlertBehaviour=}]
Session ID: 38ba58d5a6a3b0b91528b815f3415d5f]
[2017-07-19 12:18:03:524] [videoyiAutoTest.VideoyiTestNGMain] [INFO] [71] [# # # # # # # #Close Test Application# # # # # # # #]
[2017-07-19 12:18:03:525] [videoyiAutoTest.VideoyiTestNGMain] [INFO] [72] [# # # # # # # # # #TEST Has Ended# # # # # # # # # #]
[2017-07-19 12:18:03:525] [videoyiAutoTest.VideoyiTestNGMain] [INFO] [73] [# # # # # # # # # # # # # # # # # # # # # # # # # # # ]
[2017-07-19 12:26:14:779] [videoyiAutoTest.VideoyiTestNGMain] [INFO] [43] [# # # # # # # # # # # # # # # # # # # # # # # # # # # ]
[2017-07-19 12:26:14:782] [videoyiAutoTest.VideoyiTestNGMain] [INFO] [44] [# # # # # # # # # #TEST Has Started# # # # # # # # # #]
[2017-07-19 12:26:14:783] [common.DriverManager] [INFO] [38] [# # # # # # # # #Executing on CHROME# # # # # # # # #]
[2017-07-19 12:26:21:029] [videoyiAutoTest.VideoyiTestNGMain] [INFO] [56] [# # # # # # # # #Open Test Application# # # # # # # #]
[2017-07-19 12:26:24:046] [videoyiTestCase.VideoyiLoginTest] [INFO] [34] [-----testVideoyiLogin Start.-----]
[2017-07-19 12:26:28:076] [videoyiTestCase.VideoyiLoginTest] [INFO] [46] [-----testVideoyiLogin Success.-----]
[2017-07-19 12:26:31:083] [videoyiTestCase.ProductManagerTest] [INFO] [41] [-----testProductManager Start.-----]
[2017-07-19 12:26:33:603] [videoyiTestCase.ProductManagerTest] [INFO] [47] [-----testProductManager Success.-----]
[2017-07-19 12:26:34:606] [videoyiTestCase.ProductManagerTest] [INFO] [64] [-----testCreateProduct Start.-----]
[2017-07-19 12:26:47:385] [videoyiTestCase.ProductManagerTest] [ERROR] [154] [-----testCreateProduct failed.-----]
[2017-07-19 12:26:47:385] [videoyiTestCase.ProductManagerTest] [ERROR] [155] [org.openqa.selenium.ElementNotVisibleException: element not visible
  (Session info: chrome=59.0.3071.104)
  (Driver info: chromedriver=2.30.477700 (0057494ad8732195794a7b32078424f92a5fce41),platform=Windows NT 6.1.7601 SP1 x86_64) (WARNING: The server did not provide any stacktrace information)
Command duration or timeout: 30 milliseconds
Build info: version: '2.52.0', revision: '4c2593c', time: '2016-02-11 19:03:33'
System info: host: 'WIN-UBMLJ97RGF8', ip: '172.16.0.108', os.name: 'Windows 7', os.arch: 'amd64', os.version: '6.1', java.version: '1.8.0_65'
Driver info: org.openqa.selenium.chrome.ChromeDriver
Capabilities [{applicationCacheEnabled=false, rotatable=false, mobileEmulationEnabled=false, networkConnectionEnabled=false, chrome={chromedriverVersion=2.30.477700 (0057494ad8732195794a7b32078424f92a5fce41), userDataDir=C:\Users\ADMINI~1\AppData\Local\Temp\scoped_dir1180_6168}, takesHeapSnapshot=true, pageLoadStrategy=normal, databaseEnabled=false, handlesAlerts=true, hasTouchScreen=false, version=59.0.3071.104, platform=XP, browserConnectionEnabled=false, nativeEvents=true, acceptSslCerts=true, locationContextEnabled=true, webStorageEnabled=true, browserName=chrome, takesScreenshot=true, javascriptEnabled=true, cssSelectorsEnabled=true, unexpectedAlertBehaviour=}]
Session ID: f0cbd2b637d07cd42739c5e49ae3a62b]
[2017-07-19 12:26:48:758] [videoyiAutoTest.VideoyiTestNGMain] [INFO] [71] [# # # # # # # #Close Test Application# # # # # # # #]
[2017-07-19 12:26:48:761] [videoyiAutoTest.VideoyiTestNGMain] [INFO] [72] [# # # # # # # # # #TEST Has Ended# # # # # # # # # #]
[2017-07-19 12:26:48:762] [videoyiAutoTest.VideoyiTestNGMain] [INFO] [73] [# # # # # # # # # # # # # # # # # # # # # # # # # # # ]
[2017-07-19 12:33:27:553] [videoyiAutoTest.VideoyiTestNGMain] [INFO] [43] [# # # # # # # # # # # # # # # # # # # # # # # # # # # ]
[2017-07-19 12:33:27:556] [videoyiAutoTest.VideoyiTestNGMain] [INFO] [44] [# # # # # # # # # #TEST Has Started# # # # # # # # # #]
[2017-07-19 12:33:27:557] [common.DriverManager] [INFO] [38] [# # # # # # # # #Executing on CHROME# # # # # # # # #]
[2017-07-19 12:33:34:035] [videoyiAutoTest.VideoyiTestNGMain] [INFO] [56] [# # # # # # # # #Open Test Application# # # # # # # #]
[2017-07-19 12:33:37:052] [videoyiTestCase.VideoyiLoginTest] [INFO] [34] [-----testVideoyiLogin Start.-----]
[2017-07-19 12:33:41:157] [videoyiTestCase.VideoyiLoginTest] [INFO] [46] [-----testVideoyiLogin Success.-----]
[2017-07-19 12:33:44:164] [videoyiTestCase.ProductManagerTest] [INFO] [41] [-----testProductManager Start.-----]
[2017-07-19 12:33:47:487] [videoyiTestCase.ProductManagerTest] [INFO] [47] [-----testProductManager Success.-----]
[2017-07-19 12:33:48:490] [videoyiTestCase.ProductManagerTest] [INFO] [64] [-----testCreateProduct Start.-----]
[2017-07-19 12:34:01:474] [videoyiTestCase.ProductManagerTest] [ERROR] [154] [-----testCreateProduct failed.-----]
[2017-07-19 12:34:01:475] [videoyiTestCase.ProductManagerTest] [ERROR] [155] [org.openqa.selenium.ElementNotVisibleException: element not visible
  (Session info: chrome=59.0.3071.104)
  (Driver info: chromedriver=2.30.477700 (0057494ad8732195794a7b32078424f92a5fce41),platform=Windows NT 6.1.7601 SP1 x86_64) (WARNING: The server did not provide any stacktrace information)
Command duration or timeout: 34 milliseconds
Build info: version: '2.52.0', revision: '4c2593c', time: '2016-02-11 19:03:33'
System info: host: 'WIN-UBMLJ97RGF8', ip: '172.16.0.108', os.name: 'Windows 7', os.arch: 'amd64', os.version: '6.1', java.version: '1.8.0_65'
Driver info: org.openqa.selenium.chrome.ChromeDriver
Capabilities [{applicationCacheEnabled=false, rotatable=false, mobileEmulationEnabled=false, networkConnectionEnabled=false, chrome={chromedriverVersion=2.30.477700 (0057494ad8732195794a7b32078424f92a5fce41), userDataDir=C:\Users\ADMINI~1\AppData\Local\Temp\scoped_dir8428_23168}, takesHeapSnapshot=true, pageLoadStrategy=normal, databaseEnabled=false, handlesAlerts=true, hasTouchScreen=false, version=59.0.3071.104, platform=XP, browserConnectionEnabled=false, nativeEvents=true, acceptSslCerts=true, locationContextEnabled=true, webStorageEnabled=true, browserName=chrome, takesScreenshot=true, javascriptEnabled=true, cssSelectorsEnabled=true, unexpectedAlertBehaviour=}]
Session ID: dd463277daaecf2cfba59abc3202d33e]
[2017-07-19 12:34:02:858] [videoyiAutoTest.VideoyiTestNGMain] [INFO] [71] [# # # # # # # #Close Test Application# # # # # # # #]
[2017-07-19 12:34:02:858] [videoyiAutoTest.VideoyiTestNGMain] [INFO] [72] [# # # # # # # # # #TEST Has Ended# # # # # # # # # #]
[2017-07-19 12:34:02:858] [videoyiAutoTest.VideoyiTestNGMain] [INFO] [73] [# # # # # # # # # # # # # # # # # # # # # # # # # # # ]
[2017-07-19 12:37:23:626] [videoyiAutoTest.VideoyiTestNGMain] [INFO] [43] [# # # # # # # # # # # # # # # # # # # # # # # # # # # ]
[2017-07-19 12:37:23:628] [videoyiAutoTest.VideoyiTestNGMain] [INFO] [44] [# # # # # # # # # #TEST Has Started# # # # # # # # # #]
[2017-07-19 12:37:23:629] [common.DriverManager] [INFO] [38] [# # # # # # # # #Executing on CHROME# # # # # # # # #]
[2017-07-19 12:37:30:050] [videoyiAutoTest.VideoyiTestNGMain] [INFO] [56] [# # # # # # # # #Open Test Application# # # # # # # #]
[2017-07-19 12:37:33:070] [videoyiTestCase.VideoyiLoginTest] [INFO] [34] [-----testVideoyiLogin Start.-----]
[2017-07-19 12:37:37:233] [videoyiTestCase.VideoyiLoginTest] [INFO] [46] [-----testVideoyiLogin Success.-----]
[2017-07-19 12:37:40:238] [videoyiTestCase.ProductManagerTest] [INFO] [41] [-----testProductManager Start.-----]
[2017-07-19 12:37:42:635] [videoyiTestCase.ProductManagerTest] [INFO] [47] [-----testProductManager Success.-----]
[2017-07-19 12:37:43:638] [videoyiTestCase.ProductManagerTest] [INFO] [64] [-----testCreateProduct Start.-----]
[2017-07-19 12:38:00:193] [videoyiTestCase.ProductManagerTest] [INFO] [151] [-----testCreateProduct Success.-----]
[2017-07-19 12:38:01:198] [videoyiAutoTest.VideoyiTestNGMain] [INFO] [71] [# # # # # # # #Close Test Application# # # # # # # #]
[2017-07-19 12:38:01:199] [videoyiAutoTest.VideoyiTestNGMain] [INFO] [72] [# # # # # # # # # #TEST Has Ended# # # # # # # # # #]
[2017-07-19 12:38:01:200] [videoyiAutoTest.VideoyiTestNGMain] [INFO] [73] [# # # # # # # # # # # # # # # # # # # # # # # # # # # ]
[2017-07-19 12:39:01:553] [videoyiAutoTest.VideoyiTestNGMain] [INFO] [43] [# # # # # # # # # # # # # # # # # # # # # # # # # # # ]
[2017-07-19 12:39:01:556] [videoyiAutoTest.VideoyiTestNGMain] [INFO] [44] [# # # # # # # # # #TEST Has Started# # # # # # # # # #]
[2017-07-19 12:39:01:557] [common.DriverManager] [INFO] [38] [# # # # # # # # #Executing on CHROME# # # # # # # # #]
[2017-07-19 12:39:08:007] [videoyiAutoTest.VideoyiTestNGMain] [INFO] [56] [# # # # # # # # #Open Test Application# # # # # # # #]
[2017-07-19 12:39:11:023] [videoyiTestCase.VideoyiLoginTest] [INFO] [34] [-----testVideoyiLogin Start.-----]
[2017-07-19 12:39:15:162] [videoyiTestCase.VideoyiLoginTest] [INFO] [46] [-----testVideoyiLogin Success.-----]
[2017-07-19 12:39:18:166] [videoyiTestCase.ProductManagerTest] [INFO] [41] [-----testProductManager Start.-----]
[2017-07-19 12:39:20:672] [videoyiTestCase.ProductManagerTest] [INFO] [47] [-----testProductManager Success.-----]
[2017-07-19 12:39:21:678] [videoyiTestCase.ProductManagerTest] [INFO] [64] [-----testCreateProduct Start.-----]
[2017-07-19 12:39:38:117] [videoyiTestCase.ProductManagerTest] [INFO] [149] [-----testCreateProduct Success.-----]
[2017-07-19 12:39:39:120] [videoyiAutoTest.VideoyiTestNGMain] [INFO] [71] [# # # # # # # #Close Test Application# # # # # # # #]
[2017-07-19 12:39:39:121] [videoyiAutoTest.VideoyiTestNGMain] [INFO] [72] [# # # # # # # # # #TEST Has Ended# # # # # # # # # #]
[2017-07-19 12:39:39:121] [videoyiAutoTest.VideoyiTestNGMain] [INFO] [73] [# # # # # # # # # # # # # # # # # # # # # # # # # # # ]
[2017-07-19 16:39:57:311] [videoyiAutoTest.VideoyiTestNGMain] [INFO] [43] [# # # # # # # # # # # # # # # # # # # # # # # # # # # ]
[2017-07-19 16:39:57:313] [videoyiAutoTest.VideoyiTestNGMain] [INFO] [44] [# # # # # # # # # #TEST Has Started# # # # # # # # # #]
[2017-07-19 16:39:57:319] [common.DriverManager] [INFO] [38] [# # # # # # # # #Executing on CHROME# # # # # # # # #]
[2017-07-19 16:40:04:139] [videoyiAutoTest.VideoyiTestNGMain] [INFO] [56] [# # # # # # # # #Open Test Application# # # # # # # #]
[2017-07-19 16:40:07:203] [videoyiTestCase.VideoyiLoginTest] [INFO] [36] [-----testVideoyiLogin Start.-----]
[2017-07-19 16:40:52:621] [videoyiTestCase.VideoyiLoginTest] [INFO] [50] [http://test.videoyi.cn/workorder/index]
[2017-07-19 16:41:07:222] [videoyiTestCase.VideoyiLoginTest] [INFO] [52] [-----testVideoyiLogin Success.-----]
[2017-07-19 16:41:08:330] [videoyiAutoTest.VideoyiTestNGMain] [INFO] [71] [# # # # # # # #Close Test Application# # # # # # # #]
[2017-07-19 16:41:08:331] [videoyiAutoTest.VideoyiTestNGMain] [INFO] [72] [# # # # # # # # # #TEST Has Ended# # # # # # # # # #]
[2017-07-19 16:41:08:331] [videoyiAutoTest.VideoyiTestNGMain] [INFO] [73] [# # # # # # # # # # # # # # # # # # # # # # # # # # # ]
[2017-07-19 16:41:26:783] [videoyiAutoTest.VideoyiTestNGMain] [INFO] [43] [# # # # # # # # # # # # # # # # # # # # # # # # # # # ]
[2017-07-19 16:41:26:786] [videoyiAutoTest.VideoyiTestNGMain] [INFO] [44] [# # # # # # # # # #TEST Has Started# # # # # # # # # #]
[2017-07-19 16:41:26:787] [common.DriverManager] [INFO] [38] [# # # # # # # # #Executing on CHROME# # # # # # # # #]
[2017-07-19 16:41:33:226] [videoyiAutoTest.VideoyiTestNGMain] [INFO] [56] [# # # # # # # # #Open Test Application# # # # # # # #]
[2017-07-19 16:41:36:243] [videoyiTestCase.VideoyiLoginTest] [INFO] [36] [-----testVideoyiLogin Start.-----]
[2017-07-19 16:41:41:961] [videoyiAutoTest.VideoyiTestNGMain] [INFO] [71] [# # # # # # # #Close Test Application# # # # # # # #]
[2017-07-19 16:41:41:961] [videoyiAutoTest.VideoyiTestNGMain] [INFO] [72] [# # # # # # # # # #TEST Has Ended# # # # # # # # # #]
[2017-07-19 16:41:41:961] [videoyiAutoTest.VideoyiTestNGMain] [INFO] [73] [# # # # # # # # # # # # # # # # # # # # # # # # # # # ]
[2017-07-19 16:49:12:065] [videoyiAutoTest.VideoyiTestNGMain] [INFO] [43] [# # # # # # # # # # # # # # # # # # # # # # # # # # # ]
[2017-07-19 16:49:12:069] [videoyiAutoTest.VideoyiTestNGMain] [INFO] [44] [# # # # # # # # # #TEST Has Started# # # # # # # # # #]
[2017-07-19 16:49:12:077] [common.DriverManager] [INFO] [38] [# # # # # # # # #Executing on CHROME# # # # # # # # #]
[2017-07-19 16:49:18:731] [videoyiAutoTest.VideoyiTestNGMain] [INFO] [56] [# # # # # # # # #Open Test Application# # # # # # # #]
[2017-07-19 16:53:07:056] [videoyiAutoTest.VideoyiTestNGMain] [INFO] [43] [# # # # # # # # # # # # # # # # # # # # # # # # # # # ]
[2017-07-19 16:53:07:059] [videoyiAutoTest.VideoyiTestNGMain] [INFO] [44] [# # # # # # # # # #TEST Has Started# # # # # # # # # #]
[2017-07-19 16:53:07:060] [common.DriverManager] [INFO] [38] [# # # # # # # # #Executing on CHROME# # # # # # # # #]
[2017-07-19 16:53:13:520] [videoyiAutoTest.VideoyiTestNGMain] [INFO] [56] [# # # # # # # # #Open Test Application# # # # # # # #]
[2017-07-19 16:53:16:537] [videoyiTestCase.VideoyiLoginTest] [INFO] [44] [-----testVideoyiLogin Start.-----]
[2017-07-19 16:53:21:223] [videoyiTestCase.VideoyiLoginTest] [INFO] [58] [http://test.videoyi.cn/workorder/index]
[2017-07-19 16:53:21:592] [videoyiTestCase.VideoyiLoginTest] [INFO] [60] [-----testVideoyiLogin Success.-----]
[2017-07-19 16:53:22:664] [videoyiAutoTest.VideoyiTestNGMain] [INFO] [71] [# # # # # # # #Close Test Application# # # # # # # #]
[2017-07-19 16:53:22:664] [videoyiAutoTest.VideoyiTestNGMain] [INFO] [72] [# # # # # # # # # #TEST Has Ended# # # # # # # # # #]
[2017-07-19 16:53:22:664] [videoyiAutoTest.VideoyiTestNGMain] [INFO] [73] [# # # # # # # # # # # # # # # # # # # # # # # # # # # ]
[2017-07-19 17:02:48:684] [videoyiAutoTest.VideoyiTestNGMain] [INFO] [43] [# # # # # # # # # # # # # # # # # # # # # # # # # # # ]
[2017-07-19 17:02:48:687] [videoyiAutoTest.VideoyiTestNGMain] [INFO] [44] [# # # # # # # # # #TEST Has Started# # # # # # # # # #]
[2017-07-19 17:02:48:688] [common.DriverManager] [INFO] [38] [# # # # # # # # #Executing on CHROME# # # # # # # # #]
[2017-07-19 17:02:55:031] [videoyiAutoTest.VideoyiTestNGMain] [INFO] [56] [# # # # # # # # #Open Test Application# # # # # # # #]
[2017-07-19 17:02:58:046] [videoyiTestCase.VideoyiLoginTest] [INFO] [39] [-----testVideoyiLogin Start.-----]
[2017-07-19 17:03:02:689] [videoyiTestCase.VideoyiLoginTest] [INFO] [53] [http://test.videoyi.cn/workorder/index]
[2017-07-19 17:03:03:026] [videoyiTestCase.VideoyiLoginTest] [INFO] [55] [-----testVideoyiLogin Success.-----]
[2017-07-19 17:03:06:032] [videoyiTestCase.MemberManagerTest] [INFO] [38] [-----testMemeberManager Start.-----]
[2017-07-19 17:03:08:029] [videoyiTestCase.MemberManagerTest] [INFO] [44] [-----testMemeberManager Success.-----]
[2017-07-19 17:03:09:033] [videoyiTestCase.MemberManagerTest] [INFO] [60] [-----testCreateMember Start.-----]
[2017-07-19 17:03:24:780] [videoyiTestCase.MemberManagerTest] [INFO] [98] [-----testCreateMember Success.-----]
[2017-07-19 17:03:25:785] [videoyiTestCase.MemberManagerTest] [INFO] [114] [-----testSearchMember Start.-----]
[2017-07-19 17:03:28:896] [videoyiTestCase.MemberManagerTest] [INFO] [128] [-----testSearchMember Success.-----]
[2017-07-19 17:03:29:900] [videoyiTestCase.MemberManagerTest] [INFO] [144] [-----testEditMember Start.-----]
[2017-07-19 17:03:45:016] [videoyiTestCase.MemberManagerTest] [INFO] [188] [-----testEditMember Success.-----]
[2017-07-19 17:03:46:018] [videoyiTestCase.MemberManagerTest] [INFO] [203] [-----testDeleteMemberCancel Start.-----]
[2017-07-19 17:03:48:851] [videoyiTestCase.MemberManagerTest] [INFO] [213] [-----testDeleteMemberCancel Success.-----]
[2017-07-19 17:03:49:854] [videoyiTestCase.MemberManagerTest] [INFO] [227] [-----testDeleteMemberOK Start.-----]
[2017-07-19 17:03:53:948] [videoyiTestCase.MemberManagerTest] [INFO] [240] [-----testDeleteMemberOK Success.-----]
[2017-07-19 17:03:56:951] [videoyiTestCase.ProductManagerTest] [INFO] [41] [-----testProductManager Start.-----]
[2017-07-19 17:03:59:344] [videoyiTestCase.ProductManagerTest] [INFO] [47] [-----testProductManager Success.-----]
[2017-07-19 17:04:00:346] [videoyiTestCase.ProductManagerTest] [INFO] [64] [-----testCreateProduct Start.-----]
[2017-07-19 17:04:10:358] [videoyiTestCase.ProductManagerTest] [ERROR] [116] [-----testCreateProduct failed.-----]
[2017-07-19 17:04:10:358] [videoyiTestCase.ProductManagerTest] [ERROR] [117] [java.io.IOException: Cannot run program "E:\Yingpu\000.SVNYP\01.个人文件夹\Renqiang\04.AutoTest\videoyiAutoTest\lib\uploadFile.exe": CreateProcess error=5, 拒绝访问。]
[2017-07-19 17:04:11:874] [videoyiAutoTest.VideoyiTestNGMain] [INFO] [71] [# # # # # # # #Close Test Application# # # # # # # #]
[2017-07-19 17:04:11:875] [videoyiAutoTest.VideoyiTestNGMain] [INFO] [72] [# # # # # # # # # #TEST Has Ended# # # # # # # # # #]
[2017-07-19 17:04:11:876] [videoyiAutoTest.VideoyiTestNGMain] [INFO] [73] [# # # # # # # # # # # # # # # # # # # # # # # # # # # ]
[2017-07-19 17:09:54:624] [videoyiAutoTest.VideoyiTestNGMain] [INFO] [43] [# # # # # # # # # # # # # # # # # # # # # # # # # # # ]
[2017-07-19 17:09:54:626] [videoyiAutoTest.VideoyiTestNGMain] [INFO] [44] [# # # # # # # # # #TEST Has Started# # # # # # # # # #]
[2017-07-19 17:09:54:627] [common.DriverManager] [INFO] [38] [# # # # # # # # #Executing on CHROME# # # # # # # # #]
[2017-07-19 17:10:03:139] [videoyiAutoTest.VideoyiTestNGMain] [INFO] [56] [# # # # # # # # #Open Test Application# # # # # # # #]
[2017-07-19 17:10:06:153] [videoyiTestCase.VideoyiLoginTest] [INFO] [39] [-----testVideoyiLogin Start.-----]
[2017-07-19 17:10:10:879] [videoyiTestCase.VideoyiLoginTest] [INFO] [53] [http://test.videoyi.cn/workorder/index]
[2017-07-19 17:10:11:243] [videoyiTestCase.VideoyiLoginTest] [INFO] [55] [-----testVideoyiLogin Success.-----]
[2017-07-19 17:10:14:255] [videoyiTestCase.MemberManagerTest] [INFO] [38] [-----testMemeberManager Start.-----]
[2017-07-19 17:10:16:720] [videoyiTestCase.MemberManagerTest] [INFO] [44] [-----testMemeberManager Success.-----]
[2017-07-19 17:10:17:723] [videoyiTestCase.MemberManagerTest] [INFO] [60] [-----testCreateMember Start.-----]
[2017-07-19 17:10:33:353] [videoyiTestCase.MemberManagerTest] [INFO] [98] [-----testCreateMember Success.-----]
[2017-07-19 17:10:34:357] [videoyiTestCase.MemberManagerTest] [INFO] [114] [-----testSearchMember Start.-----]
[2017-07-19 17:10:37:467] [videoyiTestCase.MemberManagerTest] [INFO] [128] [-----testSearchMember Success.-----]
[2017-07-19 17:10:38:474] [videoyiTestCase.MemberManagerTest] [INFO] [144] [-----testEditMember Start.-----]
[2017-07-19 17:10:52:605] [videoyiTestCase.MemberManagerTest] [INFO] [188] [-----testEditMember Success.-----]
[2017-07-19 17:10:53:609] [videoyiTestCase.MemberManagerTest] [INFO] [203] [-----testDeleteMemberCancel Start.-----]
[2017-07-19 17:10:56:459] [videoyiTestCase.MemberManagerTest] [INFO] [213] [-----testDeleteMemberCancel Success.-----]
[2017-07-19 17:10:57:463] [videoyiTestCase.MemberManagerTest] [INFO] [227] [-----testDeleteMemberOK Start.-----]
[2017-07-19 17:11:01:276] [videoyiTestCase.MemberManagerTest] [INFO] [240] [-----testDeleteMemberOK Success.-----]
[2017-07-19 17:11:04:280] [videoyiTestCase.ProductManagerTest] [INFO] [41] [-----testProductManager Start.-----]
[2017-07-19 17:11:06:684] [videoyiTestCase.ProductManagerTest] [INFO] [47] [-----testProductManager Success.-----]
[2017-07-19 17:11:07:688] [videoyiTestCase.ProductManagerTest] [INFO] [64] [-----testCreateProduct Start.-----]
[2017-07-19 17:11:17:483] [videoyiTestCase.ProductManagerTest] [ERROR] [116] [-----testCreateProduct failed.-----]
[2017-07-19 17:11:17:484] [videoyiTestCase.ProductManagerTest] [ERROR] [117] [java.io.IOException: Cannot run program "E:\Yingpu\000.SVNYP\01.个人文件夹\Renqiang\04.AutoTest\videoyiAutoTest\lib\uploadFile.exe": CreateProcess error=5, 拒绝访问。]
[2017-07-19 17:11:19:110] [videoyiAutoTest.VideoyiTestNGMain] [INFO] [71] [# # # # # # # #Close Test Application# # # # # # # #]
[2017-07-19 17:11:19:115] [videoyiAutoTest.VideoyiTestNGMain] [INFO] [72] [# # # # # # # # # #TEST Has Ended# # # # # # # # # #]
[2017-07-19 17:11:19:115] [videoyiAutoTest.VideoyiTestNGMain] [INFO] [73] [# # # # # # # # # # # # # # # # # # # # # # # # # # # ]
[2017-07-19 17:17:25:114] [videoyiAutoTest.VideoyiTestNGMain] [INFO] [43] [# # # # # # # # # # # # # # # # # # # # # # # # # # # ]
[2017-07-19 17:17:25:117] [videoyiAutoTest.VideoyiTestNGMain] [INFO] [44] [# # # # # # # # # #TEST Has Started# # # # # # # # # #]
[2017-07-19 17:17:25:118] [common.DriverManager] [INFO] [38] [# # # # # # # # #Executing on CHROME# # # # # # # # #]
[2017-07-19 17:17:32:184] [videoyiAutoTest.VideoyiTestNGMain] [INFO] [56] [# # # # # # # # #Open Test Application# # # # # # # #]
[2017-07-19 17:17:35:199] [videoyiTestCase.VideoyiLoginTest] [INFO] [39] [-----testVideoyiLogin Start.-----]
[2017-07-19 17:17:39:928] [videoyiTestCase.VideoyiLoginTest] [INFO] [53] [http://test.videoyi.cn/workorder/index]
[2017-07-19 17:17:40:284] [videoyiTestCase.VideoyiLoginTest] [INFO] [55] [-----testVideoyiLogin Success.-----]
[2017-07-19 17:17:43:287] [videoyiTestCase.ProductManagerTest] [INFO] [41] [-----testProductManager Start.-----]
[2017-07-19 17:17:45:749] [videoyiTestCase.ProductManagerTest] [INFO] [47] [-----testProductManager Success.-----]
[2017-07-19 17:17:46:756] [videoyiTestCase.ProductManagerTest] [INFO] [64] [-----testCreateProduct Start.-----]
[2017-07-19 17:17:56:794] [videoyiTestCase.ProductManagerTest] [ERROR] [116] [-----testCreateProduct failed.-----]
[2017-07-19 17:17:56:796] [videoyiTestCase.ProductManagerTest] [ERROR] [117] [java.io.IOException: Cannot run program "E:\Yingpu\000.SVNYP\01.个人文件夹\Renqiang\04.AutoTest\videoyiAutoTest\lib\uploadFile.exe": CreateProcess error=5, 拒绝访问。]
[2017-07-19 17:18:00:370] [videoyiAutoTest.VideoyiTestNGMain] [INFO] [71] [# # # # # # # #Close Test Application# # # # # # # #]
[2017-07-19 17:18:00:371] [videoyiAutoTest.VideoyiTestNGMain] [INFO] [72] [# # # # # # # # # #TEST Has Ended# # # # # # # # # #]
[2017-07-19 17:18:00:379] [videoyiAutoTest.VideoyiTestNGMain] [INFO] [73] [# # # # # # # # # # # # # # # # # # # # # # # # # # # ]
[2017-07-19 17:19:21:334] [videoyiAutoTest.VideoyiTestNGMain] [INFO] [43] [# # # # # # # # # # # # # # # # # # # # # # # # # # # ]
[2017-07-19 17:19:21:337] [videoyiAutoTest.VideoyiTestNGMain] [INFO] [44] [# # # # # # # # # #TEST Has Started# # # # # # # # # #]
[2017-07-19 17:19:21:338] [common.DriverManager] [INFO] [38] [# # # # # # # # #Executing on CHROME# # # # # # # # #]
[2017-07-19 17:19:28:055] [videoyiAutoTest.VideoyiTestNGMain] [INFO] [56] [# # # # # # # # #Open Test Application# # # # # # # #]
[2017-07-19 17:19:31:069] [videoyiTestCase.VideoyiLoginTest] [INFO] [39] [-----testVideoyiLogin Start.-----]
[2017-07-19 17:19:35:712] [videoyiTestCase.VideoyiLoginTest] [INFO] [53] [http://test.videoyi.cn/workorder/index]
[2017-07-19 17:19:36:047] [videoyiTestCase.VideoyiLoginTest] [INFO] [55] [-----testVideoyiLogin Success.-----]
[2017-07-19 17:19:39:054] [videoyiTestCase.ProductManagerTest] [INFO] [41] [-----testProductManager Start.-----]
[2017-07-19 17:19:41:487] [videoyiTestCase.ProductManagerTest] [INFO] [47] [-----testProductManager Success.-----]
[2017-07-19 17:19:42:490] [videoyiTestCase.ProductManagerTest] [INFO] [64] [-----testCreateProduct Start.-----]
[2017-07-19 17:19:52:217] [videoyiTestCase.ProductManagerTest] [ERROR] [116] [-----testCreateProduct failed.-----]
[2017-07-19 17:19:52:218] [videoyiTestCase.ProductManagerTest] [ERROR] [117] [java.io.IOException: Cannot run program "E:\Yingpu\000.SVNYP\01.个人文件夹\Renqiang\04.AutoTest\videoyiAutoTest\lib\uploadFile.exe": CreateProcess error=5, 拒绝访问。]
[2017-07-19 17:19:53:731] [videoyiAutoTest.VideoyiTestNGMain] [INFO] [71] [# # # # # # # #Close Test Application# # # # # # # #]
[2017-07-19 17:19:53:731] [videoyiAutoTest.VideoyiTestNGMain] [INFO] [72] [# # # # # # # # # #TEST Has Ended# # # # # # # # # #]
[2017-07-19 17:19:53:732] [videoyiAutoTest.VideoyiTestNGMain] [INFO] [73] [# # # # # # # # # # # # # # # # # # # # # # # # # # # ]
