[2018-01-10 09:48:49:664] [videoyiAutoTest.VideoyiTestNGMain] [INFO] [44] [# # # # # # # # # # # # # # # # # # # # # # # # # # # ]
[2018-01-10 09:48:49:669] [videoyiAutoTest.VideoyiTestNGMain] [INFO] [45] [# # # # # # # # # #TEST Has Started# # # # # # # # # #]
[2018-01-10 09:48:49:690] [common.DriverManager] [INFO] [43] [# # # # # # # # #Executing on CHROME# # # # # # # # #]
[2018-01-10 09:58:24:164] [videoyiAutoTest.VideoyiTestNGMain] [INFO] [44] [# # # # # # # # # # # # # # # # # # # # # # # # # # # ]
[2018-01-10 09:58:24:167] [videoyiAutoTest.VideoyiTestNGMain] [INFO] [45] [# # # # # # # # # #TEST Has Started# # # # # # # # # #]
[2018-01-10 09:59:07:288] [common.DriverManager] [INFO] [43] [# # # # # # # # #Executing on CHROME# # # # # # # # #]
[2018-01-10 10:01:21:067] [videoyiAutoTest.VideoyiTestNGMain] [INFO] [44] [# # # # # # # # # # # # # # # # # # # # # # # # # # # ]
[2018-01-10 10:01:21:070] [videoyiAutoTest.VideoyiTestNGMain] [INFO] [45] [# # # # # # # # # #TEST Has Started# # # # # # # # # #]
[2018-01-10 10:01:38:640] [common.DriverManager] [INFO] [43] [# # # # # # # # #Executing on CHROME# # # # # # # # #]
[2018-01-10 10:02:36:045] [videoyiAutoTest.VideoyiTestNGMain] [INFO] [44] [# # # # # # # # # # # # # # # # # # # # # # # # # # # ]
[2018-01-10 10:02:36:048] [videoyiAutoTest.VideoyiTestNGMain] [INFO] [45] [# # # # # # # # # #TEST Has Started# # # # # # # # # #]
[2018-01-10 10:02:39:195] [common.DriverManager] [INFO] [43] [# # # # # # # # #Executing on CHROME# # # # # # # # #]
[2018-01-10 10:03:10:886] [videoyiAutoTest.VideoyiTestNGMain] [INFO] [57] [# # # # # # # # #Open Test Application# # # # # # # #]
[2018-01-10 10:03:30:972] [videoyiTestCase.VideoyiLoginTest] [INFO] [42] [-----testVideoyiLogin Start.-----]
[2018-01-10 10:03:32:245] [videoyiTestCase.VideoyiLoginTest] [INFO] [50] [-----testVideoyiLogin 输入用户名 OK.-----]
[2018-01-10 10:03:33:374] [videoyiTestCase.VideoyiLoginTest] [INFO] [55] [-----testVideoyiLogin 输入密码 OK.-----]
[2018-01-10 10:03:34:926] [videoyiTestCase.VideoyiLoginTest] [INFO] [60] [-----testVideoyiLogin 点击登录 OK.-----]
[2018-01-10 10:03:37:965] [videoyiTestCase.MemberManagerTest] [INFO] [44] [-----testMemberManager Start.-----]
[2018-01-10 10:03:38:283] [videoyiTestCase.MemberManagerTest] [INFO] [48] [-----testMemberManager 导航：客户管理 OK.-----]
[2018-01-10 10:03:38:299] [videoyiTestCase.MemberManagerTest] [INFO] [54] [-----testMemberManager verify url：http://test.videoyi.cn/member/index-----]
[2018-01-10 10:03:39:299] [videoyiTestCase.MemberManagerTest] [INFO] [58] [-----testMemberManager Success.-----]
[2018-01-10 10:03:40:305] [videoyiTestCase.MemberManagerTest] [INFO] [78] [-----testCreateMember Start.-----]
[2018-01-10 10:03:41:511] [videoyiTestCase.MemberManagerTest] [INFO] [83] [-----testCreateMember 点击新建客户 OK.-----]
[2018-01-10 10:03:42:670] [videoyiTestCase.MemberManagerTest] [INFO] [89] [-----testCreateMember 客户名称 OK.-----]
[2018-01-10 10:04:07:611] [videoyiTestCase.MemberManagerTest] [ERROR] [140] [-----testCreateMember failed.-----]
[2018-01-10 10:04:07:616] [videoyiTestCase.MemberManagerTest] [ERROR] [141] [java.lang.NullPointerException]
[2018-01-10 10:04:08:619] [videoyiTestCase.MemberManagerTest] [INFO] [157] [-----testSearchMember Start.-----]
[2018-01-10 10:04:08:640] [videoyiTestCase.MemberManagerTest] [ERROR] [176] [-----testSearchMember failed.-----]
[2018-01-10 10:04:08:641] [videoyiTestCase.MemberManagerTest] [ERROR] [177] [org.openqa.selenium.NoSuchWindowException: no such window: target window already closed
from unknown error: web view not found
  (Session info: chrome=63.0.3239.132)
  (Driver info: chromedriver=2.30.477700 (0057494ad8732195794a7b32078424f92a5fce41),platform=Windows NT 6.1.7601 SP1 x86_64) (WARNING: The server did not provide any stacktrace information)
Command duration or timeout: 13 milliseconds
Build info: version: '2.52.0', revision: '4c2593c', time: '2016-02-11 19:03:33'
System info: host: 'WIN-UBMLJ97RGF8', ip: '172.16.0.248', os.name: 'Windows 7', os.arch: 'amd64', os.version: '6.1', java.version: '1.8.0_65'
Driver info: org.openqa.selenium.chrome.ChromeDriver
Capabilities [{applicationCacheEnabled=false, rotatable=false, mobileEmulationEnabled=false, networkConnectionEnabled=false, chrome={chromedriverVersion=2.30.477700 (0057494ad8732195794a7b32078424f92a5fce41), userDataDir=C:\Users\ADMINI~1\AppData\Local\Temp\scoped_dir10276_6164}, takesHeapSnapshot=true, pageLoadStrategy=normal, databaseEnabled=false, handlesAlerts=true, hasTouchScreen=false, version=63.0.3239.132, platform=XP, browserConnectionEnabled=false, nativeEvents=true, acceptSslCerts=true, locationContextEnabled=true, webStorageEnabled=true, browserName=chrome, takesScreenshot=true, javascriptEnabled=true, cssSelectorsEnabled=true, unexpectedAlertBehaviour=}]
Session ID: 73d865b88d70e58a442d85f7919c5756
*** Element info: {Using=id, value=username}]
[2018-01-10 10:04:09:655] [videoyiTestCase.MemberManagerTest] [INFO] [193] [-----testEditMember Start.-----]
[2018-01-10 10:04:09:671] [videoyiTestCase.MemberManagerTest] [ERROR] [261] [-----testEditMember failed.-----]
[2018-01-10 10:04:09:672] [videoyiTestCase.MemberManagerTest] [ERROR] [262] [org.openqa.selenium.NoSuchWindowException: no such window: target window already closed
from unknown error: web view not found
  (Session info: chrome=63.0.3239.132)
  (Driver info: chromedriver=2.30.477700 (0057494ad8732195794a7b32078424f92a5fce41),platform=Windows NT 6.1.7601 SP1 x86_64) (WARNING: The server did not provide any stacktrace information)
Command duration or timeout: 15 milliseconds
Build info: version: '2.52.0', revision: '4c2593c', time: '2016-02-11 19:03:33'
System info: host: 'WIN-UBMLJ97RGF8', ip: '172.16.0.248', os.name: 'Windows 7', os.arch: 'amd64', os.version: '6.1', java.version: '1.8.0_65'
Driver info: org.openqa.selenium.chrome.ChromeDriver
Capabilities [{applicationCacheEnabled=false, rotatable=false, mobileEmulationEnabled=false, networkConnectionEnabled=false, chrome={chromedriverVersion=2.30.477700 (0057494ad8732195794a7b32078424f92a5fce41), userDataDir=C:\Users\ADMINI~1\AppData\Local\Temp\scoped_dir10276_6164}, takesHeapSnapshot=true, pageLoadStrategy=normal, databaseEnabled=false, handlesAlerts=true, hasTouchScreen=false, version=63.0.3239.132, platform=XP, browserConnectionEnabled=false, nativeEvents=true, acceptSslCerts=true, locationContextEnabled=true, webStorageEnabled=true, browserName=chrome, takesScreenshot=true, javascriptEnabled=true, cssSelectorsEnabled=true, unexpectedAlertBehaviour=}]
Session ID: 73d865b88d70e58a442d85f7919c5756
*** Element info: {Using=xpath, value=//*[@id='right_middle_a']/div[1]/table/tbody/tr[2]/td[9]/input}]
[2018-01-10 10:04:10:684] [videoyiTestCase.MemberManagerTest] [INFO] [278] [-----testDeleteMemberCancel Start.-----]
[2018-01-10 13:47:21:579] [videoyiAutoTest.VideoyiTestNGMain] [INFO] [44] [# # # # # # # # # # # # # # # # # # # # # # # # # # # ]
[2018-01-10 13:47:21:582] [videoyiAutoTest.VideoyiTestNGMain] [INFO] [45] [# # # # # # # # # #TEST Has Started# # # # # # # # # #]
[2018-01-10 13:47:26:335] [common.DriverManager] [INFO] [43] [# # # # # # # # #Executing on CHROME# # # # # # # # #]
[2018-01-10 13:49:22:745] [videoyiAutoTest.VideoyiTestNGMain] [INFO] [44] [# # # # # # # # # # # # # # # # # # # # # # # # # # # ]
[2018-01-10 13:49:22:748] [videoyiAutoTest.VideoyiTestNGMain] [INFO] [45] [# # # # # # # # # #TEST Has Started# # # # # # # # # #]
[2018-01-10 13:49:22:766] [common.DriverManager] [INFO] [43] [# # # # # # # # #Executing on CHROME# # # # # # # # #]
[2018-01-10 13:49:31:509] [common.DriverManager] [ERROR] [114] [org.openqa.selenium.WebDriverException: disconnected: unable to connect to renderer
  (Session info: chrome=63.0.3239.132)
  (Driver info: chromedriver=2.30.477700 (0057494ad8732195794a7b32078424f92a5fce41),platform=Windows NT 6.1.7601 SP1 x86_64) (WARNING: The server did not provide any stacktrace information)
Command duration or timeout: 2.03 seconds
Build info: version: '2.52.0', revision: '4c2593c', time: '2016-02-11 19:03:33'
System info: host: 'WIN-UBMLJ97RGF8', ip: '172.16.0.248', os.name: 'Windows 7', os.arch: 'amd64', os.version: '6.1', java.version: '1.8.0_65'
Driver info: org.openqa.selenium.chrome.ChromeDriver
Capabilities [{applicationCacheEnabled=false, rotatable=false, mobileEmulationEnabled=false, networkConnectionEnabled=false, chrome={chromedriverVersion=2.30.477700 (0057494ad8732195794a7b32078424f92a5fce41), userDataDir=C:\Users\ADMINI~1\AppData\Local\Temp\scoped_dir10028_4926}, takesHeapSnapshot=true, pageLoadStrategy=normal, databaseEnabled=false, handlesAlerts=true, hasTouchScreen=false, version=63.0.3239.132, platform=XP, browserConnectionEnabled=false, nativeEvents=true, acceptSslCerts=true, locationContextEnabled=true, webStorageEnabled=true, browserName=chrome, takesScreenshot=true, javascriptEnabled=true, cssSelectorsEnabled=true, unexpectedAlertBehaviour=}]
Session ID: 06583d2cbfed20d3bb02bc1e51eb4635]
[2018-01-10 15:39:18:271] [videoyiAutoTest.VideoyiTestNGMain] [INFO] [44] [# # # # # # # # # # # # # # # # # # # # # # # # # # # ]
[2018-01-10 15:39:18:307] [videoyiAutoTest.VideoyiTestNGMain] [INFO] [45] [# # # # # # # # # #TEST Has Started# # # # # # # # # #]
[2018-01-10 15:39:18:328] [common.DriverManager] [INFO] [43] [# # # # # # # # #Executing on CHROME# # # # # # # # #]
[2018-01-10 15:39:53:381] [videoyiAutoTest.VideoyiTestNGMain] [INFO] [57] [# # # # # # # # #Open Test Application# # # # # # # #]
[2018-01-10 15:40:03:897] [videoyiTestCase.VideoyiLoginTest] [INFO] [42] [-----testVideoyiLogin Start.-----]
[2018-01-10 15:40:05:253] [videoyiTestCase.VideoyiLoginTest] [INFO] [50] [-----testVideoyiLogin 输入用户名 OK.-----]
[2018-01-10 15:40:06:396] [videoyiTestCase.VideoyiLoginTest] [INFO] [55] [-----testVideoyiLogin 输入密码 OK.-----]
[2018-01-10 15:40:07:894] [videoyiTestCase.VideoyiLoginTest] [INFO] [60] [-----testVideoyiLogin 点击登录 OK.-----]
[2018-01-10 15:40:11:035] [videoyiTestCase.MemberManagerTest] [INFO] [44] [-----testMemberManager Start.-----]
[2018-01-10 15:40:11:367] [videoyiTestCase.MemberManagerTest] [INFO] [48] [-----testMemberManager 导航：客户管理 OK.-----]
[2018-01-10 15:40:11:384] [videoyiTestCase.MemberManagerTest] [INFO] [54] [-----testMemberManager verify url：http://test.videoyi.cn/member/index-----]
[2018-01-10 15:40:12:385] [videoyiTestCase.MemberManagerTest] [INFO] [58] [-----testMemberManager Success.-----]
[2018-01-10 15:40:13:391] [videoyiTestCase.MemberManagerTest] [INFO] [78] [-----testCreateMember Start.-----]
[2018-01-10 15:40:14:526] [videoyiTestCase.MemberManagerTest] [INFO] [83] [-----testCreateMember 点击新建客户 OK.-----]
[2018-01-10 15:40:15:702] [videoyiTestCase.MemberManagerTest] [INFO] [89] [-----testCreateMember 客户名称 OK.-----]
[2018-01-10 15:40:45:770] [videoyiTestCase.MemberManagerTest] [ERROR] [140] [-----testCreateMember failed.-----]
[2018-01-10 15:40:45:771] [videoyiTestCase.MemberManagerTest] [ERROR] [141] [org.openqa.selenium.NoSuchElementException: no such element: Unable to locate element: {"method":"id","selector":"member_company_name"}
  (Session info: chrome=59.0.3071.104)
  (Driver info: chromedriver=2.30.477700 (0057494ad8732195794a7b32078424f92a5fce41),platform=Windows NT 6.1.7601 SP1 x86_64) (WARNING: The server did not provide any stacktrace information)
Command duration or timeout: 30.06 seconds
For documentation on this error, please visit: http://seleniumhq.org/exceptions/no_such_element.html
Build info: version: '2.52.0', revision: '4c2593c', time: '2016-02-11 19:03:33'
System info: host: 'WIN-UBMLJ97RGF8', ip: '172.16.0.248', os.name: 'Windows 7', os.arch: 'amd64', os.version: '6.1', java.version: '1.8.0_65'
Driver info: org.openqa.selenium.chrome.ChromeDriver
Capabilities [{applicationCacheEnabled=false, rotatable=false, mobileEmulationEnabled=false, networkConnectionEnabled=false, chrome={chromedriverVersion=2.30.477700 (0057494ad8732195794a7b32078424f92a5fce41), userDataDir=C:\Users\ADMINI~1\AppData\Local\Temp\scoped_dir6384_13595}, takesHeapSnapshot=true, pageLoadStrategy=normal, databaseEnabled=false, handlesAlerts=true, hasTouchScreen=false, version=59.0.3071.104, platform=XP, browserConnectionEnabled=false, nativeEvents=true, acceptSslCerts=true, locationContextEnabled=true, webStorageEnabled=true, browserName=chrome, takesScreenshot=true, javascriptEnabled=true, cssSelectorsEnabled=true, unexpectedAlertBehaviour=}]
Session ID: aacab0cfda20874649e778432a663996
*** Element info: {Using=id, value=member_company_name}]
[2018-01-10 15:40:46:782] [videoyiTestCase.MemberManagerTest] [INFO] [157] [-----testSearchMember Start.-----]
[2018-01-10 15:40:48:080] [videoyiTestCase.MemberManagerTest] [INFO] [163] [-----testSearchMember 关键字过滤 OK.-----]
[2018-01-10 15:40:48:273] [videoyiTestCase.MemberManagerTest] [INFO] [169] [-----testSearchMember 取消关键字过滤 OK.-----]
[2018-01-10 15:40:49:274] [videoyiTestCase.MemberManagerTest] [INFO] [173] [-----testSearchMember Success.-----]
[2018-01-10 15:40:50:290] [videoyiTestCase.MemberManagerTest] [INFO] [193] [-----testEditMember Start.-----]
[2018-01-10 15:40:51:465] [videoyiTestCase.MemberManagerTest] [INFO] [199] [-----testEditMember 点击编辑客户 OK.-----]
[2018-01-10 15:40:53:825] [videoyiTestCase.MemberManagerTest] [INFO] [206] [-----testEditMember 编辑客户名称 OK.-----]
[2018-01-10 15:40:55:045] [videoyiTestCase.MemberManagerTest] [INFO] [212] [-----testEditMember 编辑公司名称 OK.-----]
[2018-01-10 15:40:56:273] [videoyiTestCase.MemberManagerTest] [INFO] [217] [-----testEditMember 编辑公司行业 OK.-----]
[2018-01-10 15:40:57:390] [videoyiTestCase.MemberManagerTest] [INFO] [222] [-----testEditMember 编辑公司地区 OK.-----]
[2018-01-10 15:40:58:643] [videoyiTestCase.MemberManagerTest] [INFO] [227] [-----testEditMember 编辑城市 OK.-----]
[2018-01-10 15:40:59:797] [videoyiTestCase.MemberManagerTest] [INFO] [232] [-----testEditMember 编辑区县 OK.-----]
[2018-01-10 15:41:01:024] [videoyiTestCase.MemberManagerTest] [INFO] [238] [-----testEditMember 编辑客户姓名 OK.-----]
[2018-01-10 15:41:02:220] [videoyiTestCase.MemberManagerTest] [INFO] [244] [-----testEditMember 编辑客户电话 OK.-----]
[2018-01-10 15:41:03:443] [videoyiTestCase.MemberManagerTest] [INFO] [250] [-----testEditMember 编辑客户职务 OK.-----]
[2018-01-10 15:41:03:795] [videoyiTestCase.MemberManagerTest] [INFO] [254] [-----testEditMember 点击确定 OK.-----]
[2018-01-10 15:41:04:795] [videoyiTestCase.MemberManagerTest] [INFO] [258] [-----testEditMember Success.-----]
[2018-01-10 15:41:05:811] [videoyiTestCase.MemberManagerTest] [INFO] [278] [-----testDeleteMemberCancel Start.-----]
[2018-01-10 16:21:48:556] [videoyiAutoTest.VideoyiTestNGMain] [INFO] [44] [# # # # # # # # # # # # # # # # # # # # # # # # # # # ]
[2018-01-10 16:21:48:560] [videoyiAutoTest.VideoyiTestNGMain] [INFO] [45] [# # # # # # # # # #TEST Has Started# # # # # # # # # #]
[2018-01-10 16:21:48:563] [common.DriverManager] [INFO] [43] [# # # # # # # # #Executing on CHROME# # # # # # # # #]
[2018-01-10 16:21:57:717] [videoyiAutoTest.VideoyiTestNGMain] [INFO] [57] [# # # # # # # # #Open Test Application# # # # # # # #]
[2018-01-10 16:22:00:736] [videoyiTestCase.VideoyiLoginTest] [INFO] [42] [-----testVideoyiLogin Start.-----]
[2018-01-10 16:22:02:171] [videoyiTestCase.VideoyiLoginTest] [INFO] [50] [-----testVideoyiLogin 输入用户名 OK.-----]
[2018-01-10 16:22:03:305] [videoyiTestCase.VideoyiLoginTest] [INFO] [55] [-----testVideoyiLogin 输入密码 OK.-----]
[2018-01-10 16:22:05:082] [videoyiTestCase.VideoyiLoginTest] [INFO] [60] [-----testVideoyiLogin 点击登录 OK.-----]
[2018-01-10 16:22:08:104] [videoyiTestCase.MemberManagerTest] [INFO] [44] [-----testMemberManager Start.-----]
[2018-01-10 16:22:08:104] [videoyiTestCase.MemberManagerTest] [ERROR] [61] [-----testMemberManager failed.-----]
[2018-01-10 16:22:08:106] [videoyiTestCase.MemberManagerTest] [ERROR] [62] [java.lang.NullPointerException]
[2018-01-10 16:22:09:110] [videoyiTestCase.MemberManagerTest] [INFO] [78] [-----testCreateMember Start.-----]
[2018-01-10 16:22:09:111] [videoyiTestCase.MemberManagerTest] [ERROR] [145] [-----testCreateMember failed.-----]
[2018-01-10 16:22:09:112] [videoyiTestCase.MemberManagerTest] [ERROR] [146] [java.lang.NullPointerException]
[2018-01-10 16:22:10:121] [videoyiTestCase.MemberManagerTest] [INFO] [162] [-----testSearchMember Start.-----]
[2018-01-10 16:22:10:122] [videoyiTestCase.MemberManagerTest] [ERROR] [181] [-----testSearchMember failed.-----]
[2018-01-10 16:22:10:124] [videoyiTestCase.MemberManagerTest] [ERROR] [182] [java.lang.NullPointerException]
[2018-01-10 16:22:11:139] [videoyiTestCase.MemberManagerTest] [INFO] [198] [-----testEditMember Start.-----]
[2018-01-10 16:22:11:140] [videoyiTestCase.MemberManagerTest] [ERROR] [266] [-----testEditMember failed.-----]
[2018-01-10 16:22:11:140] [videoyiTestCase.MemberManagerTest] [ERROR] [267] [java.lang.NullPointerException]
[2018-01-10 16:22:12:145] [videoyiTestCase.MemberManagerTest] [INFO] [283] [-----testDeleteMemberCancel Start.-----]
[2018-01-10 16:22:15:149] [videoyiTestCase.ProductManagerTest] [INFO] [43] [-----testProductManager Start.-----]
[2018-01-10 16:22:15:150] [videoyiTestCase.ProductManagerTest] [ERROR] [57] [-----testProductManager failed.-----]
[2018-01-10 16:22:15:150] [videoyiTestCase.ProductManagerTest] [ERROR] [58] [java.lang.NullPointerException]
[2018-01-10 16:22:16:153] [videoyiTestCase.ProductManagerTest] [INFO] [74] [-----testCreateBaikeProduct Start.-----]
[2018-01-10 16:22:16:153] [videoyiTestCase.ProductManagerTest] [ERROR] [173] [-----testCreateBaikeProduct failed.-----]
[2018-01-10 16:22:16:154] [videoyiTestCase.ProductManagerTest] [ERROR] [174] [java.lang.NullPointerException]
[2018-01-10 16:22:17:166] [videoyiTestCase.ProductManagerTest] [INFO] [190] [-----testEditBaikeProduct Start.-----]
[2018-01-10 16:22:17:166] [videoyiTestCase.ProductManagerTest] [ERROR] [313] [-----testEditBaikeProduct failed.-----]
[2018-01-10 16:22:17:167] [videoyiTestCase.ProductManagerTest] [ERROR] [314] [java.lang.NullPointerException]
[2018-01-10 16:22:18:169] [videoyiTestCase.ProductManagerTest] [INFO] [1758] [-----testDeleteProductCancel Start.-----]
[2018-01-10 16:22:19:176] [videoyiTestCase.ProductManagerTest] [INFO] [330] [-----testCreateGouwuProduct Start.-----]
[2018-01-10 16:22:19:176] [videoyiTestCase.ProductManagerTest] [ERROR] [435] [-----testCreateGouwuProduct failed.-----]
[2018-01-10 16:22:19:176] [videoyiTestCase.ProductManagerTest] [ERROR] [436] [java.lang.NullPointerException]
[2018-01-10 16:22:20:179] [videoyiTestCase.ProductManagerTest] [INFO] [452] [-----testEditGouwuProduct Start.-----]
[2018-01-10 16:22:20:179] [videoyiTestCase.ProductManagerTest] [ERROR] [584] [-----testEditGouwuProduct failed.-----]
[2018-01-10 16:22:20:179] [videoyiTestCase.ProductManagerTest] [ERROR] [585] [java.lang.NullPointerException]
[2018-01-10 16:22:21:183] [videoyiTestCase.ProductManagerTest] [INFO] [601] [-----testCreateHongbaoProduct Start.-----]
[2018-01-10 16:22:21:183] [videoyiTestCase.ProductManagerTest] [ERROR] [698] [-----testCreateHongbaoProduct failed.-----]
[2018-01-10 16:22:21:183] [videoyiTestCase.ProductManagerTest] [ERROR] [699] [java.lang.NullPointerException]
[2018-01-10 16:22:22:193] [videoyiTestCase.ProductManagerTest] [INFO] [715] [-----testEditHongbaoProduct Start.-----]
[2018-01-10 16:22:22:193] [videoyiTestCase.ProductManagerTest] [ERROR] [791] [-----testEditHongbaoProduct failed.-----]
[2018-01-10 16:22:22:193] [videoyiTestCase.ProductManagerTest] [ERROR] [792] [java.lang.NullPointerException]
[2018-01-10 16:22:23:197] [videoyiTestCase.ProductManagerTest] [INFO] [808] [-----testCreateYouhuimaProduct Start.-----]
[2018-01-10 16:22:23:197] [videoyiTestCase.ProductManagerTest] [ERROR] [908] [-----testCreateYouhuimaProduct failed.-----]
[2018-01-10 16:22:23:198] [videoyiTestCase.ProductManagerTest] [ERROR] [909] [java.lang.NullPointerException]
[2018-01-10 16:22:24:202] [videoyiTestCase.ProductManagerTest] [INFO] [925] [-----testEditYouhuimaProduct Start.-----]
[2018-01-10 16:22:24:202] [videoyiTestCase.ProductManagerTest] [ERROR] [1018] [-----testEditYouhuimaProduct failed.-----]
[2018-01-10 16:22:24:202] [videoyiTestCase.ProductManagerTest] [ERROR] [1019] [java.lang.NullPointerException]
[2018-01-10 16:22:25:206] [videoyiTestCase.ProductManagerTest] [INFO] [1035] [-----testCreateToupiaoProduct Start.-----]
[2018-01-10 16:22:25:206] [videoyiTestCase.ProductManagerTest] [ERROR] [1153] [-----testCreateToupiaoProduct failed.-----]
[2018-01-10 16:22:25:207] [videoyiTestCase.ProductManagerTest] [ERROR] [1154] [java.lang.NullPointerException]
[2018-01-10 16:22:26:212] [videoyiTestCase.ProductManagerTest] [INFO] [1170] [-----testEditToupiaoProduct Start.-----]
[2018-01-10 16:22:26:212] [videoyiTestCase.ProductManagerTest] [ERROR] [1254] [-----testEditToupiaoProduct failed.-----]
[2018-01-10 16:22:26:213] [videoyiTestCase.ProductManagerTest] [ERROR] [1255] [java.lang.NullPointerException]
[2018-01-10 16:22:27:215] [videoyiTestCase.ProductManagerTest] [INFO] [1271] [-----testCreateShenzimuProduct Start.-----]
[2018-01-10 16:22:27:215] [videoyiTestCase.ProductManagerTest] [ERROR] [1373] [-----testCreateShenzimuProduct failed.-----]
[2018-01-10 16:22:27:215] [videoyiTestCase.ProductManagerTest] [ERROR] [1374] [java.lang.NullPointerException]
[2018-01-10 16:22:28:219] [videoyiTestCase.ProductManagerTest] [INFO] [1390] [-----testEditShenzimuProduct Start.-----]
[2018-01-10 16:22:28:220] [videoyiTestCase.ProductManagerTest] [ERROR] [1467] [-----testEditShenzimuProduct failed.-----]
[2018-01-10 16:22:28:221] [videoyiTestCase.ProductManagerTest] [ERROR] [1468] [java.lang.NullPointerException]
[2018-01-10 16:22:29:226] [videoyiTestCase.ProductManagerTest] [INFO] [1484] [-----testCreateYishantieProduct Start.-----]
[2018-01-10 16:22:29:226] [videoyiTestCase.ProductManagerTest] [ERROR] [1540] [-----testCreateYishantieProduct failed.-----]
[2018-01-10 16:22:29:226] [videoyiTestCase.ProductManagerTest] [ERROR] [1541] [java.lang.NullPointerException]
[2018-01-10 16:22:30:230] [videoyiTestCase.ProductManagerTest] [INFO] [1557] [-----testEditYishantieProduct Start.-----]
[2018-01-10 16:22:30:230] [videoyiTestCase.ProductManagerTest] [ERROR] [1599] [-----testEditYishantieProduct failed.-----]
[2018-01-10 16:22:30:231] [videoyiTestCase.ProductManagerTest] [ERROR] [1600] [java.lang.NullPointerException]
[2018-01-10 16:22:31:233] [videoyiTestCase.ProductManagerTest] [INFO] [1616] [-----testCreateYishichuangProduct Start.-----]
[2018-01-10 16:22:31:233] [videoyiTestCase.ProductManagerTest] [ERROR] [1677] [-----testCreateYishichuangProduct failed.-----]
[2018-01-10 16:22:31:233] [videoyiTestCase.ProductManagerTest] [ERROR] [1678] [java.lang.NullPointerException]
[2018-01-10 16:22:32:235] [videoyiTestCase.ProductManagerTest] [INFO] [1694] [-----testEditYishichuangProduct Start.-----]
[2018-01-10 16:22:32:235] [videoyiTestCase.ProductManagerTest] [ERROR] [1741] [-----testEditYishichuangProduct failed.-----]
[2018-01-10 16:22:32:235] [videoyiTestCase.ProductManagerTest] [ERROR] [1742] [java.lang.NullPointerException]
[2018-01-10 16:22:33:238] [videoyiTestCase.ProductManagerTest] [INFO] [1827] [-----testSearchProduct Start.-----]
[2018-01-10 16:22:33:240] [videoyiTestCase.ProductManagerTest] [ERROR] [1949] [-----testSearchProduct failed.-----]
[2018-01-10 16:22:33:240] [videoyiTestCase.ProductManagerTest] [ERROR] [1950] [java.lang.NullPointerException]
[2018-01-10 16:22:36:247] [videoyiTestCase.WorkorderManagerTest] [INFO] [48] [-----testWorkorderManager Start.-----]
[2018-01-10 16:22:36:248] [videoyiTestCase.WorkorderManagerTest] [ERROR] [65] [-----testWorkorderManager failed.-----]
[2018-01-10 16:22:36:248] [videoyiTestCase.WorkorderManagerTest] [ERROR] [66] [java.lang.NullPointerException]
[2018-01-10 16:22:37:255] [videoyiTestCase.WorkorderManagerTest] [INFO] [82] [-----testCreateWorkorder Start.-----]
[2018-01-10 16:22:37:255] [videoyiTestCase.WorkorderManagerTest] [ERROR] [171] [-----testCreateWorkorder failed.-----]
[2018-01-10 16:22:37:255] [videoyiTestCase.WorkorderManagerTest] [ERROR] [172] [java.lang.NullPointerException]
[2018-01-10 16:22:38:257] [videoyiTestCase.WorkorderManagerTest] [INFO] [188] [-----testSearchWorkorder Start.-----]
[2018-01-10 16:22:38:257] [videoyiTestCase.WorkorderManagerTest] [ERROR] [273] [-----testSearchWorkorder failed.-----]
[2018-01-10 16:22:38:257] [videoyiTestCase.WorkorderManagerTest] [ERROR] [274] [java.lang.NullPointerException]
[2018-01-10 17:40:26:184] [videoyiAutoTest.VideoyiTestNGMain] [INFO] [44] [# # # # # # # # # # # # # # # # # # # # # # # # # # # ]
[2018-01-10 17:40:26:188] [videoyiAutoTest.VideoyiTestNGMain] [INFO] [45] [# # # # # # # # # #TEST Has Started# # # # # # # # # #]
[2018-01-10 17:40:26:210] [common.DriverManager] [INFO] [43] [# # # # # # # # #Executing on CHROME# # # # # # # # #]
[2018-01-10 17:40:38:259] [videoyiAutoTest.VideoyiTestNGMain] [INFO] [57] [# # # # # # # # #Open Test Application# # # # # # # #]
[2018-01-10 17:40:48:538] [videoyiTestCase.VideoyiLoginTest] [INFO] [42] [-----testVideoyiLogin Start.-----]
[2018-01-10 17:40:49:892] [videoyiTestCase.VideoyiLoginTest] [INFO] [50] [-----testVideoyiLogin 输入用户名 OK.-----]
[2018-01-10 17:40:51:021] [videoyiTestCase.VideoyiLoginTest] [INFO] [55] [-----testVideoyiLogin 输入密码 OK.-----]
[2018-01-10 17:40:52:752] [videoyiTestCase.VideoyiLoginTest] [INFO] [60] [-----testVideoyiLogin 点击登录 OK.-----]
[2018-01-10 17:40:55:780] [videoyiTestCase.MemberManagerTest] [INFO] [44] [-----testMemberManager Start.-----]
[2018-01-10 17:40:56:215] [videoyiTestCase.MemberManagerTest] [INFO] [48] [-----testMemberManager 导航：客户管理 OK.-----]
[2018-01-10 17:40:56:233] [videoyiTestCase.MemberManagerTest] [INFO] [54] [-----testMemberManager verify url：http://test.videoyi.cn/member/index-----]
[2018-01-10 17:40:57:233] [videoyiTestCase.MemberManagerTest] [INFO] [58] [-----testMemberManager Success.-----]
[2018-01-10 17:40:58:240] [videoyiTestCase.MemberManagerTest] [INFO] [78] [-----testCreateMember Start.-----]
[2018-01-10 17:40:59:582] [videoyiTestCase.MemberManagerTest] [INFO] [83] [-----testCreateMember 点击新建客户 OK.-----]
[2018-01-10 17:41:00:760] [videoyiTestCase.MemberManagerTest] [INFO] [89] [-----testCreateMember 客户名称 OK.-----]
[2018-01-10 17:41:01:882] [videoyiTestCase.MemberManagerTest] [INFO] [94] [-----testCreateMember 归属团队 OK.-----]
[2018-01-10 17:41:03:045] [videoyiTestCase.MemberManagerTest] [INFO] [99] [-----testCreateMember 公司名称 OK.-----]
[2018-01-10 17:41:04:201] [videoyiTestCase.MemberManagerTest] [INFO] [104] [-----testCreateMember 公司行业 OK.-----]
[2018-01-10 17:41:05:477] [videoyiTestCase.MemberManagerTest] [INFO] [109] [-----testCreateMember 公司地区 OK.-----]
[2018-01-10 17:41:06:586] [videoyiTestCase.MemberManagerTest] [INFO] [114] [-----testCreateMember 城市 OK.-----]
[2018-01-10 17:41:07:748] [videoyiTestCase.MemberManagerTest] [INFO] [119] [-----testCreateMember 区县 OK.-----]
[2018-01-10 17:41:08:907] [videoyiTestCase.MemberManagerTest] [INFO] [124] [-----testCreateMember 客户姓名 OK.-----]
[2018-01-10 17:41:10:088] [videoyiTestCase.MemberManagerTest] [INFO] [129] [-----testCreateMember 客户电话 OK.-----]
[2018-01-10 17:41:11:258] [videoyiTestCase.MemberManagerTest] [INFO] [134] [-----testCreateMember 客户职务 OK.-----]
[2018-01-10 17:41:11:490] [videoyiTestCase.MemberManagerTest] [INFO] [138] [-----testCreateMember 点击确定 OK.-----]
[2018-01-10 17:41:14:490] [videoyiTestCase.MemberManagerTest] [INFO] [142] [-----testCreateMember Success.-----]
[2018-01-10 17:41:15:493] [videoyiTestCase.MemberManagerTest] [INFO] [162] [-----testSearchMember Start.-----]
[2018-01-10 17:41:16:822] [videoyiTestCase.MemberManagerTest] [INFO] [168] [-----testSearchMember 关键字过滤 OK.-----]
[2018-01-10 17:41:17:010] [videoyiTestCase.MemberManagerTest] [INFO] [174] [-----testSearchMember 取消关键字过滤 OK.-----]
[2018-01-10 17:41:18:010] [videoyiTestCase.MemberManagerTest] [INFO] [178] [-----testSearchMember Success.-----]
[2018-01-10 17:41:19:015] [videoyiTestCase.MemberManagerTest] [INFO] [198] [-----testEditMember Start.-----]
[2018-01-10 17:41:20:280] [videoyiTestCase.MemberManagerTest] [INFO] [204] [-----testEditMember 点击编辑客户 OK.-----]
[2018-01-10 17:41:21:509] [videoyiTestCase.MemberManagerTest] [INFO] [211] [-----testEditMember 编辑客户名称 OK.-----]
[2018-01-10 17:41:22:747] [videoyiTestCase.MemberManagerTest] [INFO] [217] [-----testEditMember 编辑公司名称 OK.-----]
[2018-01-10 17:41:23:933] [videoyiTestCase.MemberManagerTest] [INFO] [222] [-----testEditMember 编辑公司行业 OK.-----]
[2018-01-10 17:41:25:037] [videoyiTestCase.MemberManagerTest] [INFO] [227] [-----testEditMember 编辑公司地区 OK.-----]
[2018-01-10 17:41:26:249] [videoyiTestCase.MemberManagerTest] [INFO] [232] [-----testEditMember 编辑城市 OK.-----]
[2018-01-10 17:41:27:421] [videoyiTestCase.MemberManagerTest] [INFO] [237] [-----testEditMember 编辑区县 OK.-----]
[2018-01-10 17:41:28:638] [videoyiTestCase.MemberManagerTest] [INFO] [243] [-----testEditMember 编辑客户姓名 OK.-----]
[2018-01-10 17:41:29:861] [videoyiTestCase.MemberManagerTest] [INFO] [249] [-----testEditMember 编辑客户电话 OK.-----]
[2018-01-10 17:41:31:104] [videoyiTestCase.MemberManagerTest] [INFO] [255] [-----testEditMember 编辑客户职务 OK.-----]
[2018-01-10 17:41:31:504] [videoyiTestCase.MemberManagerTest] [INFO] [259] [-----testEditMember 点击确定 OK.-----]
[2018-01-10 17:41:32:505] [videoyiTestCase.MemberManagerTest] [INFO] [263] [-----testEditMember Success.-----]
[2018-01-10 17:41:33:507] [videoyiTestCase.MemberManagerTest] [INFO] [283] [-----testDeleteMemberCancel Start.-----]
[2018-01-10 17:41:40:815] [common.DriverUtility] [INFO] [69] [----- Alert Text: 确认删除此客户吗？-----]
[2018-01-10 17:41:40:819] [videoyiTestCase.MemberManagerTest] [INFO] [291] [-----testDeleteMemberCancel 点击删除取消 OK.-----]
[2018-01-10 17:41:48:396] [videoyiTestCase.MemberManagerTest] [INFO] [295] [-----testDeleteMemberCancel Success.-----]
[2018-01-10 17:41:51:399] [videoyiTestCase.ProductManagerTest] [INFO] [43] [-----testProductManager Start.-----]
[2018-01-10 17:41:52:229] [videoyiTestCase.ProductManagerTest] [INFO] [50] [-----testProductManager verify url：http://test.videoyi.cn/product/index-----]
[2018-01-10 17:41:53:229] [videoyiTestCase.ProductManagerTest] [INFO] [54] [-----testProductManager Success.-----]
[2018-01-10 17:41:54:234] [videoyiTestCase.ProductManagerTest] [INFO] [74] [-----testCreateBaikeProduct Start.-----]
[2018-01-10 17:41:57:345] [videoyiTestCase.ProductManagerTest] [INFO] [79] [-----testCreateGouwuProduct 创建物料页显示 OK.-----]
[2018-01-10 18:01:05:897] [videoyiAutoTest.VideoyiTestNGMain] [INFO] [44] [# # # # # # # # # # # # # # # # # # # # # # # # # # # ]
[2018-01-10 18:01:05:900] [videoyiAutoTest.VideoyiTestNGMain] [INFO] [45] [# # # # # # # # # #TEST Has Started# # # # # # # # # #]
[2018-01-10 18:01:05:902] [common.DriverManager] [INFO] [43] [# # # # # # # # #Executing on CHROME# # # # # # # # #]
[2018-01-10 18:01:14:866] [videoyiAutoTest.VideoyiTestNGMain] [INFO] [57] [# # # # # # # # #Open Test Application# # # # # # # #]
[2018-01-10 18:01:17:883] [videoyiTestCase.VideoyiLoginTest] [INFO] [42] [-----testVideoyiLogin Start.-----]
[2018-01-10 18:01:19:867] [videoyiTestCase.VideoyiLoginTest] [INFO] [50] [-----testVideoyiLogin 输入用户名 OK.-----]
[2018-01-10 18:01:20:997] [videoyiTestCase.VideoyiLoginTest] [INFO] [55] [-----testVideoyiLogin 输入密码 OK.-----]
[2018-01-10 18:01:22:913] [videoyiTestCase.VideoyiLoginTest] [INFO] [60] [-----testVideoyiLogin 点击登录 OK.-----]
[2018-01-10 18:01:23:928] [videoyiTestCase.MemberManagerTest] [INFO] [78] [-----testCreateMember Start.-----]
[2018-01-10 18:01:54:007] [videoyiTestCase.MemberManagerTest] [ERROR] [145] [-----testCreateMember failed.-----]
[2018-01-10 18:01:54:007] [videoyiTestCase.MemberManagerTest] [ERROR] [146] [org.openqa.selenium.NoSuchElementException: no such element: Unable to locate element: {"method":"xpath","selector":"//*[@id='mainzsy']/tbody/tr/td[2]/div/div[2]/div[3]/input"}
  (Session info: chrome=59.0.3071.104)
  (Driver info: chromedriver=2.30.477700 (0057494ad8732195794a7b32078424f92a5fce41),platform=Windows NT 6.1.7601 SP1 x86_64) (WARNING: The server did not provide any stacktrace information)
Command duration or timeout: 30.04 seconds
For documentation on this error, please visit: http://seleniumhq.org/exceptions/no_such_element.html
Build info: version: '2.52.0', revision: '4c2593c', time: '2016-02-11 19:03:33'
System info: host: 'WIN-UBMLJ97RGF8', ip: '172.16.0.248', os.name: 'Windows 7', os.arch: 'amd64', os.version: '6.1', java.version: '1.8.0_65'
Driver info: org.openqa.selenium.chrome.ChromeDriver
Capabilities [{applicationCacheEnabled=false, rotatable=false, mobileEmulationEnabled=false, networkConnectionEnabled=false, chrome={chromedriverVersion=2.30.477700 (0057494ad8732195794a7b32078424f92a5fce41), userDataDir=C:\Users\ADMINI~1\AppData\Local\Temp\scoped_dir9700_15776}, takesHeapSnapshot=true, pageLoadStrategy=normal, databaseEnabled=false, handlesAlerts=true, hasTouchScreen=false, version=59.0.3071.104, platform=XP, browserConnectionEnabled=false, nativeEvents=true, acceptSslCerts=true, locationContextEnabled=true, webStorageEnabled=true, browserName=chrome, takesScreenshot=true, javascriptEnabled=true, cssSelectorsEnabled=true, unexpectedAlertBehaviour=}]
Session ID: bb90abaa585b2d6f23d7068407984cd0
*** Element info: {Using=xpath, value=//*[@id='mainzsy']/tbody/tr/td[2]/div/div[2]/div[3]/input}]
[2018-01-10 18:01:55:022] [videoyiTestCase.MemberManagerTest] [INFO] [283] [-----testDeleteMemberCancel Start.-----]
[2018-01-10 18:02:26:075] [videoyiTestCase.MemberManagerTest] [INFO] [315] [-----testDeleteMemberOK Start.-----]
[2018-01-10 18:02:39:598] [videoyiAutoTest.VideoyiTestNGMain] [INFO] [44] [# # # # # # # # # # # # # # # # # # # # # # # # # # # ]
[2018-01-10 18:02:39:600] [videoyiAutoTest.VideoyiTestNGMain] [INFO] [45] [# # # # # # # # # #TEST Has Started# # # # # # # # # #]
[2018-01-10 18:02:39:622] [common.DriverManager] [INFO] [43] [# # # # # # # # #Executing on CHROME# # # # # # # # #]
[2018-01-10 18:02:48:706] [videoyiAutoTest.VideoyiTestNGMain] [INFO] [57] [# # # # # # # # #Open Test Application# # # # # # # #]
[2018-01-10 18:02:51:764] [videoyiTestCase.VideoyiLoginTest] [INFO] [42] [-----testVideoyiLogin Start.-----]
[2018-01-10 18:02:53:411] [videoyiTestCase.VideoyiLoginTest] [INFO] [50] [-----testVideoyiLogin 输入用户名 OK.-----]
[2018-01-10 18:02:54:612] [videoyiTestCase.VideoyiLoginTest] [INFO] [55] [-----testVideoyiLogin 输入密码 OK.-----]
[2018-01-10 18:02:56:132] [videoyiTestCase.VideoyiLoginTest] [INFO] [60] [-----testVideoyiLogin 点击登录 OK.-----]
[2018-01-10 18:02:59:154] [videoyiTestCase.ProductManagerTest] [INFO] [43] [-----testProductManager Start.-----]
[2018-01-10 18:02:59:877] [videoyiTestCase.ProductManagerTest] [INFO] [50] [-----testProductManager verify url：http://test.videoyi.cn/product/index-----]
[2018-01-10 18:03:00:878] [videoyiTestCase.ProductManagerTest] [INFO] [54] [-----testProductManager Success.-----]
[2018-01-10 18:03:01:885] [videoyiTestCase.ProductManagerTest] [INFO] [1484] [-----testCreateYishantieProduct Start.-----]
[2018-01-10 18:03:05:961] [videoyiTestCase.ProductManagerTest] [INFO] [1489] [-----testCreateGouwuProduct 创建物料页显示 OK.-----]
[2018-01-10 18:03:07:072] [videoyiTestCase.ProductManagerTest] [INFO] [1495] [-----testCreateGouwuProduct 易植贴信息页显示 OK.-----]
[2018-01-10 18:03:08:333] [videoyiTestCase.ProductManagerTest] [INFO] [1505] [-----testCreateYishantieProduct 团队归属 OK.-----]
[2018-01-10 18:03:09:503] [videoyiTestCase.ProductManagerTest] [INFO] [1510] [-----testCreateYishantieProduct 客户归属 OK.-----]
[2018-01-10 18:03:10:675] [videoyiTestCase.ProductManagerTest] [INFO] [1515] [-----testCreateYishantieProduct 归属平台 OK.-----]
[2018-01-10 18:03:11:965] [videoyiTestCase.ProductManagerTest] [INFO] [1521] [-----testCreateYishantieProduct 物料名称 OK.-----]
[2018-01-10 18:03:13:152] [videoyiTestCase.ProductManagerTest] [INFO] [1526] [-----testCreateYishantieProduct 物料分类 OK.-----]
[2018-01-10 18:03:14:310] [videoyiTestCase.ProductManagerTest] [INFO] [1532] [-----testCreateYishantieProduct 跳转链接:空 OK.-----]
[2018-01-10 18:03:18:607] [videoyiTestCase.ProductManagerTest] [INFO] [1536] [-----testCreateYishantieProduct 添加易植贴 OK.-----]
[2018-01-10 18:03:20:416] [videoyiTestCase.ProductManagerTest] [INFO] [1541] [-----testCreateYishantieProduct 确定 OK.-----]
[2018-01-10 18:03:20:453] [common.DriverUtility] [INFO] [69] [----- Alert Text: 物料创建成功！-----]
[2018-01-10 18:03:20:867] [videoyiTestCase.ProductManagerTest] [INFO] [1548] [-----testCreateYishantieProduct verify url：http://test.videoyi.cn/product/index-----]
[2018-01-10 18:03:23:867] [videoyiTestCase.ProductManagerTest] [INFO] [1552] [-----testCreateYishantieProduct Success.-----]
[2018-01-10 18:03:24:871] [videoyiTestCase.ProductManagerTest] [INFO] [1573] [-----testEditYishantieProduct Start.-----]
[2018-01-10 18:03:54:906] [videoyiTestCase.ProductManagerTest] [ERROR] [1615] [-----testEditYishantieProduct failed.-----]
[2018-01-10 18:03:54:906] [videoyiTestCase.ProductManagerTest] [ERROR] [1616] [org.openqa.selenium.NoSuchElementException: no such element: Unable to locate element: {"method":"xpath","selector":"//*[@id='product_list']/table/tbody/tr[2]/td[7]/span/img"}
  (Session info: chrome=59.0.3071.104)
  (Driver info: chromedriver=2.30.477700 (0057494ad8732195794a7b32078424f92a5fce41),platform=Windows NT 6.1.7601 SP1 x86_64) (WARNING: The server did not provide any stacktrace information)
Command duration or timeout: 30.03 seconds
For documentation on this error, please visit: http://seleniumhq.org/exceptions/no_such_element.html
Build info: version: '2.52.0', revision: '4c2593c', time: '2016-02-11 19:03:33'
System info: host: 'WIN-UBMLJ97RGF8', ip: '172.16.0.248', os.name: 'Windows 7', os.arch: 'amd64', os.version: '6.1', java.version: '1.8.0_65'
Driver info: org.openqa.selenium.chrome.ChromeDriver
Capabilities [{applicationCacheEnabled=false, rotatable=false, mobileEmulationEnabled=false, networkConnectionEnabled=false, chrome={chromedriverVersion=2.30.477700 (0057494ad8732195794a7b32078424f92a5fce41), userDataDir=C:\Users\ADMINI~1\AppData\Local\Temp\scoped_dir11176_17311}, takesHeapSnapshot=true, pageLoadStrategy=normal, databaseEnabled=false, handlesAlerts=true, hasTouchScreen=false, version=59.0.3071.104, platform=XP, browserConnectionEnabled=false, nativeEvents=true, acceptSslCerts=true, locationContextEnabled=true, webStorageEnabled=true, browserName=chrome, takesScreenshot=true, javascriptEnabled=true, cssSelectorsEnabled=true, unexpectedAlertBehaviour=}]
Session ID: b4e1b6daa6096735ea1e07473ffede3b
*** Element info: {Using=xpath, value=//*[@id='product_list']/table/tbody/tr[2]/td[7]/span/img}]
[2018-01-10 18:03:55:919] [videoyiTestCase.ProductManagerTest] [INFO] [1790] [-----testDeleteProductCancel Start.-----]
[2018-01-10 18:04:26:977] [videoyiTestCase.ProductManagerTest] [INFO] [1632] [-----testCreateYishichuangProduct Start.-----]
[2018-01-10 18:04:30:537] [videoyiTestCase.ProductManagerTest] [INFO] [1637] [-----testCreateGouwuProduct 创建物料页显示 OK.-----]
[2018-01-10 18:04:31:668] [videoyiTestCase.ProductManagerTest] [INFO] [1643] [-----testCreateGouwuProduct 动态视窗信息页显示 OK.-----]
[2018-01-10 18:04:32:954] [videoyiTestCase.ProductManagerTest] [INFO] [1653] [-----testCreateYishichuangProduct 团队归属 OK.-----]
[2018-01-10 18:04:34:128] [videoyiTestCase.ProductManagerTest] [INFO] [1658] [-----testCreateYishichuangProduct 客户归属 OK.-----]
[2018-01-10 18:04:35:302] [videoyiTestCase.ProductManagerTest] [INFO] [1663] [-----testCreateYishichuangProduct 归属平台 OK.-----]
[2018-01-10 18:04:36:569] [videoyiTestCase.ProductManagerTest] [INFO] [1669] [-----testCreateYishichuangProduct 物料名称 OK.-----]
[2018-01-10 18:04:37:738] [videoyiTestCase.ProductManagerTest] [INFO] [1674] [-----testCreateYishichuangProduct 物料分类 OK.-----]
[2018-01-10 18:04:38:881] [videoyiTestCase.ProductManagerTest] [INFO] [1680] [-----testCreateYishichuangProduct 跳转链接:空 OK.-----]
[2018-01-10 18:04:43:030] [videoyiTestCase.ProductManagerTest] [INFO] [1687] [-----testCreateYishichuangProduct 动态视窗素材上传 OK.-----]
[2018-01-10 18:04:50:203] [videoyiTestCase.ProductManagerTest] [INFO] [1694] [-----testCreateYishichuangProduct 确定 OK.-----]
[2018-01-10 18:04:50:229] [common.DriverUtility] [INFO] [69] [----- Alert Text: 物料创建成功！-----]
[2018-01-10 18:04:50:667] [videoyiTestCase.ProductManagerTest] [INFO] [1701] [-----testCreateYishichuangProduct verify url：http://test.videoyi.cn/product/index-----]
[2018-01-10 18:04:53:667] [videoyiTestCase.ProductManagerTest] [INFO] [1705] [-----testCreateYishichuangProduct Success.-----]
[2018-01-10 18:04:54:670] [videoyiTestCase.ProductManagerTest] [INFO] [1726] [-----testEditYishichuangProduct Start.-----]
